2025-01-29T12:41:41+00:00 DEBUG Tt4b_Pixel_Class::inject_add_to_cart_event: hit AddToCart
2025-01-29T12:41:41+00:00 DEBUG Tt4b_Pixel_Class::inject_add_to_cart_event: Missing option "access_token"
2025-01-29T12:41:48+00:00 DEBUG Tt4b_Pixel_Class::inject_initiate_checkout_event: hit InitiateCheckout
2025-01-29T12:41:48+00:00 DEBUG Tt4b_Pixel_Class::inject_initiate_checkout_event: Missing option "access_token"
2025-01-29T12:43:45+00:00 DEBUG Tt4b_Pixel_Class::inject_purchase_event: hit Purchase
2025-01-29T12:43:45+00:00 DEBUG Tt4b_Pixel_Class::inject_purchase_event: Missing option "access_token"
2025-01-29T12:43:48+00:00 DEBUG Tt4b_Pixel_Class::inject_purchase_event: hit Purchase
2025-01-29T12:43:48+00:00 DEBUG Tt4b_Pixel_Class::inject_purchase_event: Missing option "access_token"
2025-01-29T15:54:22+00:00 DEBUG Tt4b_Pixel_Class::inject_add_to_cart_event: hit AddToCart
2025-01-29T15:54:22+00:00 DEBUG Tt4b_Pixel_Class::inject_add_to_cart_event: Missing option "access_token"
2025-01-29T15:54:23+00:00 DEBUG Tt4b_Pixel_Class::inject_initiate_checkout_event: hit InitiateCheckout
2025-01-29T15:54:23+00:00 DEBUG Tt4b_Pixel_Class::inject_initiate_checkout_event: Missing option "access_token"
2025-01-29T15:55:17+00:00 DEBUG Tt4b_Pixel_Class::inject_purchase_event: hit Purchase
2025-01-29T15:55:17+00:00 DEBUG Tt4b_Pixel_Class::inject_purchase_event: Missing option "access_token"
2025-01-29T15:55:20+00:00 DEBUG Tt4b_Pixel_Class::inject_purchase_event: hit Purchase
2025-01-29T15:55:20+00:00 DEBUG Tt4b_Pixel_Class::inject_purchase_event: Missing option "access_token"
2025-01-29T16:21:42+00:00 DEBUG Tt4b_Pixel_Class::inject_add_to_cart_event: hit AddToCart
2025-01-29T16:21:42+00:00 DEBUG Tt4b_Pixel_Class::inject_add_to_cart_event: Missing option "access_token"
2025-01-29T16:21:44+00:00 DEBUG Tt4b_Pixel_Class::inject_initiate_checkout_event: hit InitiateCheckout
2025-01-29T16:21:44+00:00 DEBUG Tt4b_Pixel_Class::inject_initiate_checkout_event: Missing option "access_token"
2025-01-29T16:22:27+00:00 DEBUG Tt4b_Pixel_Class::inject_purchase_event: hit Purchase
2025-01-29T16:22:27+00:00 DEBUG Tt4b_Pixel_Class::inject_purchase_event: Missing option "access_token"
2025-01-29T16:22:30+00:00 DEBUG Tt4b_Pixel_Class::inject_purchase_event: hit Purchase
2025-01-29T16:22:30+00:00 DEBUG Tt4b_Pixel_Class::inject_purchase_event: Missing option "access_token"
2025-01-29T16:26:32+00:00 DEBUG Tt4b_Pixel_Class::inject_add_to_cart_event: hit AddToCart
2025-01-29T16:26:32+00:00 DEBUG Tt4b_Pixel_Class::inject_add_to_cart_event: Missing option "access_token"
2025-01-29T16:26:34+00:00 DEBUG Tt4b_Pixel_Class::inject_initiate_checkout_event: hit InitiateCheckout
2025-01-29T16:26:34+00:00 DEBUG Tt4b_Pixel_Class::inject_initiate_checkout_event: Missing option "access_token"
2025-01-29T16:27:13+00:00 DEBUG Tt4b_Pixel_Class::inject_purchase_event: hit Purchase
2025-01-29T16:27:13+00:00 DEBUG Tt4b_Pixel_Class::inject_purchase_event: Missing option "access_token"
2025-01-29T16:27:15+00:00 DEBUG Tt4b_Pixel_Class::inject_purchase_event: hit Purchase
2025-01-29T16:27:15+00:00 DEBUG Tt4b_Pixel_Class::inject_purchase_event: Missing option "access_token"
