2025-01-30T10:14:30+00:00 DEBUG Tt4b_Pixel_Class::inject_add_to_cart_event: hit AddToCart
2025-01-30T10:14:30+00:00 DEBUG Tt4b_Pixel_Class::inject_add_to_cart_event: Missing option "access_token"
2025-01-30T10:14:31+00:00 DEBUG Tt4b_Pixel_Class::inject_initiate_checkout_event: hit InitiateCheckout
2025-01-30T10:14:31+00:00 DEBUG Tt4b_Pixel_Class::inject_initiate_checkout_event: Missing option "access_token"
2025-01-30T10:15:30+00:00 DEBUG Tt4b_Pixel_Class::inject_purchase_event: hit Purchase
2025-01-30T10:15:30+00:00 DEBUG Tt4b_Pixel_Class::inject_purchase_event: Missing option "access_token"
2025-01-30T10:15:32+00:00 DEBUG Tt4b_Pixel_Class::inject_purchase_event: hit Purchase
2025-01-30T10:15:32+00:00 DEBUG Tt4b_Pixel_Class::inject_purchase_event: Missing option "access_token"
2025-01-30T10:27:07+00:00 DEBUG Tt4b_Pixel_Class::inject_add_to_cart_event: hit AddToCart
2025-01-30T10:27:07+00:00 DEBUG Tt4b_Pixel_Class::inject_add_to_cart_event: Missing option "access_token"
2025-01-30T10:27:08+00:00 DEBUG Tt4b_Pixel_Class::inject_initiate_checkout_event: hit InitiateCheckout
2025-01-30T10:27:08+00:00 DEBUG Tt4b_Pixel_Class::inject_initiate_checkout_event: Missing option "access_token"
2025-01-30T10:27:55+00:00 DEBUG Tt4b_Pixel_Class::inject_purchase_event: hit Purchase
2025-01-30T10:27:55+00:00 DEBUG Tt4b_Pixel_Class::inject_purchase_event: Missing option "access_token"
2025-01-30T10:27:57+00:00 DEBUG Tt4b_Pixel_Class::inject_purchase_event: hit Purchase
2025-01-30T10:27:57+00:00 DEBUG Tt4b_Pixel_Class::inject_purchase_event: Missing option "access_token"
2025-01-30T10:44:16+00:00 DEBUG Tt4b_Pixel_Class::inject_purchase_event: hit Purchase
2025-01-30T10:44:16+00:00 DEBUG Tt4b_Pixel_Class::inject_purchase_event: Missing option "access_token"
2025-01-30T10:44:30+00:00 DEBUG Tt4b_Pixel_Class::inject_purchase_event: hit Purchase
2025-01-30T10:44:30+00:00 DEBUG Tt4b_Pixel_Class::inject_purchase_event: Missing option "access_token"
2025-01-30T10:44:38+00:00 DEBUG Tt4b_Pixel_Class::inject_purchase_event: hit Purchase
2025-01-30T10:44:38+00:00 DEBUG Tt4b_Pixel_Class::inject_purchase_event: Missing option "access_token"
2025-01-30T10:44:57+00:00 DEBUG Tt4b_Pixel_Class::inject_purchase_event: hit Purchase
2025-01-30T10:44:57+00:00 DEBUG Tt4b_Pixel_Class::inject_purchase_event: Missing option "access_token"
2025-01-30T10:45:57+00:00 DEBUG Tt4b_Pixel_Class::inject_purchase_event: hit Purchase
2025-01-30T10:45:57+00:00 DEBUG Tt4b_Pixel_Class::inject_purchase_event: Missing option "access_token"
2025-01-30T10:46:04+00:00 DEBUG Tt4b_Pixel_Class::inject_purchase_event: hit Purchase
2025-01-30T10:46:04+00:00 DEBUG Tt4b_Pixel_Class::inject_purchase_event: Missing option "access_token"
2025-01-30T10:47:56+00:00 DEBUG Tt4b_Pixel_Class::inject_purchase_event: hit Purchase
2025-01-30T10:47:56+00:00 DEBUG Tt4b_Pixel_Class::inject_purchase_event: Missing option "access_token"
2025-01-30T10:48:02+00:00 DEBUG Tt4b_Pixel_Class::inject_purchase_event: hit Purchase
2025-01-30T10:48:02+00:00 DEBUG Tt4b_Pixel_Class::inject_purchase_event: Missing option "access_token"
2025-01-30T10:48:05+00:00 DEBUG Tt4b_Pixel_Class::inject_purchase_event: hit Purchase
2025-01-30T10:48:05+00:00 DEBUG Tt4b_Pixel_Class::inject_purchase_event: Missing option "access_token"
2025-01-30T10:48:40+00:00 DEBUG Tt4b_Pixel_Class::inject_purchase_event: hit Purchase
2025-01-30T10:48:40+00:00 DEBUG Tt4b_Pixel_Class::inject_purchase_event: Missing option "access_token"
2025-01-30T10:49:00+00:00 DEBUG Tt4b_Pixel_Class::inject_purchase_event: hit Purchase
2025-01-30T10:49:00+00:00 DEBUG Tt4b_Pixel_Class::inject_purchase_event: Missing option "access_token"
2025-01-30T10:49:25+00:00 DEBUG Tt4b_Pixel_Class::inject_purchase_event: hit Purchase
2025-01-30T10:49:25+00:00 DEBUG Tt4b_Pixel_Class::inject_purchase_event: Missing option "access_token"
2025-01-30T10:49:47+00:00 DEBUG Tt4b_Pixel_Class::inject_purchase_event: hit Purchase
2025-01-30T10:49:47+00:00 DEBUG Tt4b_Pixel_Class::inject_purchase_event: Missing option "access_token"
2025-01-30T10:50:16+00:00 DEBUG Tt4b_Pixel_Class::inject_purchase_event: hit Purchase
2025-01-30T10:50:16+00:00 DEBUG Tt4b_Pixel_Class::inject_purchase_event: Missing option "access_token"
2025-01-30T10:50:34+00:00 DEBUG Tt4b_Pixel_Class::inject_purchase_event: hit Purchase
2025-01-30T10:50:34+00:00 DEBUG Tt4b_Pixel_Class::inject_purchase_event: Missing option "access_token"
2025-01-30T10:50:49+00:00 DEBUG Tt4b_Pixel_Class::inject_purchase_event: hit Purchase
2025-01-30T10:50:49+00:00 DEBUG Tt4b_Pixel_Class::inject_purchase_event: Missing option "access_token"
2025-01-30T10:50:57+00:00 DEBUG Tt4b_Pixel_Class::inject_purchase_event: hit Purchase
2025-01-30T10:50:57+00:00 DEBUG Tt4b_Pixel_Class::inject_purchase_event: Missing option "access_token"
2025-01-30T10:51:58+00:00 DEBUG Tt4b_Pixel_Class::inject_purchase_event: hit Purchase
2025-01-30T10:51:58+00:00 DEBUG Tt4b_Pixel_Class::inject_purchase_event: Missing option "access_token"
2025-01-30T10:52:10+00:00 DEBUG Tt4b_Pixel_Class::inject_purchase_event: hit Purchase
2025-01-30T10:52:10+00:00 DEBUG Tt4b_Pixel_Class::inject_purchase_event: Missing option "access_token"
2025-01-30T10:52:28+00:00 DEBUG Tt4b_Pixel_Class::inject_purchase_event: hit Purchase
2025-01-30T10:52:28+00:00 DEBUG Tt4b_Pixel_Class::inject_purchase_event: Missing option "access_token"
2025-01-30T10:52:38+00:00 DEBUG Tt4b_Pixel_Class::inject_purchase_event: hit Purchase
2025-01-30T10:52:38+00:00 DEBUG Tt4b_Pixel_Class::inject_purchase_event: Missing option "access_token"
2025-01-30T10:53:46+00:00 DEBUG Tt4b_Pixel_Class::inject_purchase_event: hit Purchase
2025-01-30T10:53:46+00:00 DEBUG Tt4b_Pixel_Class::inject_purchase_event: Missing option "access_token"
2025-01-30T10:54:11+00:00 DEBUG Tt4b_Pixel_Class::inject_purchase_event: hit Purchase
2025-01-30T10:54:11+00:00 DEBUG Tt4b_Pixel_Class::inject_purchase_event: Missing option "access_token"
2025-01-30T10:54:46+00:00 DEBUG Tt4b_Pixel_Class::inject_purchase_event: hit Purchase
2025-01-30T10:54:46+00:00 DEBUG Tt4b_Pixel_Class::inject_purchase_event: Missing option "access_token"
2025-01-30T10:55:06+00:00 DEBUG Tt4b_Pixel_Class::inject_purchase_event: hit Purchase
2025-01-30T10:55:06+00:00 DEBUG Tt4b_Pixel_Class::inject_purchase_event: Missing option "access_token"
2025-01-30T10:56:04+00:00 DEBUG Tt4b_Pixel_Class::inject_purchase_event: hit Purchase
2025-01-30T10:56:04+00:00 DEBUG Tt4b_Pixel_Class::inject_purchase_event: Missing option "access_token"
2025-01-30T10:58:04+00:00 DEBUG Tt4b_Pixel_Class::inject_purchase_event: hit Purchase
2025-01-30T10:58:04+00:00 DEBUG Tt4b_Pixel_Class::inject_purchase_event: Missing option "access_token"
2025-01-30T10:58:19+00:00 DEBUG Tt4b_Pixel_Class::inject_purchase_event: hit Purchase
2025-01-30T10:58:19+00:00 DEBUG Tt4b_Pixel_Class::inject_purchase_event: Missing option "access_token"
2025-01-30T11:45:36+00:00 DEBUG Tt4b_Pixel_Class::inject_add_to_cart_event: hit AddToCart
2025-01-30T11:45:36+00:00 DEBUG Tt4b_Pixel_Class::inject_add_to_cart_event: Missing option "access_token"
2025-01-30T11:45:38+00:00 DEBUG Tt4b_Pixel_Class::inject_initiate_checkout_event: hit InitiateCheckout
2025-01-30T11:45:38+00:00 DEBUG Tt4b_Pixel_Class::inject_initiate_checkout_event: Missing option "access_token"
2025-01-30T11:46:28+00:00 DEBUG Tt4b_Pixel_Class::inject_purchase_event: hit Purchase
2025-01-30T11:46:28+00:00 DEBUG Tt4b_Pixel_Class::inject_purchase_event: Missing option "access_token"
2025-01-30T11:46:31+00:00 DEBUG Tt4b_Pixel_Class::inject_purchase_event: hit Purchase
2025-01-30T11:46:31+00:00 DEBUG Tt4b_Pixel_Class::inject_purchase_event: Missing option "access_token"
