2025-01-20T06:10:24+00:00 DEBUG Tt4b_Pixel_Class::inject_add_to_cart_event: hit AddToCart
2025-01-20T06:10:24+00:00 DEBUG Tt4b_Pixel_Class::inject_add_to_cart_event: Missing option "access_token"
2025-01-20T06:10:26+00:00 DEBUG Tt4b_Pixel_Class::inject_initiate_checkout_event: hit InitiateCheckout
2025-01-20T06:10:26+00:00 DEBUG Tt4b_Pixel_Class::inject_initiate_checkout_event: Missing option "access_token"
2025-01-20T06:11:00+00:00 DEBUG Tt4b_Pixel_Class::inject_add_to_cart_event: hit AddToCart
2025-01-20T06:11:00+00:00 DEBUG Tt4b_Pixel_Class::inject_add_to_cart_event: Missing option "access_token"
2025-01-20T06:11:02+00:00 DEBUG Tt4b_Pixel_Class::inject_initiate_checkout_event: hit InitiateCheckout
2025-01-20T06:11:02+00:00 DEBUG Tt4b_Pixel_Class::inject_initiate_checkout_event: Missing option "access_token"
2025-01-20T06:26:13+00:00 DEBUG Tt4b_Pixel_Class::inject_purchase_event: hit Purchase
2025-01-20T06:26:13+00:00 DEBUG Tt4b_Pixel_Class::inject_purchase_event: Missing option "access_token"
2025-01-20T06:26:15+00:00 DEBUG Tt4b_Pixel_Class::inject_purchase_event: hit Purchase
2025-01-20T06:26:15+00:00 DEBUG Tt4b_Pixel_Class::inject_purchase_event: Missing option "access_token"
2025-01-20T09:42:06+00:00 DEBUG Tt4b_Pixel_Class::inject_add_to_cart_event: hit AddToCart
2025-01-20T09:42:06+00:00 DEBUG Tt4b_Pixel_Class::inject_add_to_cart_event: Missing option "access_token"
2025-01-20T09:42:22+00:00 DEBUG Tt4b_Pixel_Class::inject_add_to_cart_event: hit AddToCart
2025-01-20T09:42:22+00:00 DEBUG Tt4b_Pixel_Class::inject_add_to_cart_event: Missing option "access_token"
2025-01-20T09:42:55+00:00 DEBUG Tt4b_Pixel_Class::inject_add_to_cart_event: hit AddToCart
2025-01-20T09:42:55+00:00 DEBUG Tt4b_Pixel_Class::inject_add_to_cart_event: Missing option "access_token"
2025-01-20T09:42:56+00:00 DEBUG Tt4b_Pixel_Class::inject_add_to_cart_event: hit AddToCart
2025-01-20T09:42:56+00:00 DEBUG Tt4b_Pixel_Class::inject_add_to_cart_event: Missing option "access_token"
2025-01-20T09:42:57+00:00 DEBUG Tt4b_Pixel_Class::inject_add_to_cart_event: hit AddToCart
2025-01-20T09:42:57+00:00 DEBUG Tt4b_Pixel_Class::inject_add_to_cart_event: Missing option "access_token"
2025-01-20T09:42:58+00:00 DEBUG Tt4b_Pixel_Class::inject_add_to_cart_event: hit AddToCart
2025-01-20T09:42:58+00:00 DEBUG Tt4b_Pixel_Class::inject_add_to_cart_event: Missing option "access_token"
2025-01-20T09:42:58+00:00 DEBUG Tt4b_Pixel_Class::inject_add_to_cart_event: hit AddToCart
2025-01-20T09:42:58+00:00 DEBUG Tt4b_Pixel_Class::inject_add_to_cart_event: Missing option "access_token"
2025-01-20T09:42:59+00:00 DEBUG Tt4b_Pixel_Class::inject_add_to_cart_event: hit AddToCart
2025-01-20T09:42:59+00:00 DEBUG Tt4b_Pixel_Class::inject_add_to_cart_event: Missing option "access_token"
2025-01-20T09:43:00+00:00 DEBUG Tt4b_Pixel_Class::inject_add_to_cart_event: hit AddToCart
2025-01-20T09:43:00+00:00 DEBUG Tt4b_Pixel_Class::inject_add_to_cart_event: Missing option "access_token"
2025-01-20T09:43:01+00:00 DEBUG Tt4b_Pixel_Class::inject_add_to_cart_event: hit AddToCart
2025-01-20T09:43:01+00:00 DEBUG Tt4b_Pixel_Class::inject_add_to_cart_event: Missing option "access_token"
2025-01-20T09:43:01+00:00 DEBUG Tt4b_Pixel_Class::inject_add_to_cart_event: hit AddToCart
2025-01-20T09:43:01+00:00 DEBUG Tt4b_Pixel_Class::inject_add_to_cart_event: Missing option "access_token"
2025-01-20T09:43:02+00:00 DEBUG Tt4b_Pixel_Class::inject_add_to_cart_event: hit AddToCart
2025-01-20T09:43:02+00:00 DEBUG Tt4b_Pixel_Class::inject_add_to_cart_event: Missing option "access_token"
2025-01-20T09:43:03+00:00 DEBUG Tt4b_Pixel_Class::inject_add_to_cart_event: hit AddToCart
2025-01-20T09:43:03+00:00 DEBUG Tt4b_Pixel_Class::inject_add_to_cart_event: Missing option "access_token"
2025-01-20T09:43:04+00:00 DEBUG Tt4b_Pixel_Class::inject_add_to_cart_event: hit AddToCart
2025-01-20T09:43:04+00:00 DEBUG Tt4b_Pixel_Class::inject_add_to_cart_event: Missing option "access_token"
2025-01-20T09:43:05+00:00 DEBUG Tt4b_Pixel_Class::inject_add_to_cart_event: hit AddToCart
2025-01-20T09:43:05+00:00 DEBUG Tt4b_Pixel_Class::inject_add_to_cart_event: Missing option "access_token"
2025-01-20T09:43:05+00:00 DEBUG Tt4b_Pixel_Class::inject_add_to_cart_event: hit AddToCart
2025-01-20T09:43:05+00:00 DEBUG Tt4b_Pixel_Class::inject_add_to_cart_event: Missing option "access_token"
2025-01-20T09:43:06+00:00 DEBUG Tt4b_Pixel_Class::inject_add_to_cart_event: hit AddToCart
2025-01-20T09:43:06+00:00 DEBUG Tt4b_Pixel_Class::inject_add_to_cart_event: Missing option "access_token"
2025-01-20T09:43:07+00:00 DEBUG Tt4b_Pixel_Class::inject_add_to_cart_event: hit AddToCart
2025-01-20T09:43:07+00:00 DEBUG Tt4b_Pixel_Class::inject_add_to_cart_event: Missing option "access_token"
2025-01-20T09:43:08+00:00 DEBUG Tt4b_Pixel_Class::inject_add_to_cart_event: hit AddToCart
2025-01-20T09:43:08+00:00 DEBUG Tt4b_Pixel_Class::inject_add_to_cart_event: Missing option "access_token"
2025-01-20T09:43:08+00:00 DEBUG Tt4b_Pixel_Class::inject_add_to_cart_event: hit AddToCart
2025-01-20T09:43:08+00:00 DEBUG Tt4b_Pixel_Class::inject_add_to_cart_event: Missing option "access_token"
2025-01-20T09:43:09+00:00 DEBUG Tt4b_Pixel_Class::inject_add_to_cart_event: hit AddToCart
2025-01-20T09:43:09+00:00 DEBUG Tt4b_Pixel_Class::inject_add_to_cart_event: Missing option "access_token"
2025-01-20T09:43:10+00:00 DEBUG Tt4b_Pixel_Class::inject_add_to_cart_event: hit AddToCart
2025-01-20T09:43:10+00:00 DEBUG Tt4b_Pixel_Class::inject_add_to_cart_event: Missing option "access_token"
2025-01-20T09:43:11+00:00 DEBUG Tt4b_Pixel_Class::inject_add_to_cart_event: hit AddToCart
2025-01-20T09:43:11+00:00 DEBUG Tt4b_Pixel_Class::inject_add_to_cart_event: Missing option "access_token"
2025-01-20T09:43:18+00:00 DEBUG Tt4b_Pixel_Class::inject_add_to_cart_event: hit AddToCart
2025-01-20T09:43:18+00:00 DEBUG Tt4b_Pixel_Class::inject_add_to_cart_event: Missing option "access_token"
2025-01-20T09:43:19+00:00 DEBUG Tt4b_Pixel_Class::inject_add_to_cart_event: hit AddToCart
2025-01-20T09:43:19+00:00 DEBUG Tt4b_Pixel_Class::inject_add_to_cart_event: Missing option "access_token"
2025-01-20T09:43:20+00:00 DEBUG Tt4b_Pixel_Class::inject_add_to_cart_event: hit AddToCart
2025-01-20T09:43:20+00:00 DEBUG Tt4b_Pixel_Class::inject_add_to_cart_event: Missing option "access_token"
2025-01-20T09:43:20+00:00 DEBUG Tt4b_Pixel_Class::inject_add_to_cart_event: hit AddToCart
2025-01-20T09:43:20+00:00 DEBUG Tt4b_Pixel_Class::inject_add_to_cart_event: Missing option "access_token"
2025-01-20T09:43:21+00:00 DEBUG Tt4b_Pixel_Class::inject_add_to_cart_event: hit AddToCart
2025-01-20T09:43:21+00:00 DEBUG Tt4b_Pixel_Class::inject_add_to_cart_event: Missing option "access_token"
2025-01-20T09:43:22+00:00 DEBUG Tt4b_Pixel_Class::inject_add_to_cart_event: hit AddToCart
2025-01-20T09:43:22+00:00 DEBUG Tt4b_Pixel_Class::inject_add_to_cart_event: Missing option "access_token"
2025-01-20T09:43:23+00:00 DEBUG Tt4b_Pixel_Class::inject_add_to_cart_event: hit AddToCart
2025-01-20T09:43:23+00:00 DEBUG Tt4b_Pixel_Class::inject_add_to_cart_event: Missing option "access_token"
2025-01-20T09:43:24+00:00 DEBUG Tt4b_Pixel_Class::inject_add_to_cart_event: hit AddToCart
2025-01-20T09:43:24+00:00 DEBUG Tt4b_Pixel_Class::inject_add_to_cart_event: Missing option "access_token"
2025-01-20T09:43:24+00:00 DEBUG Tt4b_Pixel_Class::inject_add_to_cart_event: hit AddToCart
2025-01-20T09:43:24+00:00 DEBUG Tt4b_Pixel_Class::inject_add_to_cart_event: Missing option "access_token"
2025-01-20T09:43:25+00:00 DEBUG Tt4b_Pixel_Class::inject_add_to_cart_event: hit AddToCart
2025-01-20T09:43:25+00:00 DEBUG Tt4b_Pixel_Class::inject_add_to_cart_event: Missing option "access_token"
2025-01-20T09:43:26+00:00 DEBUG Tt4b_Pixel_Class::inject_add_to_cart_event: hit AddToCart
2025-01-20T09:43:26+00:00 DEBUG Tt4b_Pixel_Class::inject_add_to_cart_event: Missing option "access_token"
2025-01-20T09:43:27+00:00 DEBUG Tt4b_Pixel_Class::inject_add_to_cart_event: hit AddToCart
2025-01-20T09:43:27+00:00 DEBUG Tt4b_Pixel_Class::inject_add_to_cart_event: Missing option "access_token"
2025-01-20T09:43:27+00:00 DEBUG Tt4b_Pixel_Class::inject_add_to_cart_event: hit AddToCart
2025-01-20T09:43:27+00:00 DEBUG Tt4b_Pixel_Class::inject_add_to_cart_event: Missing option "access_token"
2025-01-20T09:43:28+00:00 DEBUG Tt4b_Pixel_Class::inject_add_to_cart_event: hit AddToCart
2025-01-20T09:43:28+00:00 DEBUG Tt4b_Pixel_Class::inject_add_to_cart_event: Missing option "access_token"
2025-01-20T09:43:29+00:00 DEBUG Tt4b_Pixel_Class::inject_add_to_cart_event: hit AddToCart
2025-01-20T09:43:29+00:00 DEBUG Tt4b_Pixel_Class::inject_add_to_cart_event: Missing option "access_token"
2025-01-20T09:43:30+00:00 DEBUG Tt4b_Pixel_Class::inject_add_to_cart_event: hit AddToCart
2025-01-20T09:43:30+00:00 DEBUG Tt4b_Pixel_Class::inject_add_to_cart_event: Missing option "access_token"
2025-01-20T09:43:31+00:00 DEBUG Tt4b_Pixel_Class::inject_add_to_cart_event: hit AddToCart
2025-01-20T09:43:31+00:00 DEBUG Tt4b_Pixel_Class::inject_add_to_cart_event: Missing option "access_token"
2025-01-20T09:43:31+00:00 DEBUG Tt4b_Pixel_Class::inject_add_to_cart_event: hit AddToCart
2025-01-20T09:43:31+00:00 DEBUG Tt4b_Pixel_Class::inject_add_to_cart_event: Missing option "access_token"
2025-01-20T09:43:32+00:00 DEBUG Tt4b_Pixel_Class::inject_add_to_cart_event: hit AddToCart
2025-01-20T09:43:32+00:00 DEBUG Tt4b_Pixel_Class::inject_add_to_cart_event: Missing option "access_token"
2025-01-20T09:43:33+00:00 DEBUG Tt4b_Pixel_Class::inject_add_to_cart_event: hit AddToCart
2025-01-20T09:43:33+00:00 DEBUG Tt4b_Pixel_Class::inject_add_to_cart_event: Missing option "access_token"
2025-01-20T09:43:34+00:00 DEBUG Tt4b_Pixel_Class::inject_add_to_cart_event: hit AddToCart
2025-01-20T09:43:34+00:00 DEBUG Tt4b_Pixel_Class::inject_add_to_cart_event: Missing option "access_token"
2025-01-20T09:43:42+00:00 DEBUG Tt4b_Pixel_Class::inject_add_to_cart_event: hit AddToCart
2025-01-20T09:43:42+00:00 DEBUG Tt4b_Pixel_Class::inject_add_to_cart_event: Missing option "access_token"
2025-01-20T09:43:42+00:00 DEBUG Tt4b_Pixel_Class::inject_add_to_cart_event: hit AddToCart
2025-01-20T09:43:42+00:00 DEBUG Tt4b_Pixel_Class::inject_add_to_cart_event: Missing option "access_token"
2025-01-20T09:43:43+00:00 DEBUG Tt4b_Pixel_Class::inject_add_to_cart_event: hit AddToCart
2025-01-20T09:43:43+00:00 DEBUG Tt4b_Pixel_Class::inject_add_to_cart_event: Missing option "access_token"
2025-01-20T09:43:44+00:00 DEBUG Tt4b_Pixel_Class::inject_add_to_cart_event: hit AddToCart
2025-01-20T09:43:44+00:00 DEBUG Tt4b_Pixel_Class::inject_add_to_cart_event: Missing option "access_token"
2025-01-20T09:43:45+00:00 DEBUG Tt4b_Pixel_Class::inject_add_to_cart_event: hit AddToCart
2025-01-20T09:43:45+00:00 DEBUG Tt4b_Pixel_Class::inject_add_to_cart_event: Missing option "access_token"
2025-01-20T09:43:46+00:00 DEBUG Tt4b_Pixel_Class::inject_add_to_cart_event: hit AddToCart
2025-01-20T09:43:46+00:00 DEBUG Tt4b_Pixel_Class::inject_add_to_cart_event: Missing option "access_token"
2025-01-20T09:43:47+00:00 DEBUG Tt4b_Pixel_Class::inject_add_to_cart_event: hit AddToCart
2025-01-20T09:43:47+00:00 DEBUG Tt4b_Pixel_Class::inject_add_to_cart_event: Missing option "access_token"
2025-01-20T09:43:48+00:00 DEBUG Tt4b_Pixel_Class::inject_add_to_cart_event: hit AddToCart
2025-01-20T09:43:48+00:00 DEBUG Tt4b_Pixel_Class::inject_add_to_cart_event: Missing option "access_token"
2025-01-20T09:43:49+00:00 DEBUG Tt4b_Pixel_Class::inject_add_to_cart_event: hit AddToCart
2025-01-20T09:43:49+00:00 DEBUG Tt4b_Pixel_Class::inject_add_to_cart_event: Missing option "access_token"
2025-01-20T09:43:49+00:00 DEBUG Tt4b_Pixel_Class::inject_add_to_cart_event: hit AddToCart
2025-01-20T09:43:49+00:00 DEBUG Tt4b_Pixel_Class::inject_add_to_cart_event: Missing option "access_token"
2025-01-20T09:43:50+00:00 DEBUG Tt4b_Pixel_Class::inject_add_to_cart_event: hit AddToCart
2025-01-20T09:43:50+00:00 DEBUG Tt4b_Pixel_Class::inject_add_to_cart_event: Missing option "access_token"
2025-01-20T09:43:51+00:00 DEBUG Tt4b_Pixel_Class::inject_add_to_cart_event: hit AddToCart
2025-01-20T09:43:51+00:00 DEBUG Tt4b_Pixel_Class::inject_add_to_cart_event: Missing option "access_token"
2025-01-20T09:43:52+00:00 DEBUG Tt4b_Pixel_Class::inject_add_to_cart_event: hit AddToCart
2025-01-20T09:43:52+00:00 DEBUG Tt4b_Pixel_Class::inject_add_to_cart_event: Missing option "access_token"
2025-01-20T09:43:53+00:00 DEBUG Tt4b_Pixel_Class::inject_add_to_cart_event: hit AddToCart
2025-01-20T09:43:53+00:00 DEBUG Tt4b_Pixel_Class::inject_add_to_cart_event: Missing option "access_token"
2025-01-20T09:43:54+00:00 DEBUG Tt4b_Pixel_Class::inject_add_to_cart_event: hit AddToCart
2025-01-20T09:43:54+00:00 DEBUG Tt4b_Pixel_Class::inject_add_to_cart_event: Missing option "access_token"
2025-01-20T09:43:54+00:00 DEBUG Tt4b_Pixel_Class::inject_add_to_cart_event: hit AddToCart
2025-01-20T09:43:54+00:00 DEBUG Tt4b_Pixel_Class::inject_add_to_cart_event: Missing option "access_token"
2025-01-20T09:43:55+00:00 DEBUG Tt4b_Pixel_Class::inject_add_to_cart_event: hit AddToCart
2025-01-20T09:43:55+00:00 DEBUG Tt4b_Pixel_Class::inject_add_to_cart_event: Missing option "access_token"
2025-01-20T09:43:56+00:00 DEBUG Tt4b_Pixel_Class::inject_add_to_cart_event: hit AddToCart
2025-01-20T09:43:56+00:00 DEBUG Tt4b_Pixel_Class::inject_add_to_cart_event: Missing option "access_token"
2025-01-20T09:43:57+00:00 DEBUG Tt4b_Pixel_Class::inject_add_to_cart_event: hit AddToCart
2025-01-20T09:43:57+00:00 DEBUG Tt4b_Pixel_Class::inject_add_to_cart_event: Missing option "access_token"
2025-01-20T09:43:58+00:00 DEBUG Tt4b_Pixel_Class::inject_add_to_cart_event: hit AddToCart
2025-01-20T09:43:58+00:00 DEBUG Tt4b_Pixel_Class::inject_add_to_cart_event: Missing option "access_token"
2025-01-20T09:45:12+00:00 DEBUG Tt4b_Pixel_Class::inject_add_to_cart_event: hit AddToCart
2025-01-20T09:45:12+00:00 DEBUG Tt4b_Pixel_Class::inject_add_to_cart_event: Missing option "access_token"
2025-01-20T09:45:13+00:00 DEBUG Tt4b_Pixel_Class::inject_add_to_cart_event: hit AddToCart
2025-01-20T09:45:13+00:00 DEBUG Tt4b_Pixel_Class::inject_add_to_cart_event: Missing option "access_token"
2025-01-20T09:45:19+00:00 DEBUG Tt4b_Pixel_Class::inject_add_to_cart_event: hit AddToCart
2025-01-20T09:45:19+00:00 DEBUG Tt4b_Pixel_Class::inject_add_to_cart_event: Missing option "access_token"
2025-01-20T09:45:22+00:00 DEBUG Tt4b_Pixel_Class::inject_add_to_cart_event: hit AddToCart
2025-01-20T09:45:22+00:00 DEBUG Tt4b_Pixel_Class::inject_add_to_cart_event: Missing option "access_token"
2025-01-20T09:45:50+00:00 DEBUG Tt4b_Pixel_Class::inject_add_to_cart_event: hit AddToCart
2025-01-20T09:45:50+00:00 DEBUG Tt4b_Pixel_Class::inject_add_to_cart_event: Missing option "access_token"
2025-01-20T09:45:54+00:00 DEBUG Tt4b_Pixel_Class::inject_add_to_cart_event: hit AddToCart
2025-01-20T09:45:54+00:00 DEBUG Tt4b_Pixel_Class::inject_add_to_cart_event: Missing option "access_token"
2025-01-20T09:47:01+00:00 DEBUG Tt4b_Pixel_Class::inject_add_to_cart_event: hit AddToCart
2025-01-20T09:47:01+00:00 DEBUG Tt4b_Pixel_Class::inject_add_to_cart_event: Missing option "access_token"
2025-01-20T09:47:19+00:00 DEBUG Tt4b_Pixel_Class::inject_add_to_cart_event: hit AddToCart
2025-01-20T09:47:19+00:00 DEBUG Tt4b_Pixel_Class::inject_add_to_cart_event: Missing option "access_token"
2025-01-20T09:47:44+00:00 DEBUG Tt4b_Pixel_Class::inject_add_to_cart_event: hit AddToCart
2025-01-20T09:47:44+00:00 DEBUG Tt4b_Pixel_Class::inject_add_to_cart_event: Missing option "access_token"
2025-01-20T10:05:08+00:00 DEBUG Tt4b_Pixel_Class::inject_add_to_cart_event: hit AddToCart
2025-01-20T10:05:08+00:00 DEBUG Tt4b_Pixel_Class::inject_add_to_cart_event: Missing option "access_token"
2025-01-20T10:05:09+00:00 DEBUG Tt4b_Pixel_Class::inject_initiate_checkout_event: hit InitiateCheckout
2025-01-20T10:05:09+00:00 DEBUG Tt4b_Pixel_Class::inject_initiate_checkout_event: Missing option "access_token"
2025-01-20T10:06:34+00:00 DEBUG Tt4b_Pixel_Class::inject_add_to_cart_event: hit AddToCart
2025-01-20T10:06:34+00:00 DEBUG Tt4b_Pixel_Class::inject_add_to_cart_event: Missing option "access_token"
2025-01-20T10:06:36+00:00 DEBUG Tt4b_Pixel_Class::inject_initiate_checkout_event: hit InitiateCheckout
2025-01-20T10:06:36+00:00 DEBUG Tt4b_Pixel_Class::inject_initiate_checkout_event: Missing option "access_token"
2025-01-20T10:08:17+00:00 DEBUG Tt4b_Pixel_Class::inject_add_to_cart_event: hit AddToCart
2025-01-20T10:08:17+00:00 DEBUG Tt4b_Pixel_Class::inject_add_to_cart_event: Missing option "access_token"
2025-01-20T10:08:19+00:00 DEBUG Tt4b_Pixel_Class::inject_initiate_checkout_event: hit InitiateCheckout
2025-01-20T10:08:19+00:00 DEBUG Tt4b_Pixel_Class::inject_initiate_checkout_event: Missing option "access_token"
2025-01-20T10:08:55+00:00 DEBUG Tt4b_Pixel_Class::inject_purchase_event: hit Purchase
2025-01-20T10:08:55+00:00 DEBUG Tt4b_Pixel_Class::inject_purchase_event: Missing option "access_token"
2025-01-20T10:09:08+00:00 DEBUG Tt4b_Pixel_Class::inject_purchase_event: hit Purchase
2025-01-20T10:09:08+00:00 DEBUG Tt4b_Pixel_Class::inject_purchase_event: Missing option "access_token"
2025-01-20T10:09:09+00:00 DEBUG Tt4b_Pixel_Class::inject_purchase_event: hit Purchase
2025-01-20T10:09:09+00:00 DEBUG Tt4b_Pixel_Class::inject_purchase_event: Missing option "access_token"
2025-01-20T10:09:10+00:00 DEBUG Tt4b_Pixel_Class::inject_purchase_event: hit Purchase
2025-01-20T10:09:10+00:00 DEBUG Tt4b_Pixel_Class::inject_purchase_event: Missing option "access_token"
2025-01-20T10:09:23+00:00 DEBUG Tt4b_Pixel_Class::inject_purchase_event: hit Purchase
2025-01-20T10:09:23+00:00 DEBUG Tt4b_Pixel_Class::inject_purchase_event: Missing option "access_token"
2025-01-20T10:09:24+00:00 DEBUG Tt4b_Pixel_Class::inject_purchase_event: hit Purchase
2025-01-20T10:09:24+00:00 DEBUG Tt4b_Pixel_Class::inject_purchase_event: Missing option "access_token"
2025-01-20T10:09:24+00:00 DEBUG Tt4b_Pixel_Class::inject_purchase_event: hit Purchase
2025-01-20T10:09:24+00:00 DEBUG Tt4b_Pixel_Class::inject_purchase_event: Missing option "access_token"
2025-01-20T10:09:26+00:00 DEBUG Tt4b_Pixel_Class::inject_purchase_event: hit Purchase
2025-01-20T10:09:26+00:00 DEBUG Tt4b_Pixel_Class::inject_purchase_event: Missing option "access_token"
2025-01-20T10:09:38+00:00 DEBUG Tt4b_Pixel_Class::inject_purchase_event: hit Purchase
2025-01-20T10:09:38+00:00 DEBUG Tt4b_Pixel_Class::inject_purchase_event: Missing option "access_token"
2025-01-20T10:09:39+00:00 DEBUG Tt4b_Pixel_Class::inject_purchase_event: hit Purchase
2025-01-20T10:09:39+00:00 DEBUG Tt4b_Pixel_Class::inject_purchase_event: Missing option "access_token"
2025-01-20T10:09:48+00:00 DEBUG Tt4b_Pixel_Class::inject_purchase_event: hit Purchase
2025-01-20T10:09:48+00:00 DEBUG Tt4b_Pixel_Class::inject_purchase_event: Missing option "access_token"
2025-01-20T11:26:56+00:00 DEBUG Tt4b_Pixel_Class::inject_add_to_cart_event: hit AddToCart
2025-01-20T11:26:56+00:00 DEBUG Tt4b_Pixel_Class::inject_add_to_cart_event: Missing option "access_token"
2025-01-20T11:26:58+00:00 DEBUG Tt4b_Pixel_Class::inject_initiate_checkout_event: hit InitiateCheckout
2025-01-20T11:26:58+00:00 DEBUG Tt4b_Pixel_Class::inject_initiate_checkout_event: Missing option "access_token"
2025-01-20T11:32:26+00:00 DEBUG Tt4b_Pixel_Class::inject_purchase_event: hit Purchase
2025-01-20T11:32:26+00:00 DEBUG Tt4b_Pixel_Class::inject_purchase_event: Missing option "access_token"
2025-01-20T11:32:42+00:00 DEBUG Tt4b_Pixel_Class::inject_purchase_event: hit Purchase
2025-01-20T11:32:42+00:00 DEBUG Tt4b_Pixel_Class::inject_purchase_event: Missing option "access_token"
2025-01-20T11:32:43+00:00 DEBUG Tt4b_Pixel_Class::inject_purchase_event: hit Purchase
2025-01-20T11:32:43+00:00 DEBUG Tt4b_Pixel_Class::inject_purchase_event: Missing option "access_token"
2025-01-20T11:32:44+00:00 DEBUG Tt4b_Pixel_Class::inject_purchase_event: hit Purchase
2025-01-20T11:32:44+00:00 DEBUG Tt4b_Pixel_Class::inject_purchase_event: Missing option "access_token"
2025-01-20T11:35:36+00:00 DEBUG Tt4b_Pixel_Class::inject_purchase_event: hit Purchase
2025-01-20T11:35:36+00:00 DEBUG Tt4b_Pixel_Class::inject_purchase_event: Missing option "access_token"
2025-01-20T11:35:47+00:00 DEBUG Tt4b_Pixel_Class::inject_purchase_event: hit Purchase
2025-01-20T11:35:47+00:00 DEBUG Tt4b_Pixel_Class::inject_purchase_event: Missing option "access_token"
2025-01-20T11:35:52+00:00 DEBUG Tt4b_Pixel_Class::inject_purchase_event: hit Purchase
2025-01-20T11:35:52+00:00 DEBUG Tt4b_Pixel_Class::inject_purchase_event: Missing option "access_token"
2025-01-20T11:35:52+00:00 DEBUG Tt4b_Pixel_Class::inject_purchase_event: hit Purchase
2025-01-20T11:35:52+00:00 DEBUG Tt4b_Pixel_Class::inject_purchase_event: Missing option "access_token"
2025-01-20T11:36:02+00:00 DEBUG Tt4b_Pixel_Class::inject_purchase_event: hit Purchase
2025-01-20T11:36:02+00:00 DEBUG Tt4b_Pixel_Class::inject_purchase_event: Missing option "access_token"
2025-01-20T11:36:46+00:00 DEBUG Tt4b_Pixel_Class::inject_purchase_event: hit Purchase
2025-01-20T11:36:46+00:00 DEBUG Tt4b_Pixel_Class::inject_purchase_event: Missing option "access_token"
2025-01-20T11:37:01+00:00 DEBUG Tt4b_Pixel_Class::inject_purchase_event: hit Purchase
2025-01-20T11:37:01+00:00 DEBUG Tt4b_Pixel_Class::inject_purchase_event: Missing option "access_token"
2025-01-20T11:37:02+00:00 DEBUG Tt4b_Pixel_Class::inject_purchase_event: hit Purchase
2025-01-20T11:37:02+00:00 DEBUG Tt4b_Pixel_Class::inject_purchase_event: Missing option "access_token"
2025-01-20T11:46:08+00:00 DEBUG Tt4b_Pixel_Class::inject_purchase_event: hit Purchase
2025-01-20T11:46:08+00:00 DEBUG Tt4b_Pixel_Class::inject_purchase_event: Missing option "access_token"
