2025-01-09T22:16:31+00:00 DEBUG POST: https://ads.tiktok.com/marketing_api/api/developer/app/create_auto_approve/

{"business_platform":"PROD","smb_id":"tt4b_woocommerce_67804abf57d5bhttplocalhostmlm2wp-admin","smb_name":"PROD","redirect_url":"http:\/\/localhost\/mlm2\/wp-admin\/"}
 ajax: no
2025-01-09T22:16:31+00:00 DEBUG Tt4b_Mapi_Class::create_open_source_app: Response: 

HTTP/1.1 200 OK
Content-Type: application/json
X-Tt-Logid: 20250109221631BDFE9AA0211D8562585E,20250109221631BDFE9AA0211D8562585E
Strict-Transport-Security: max-age=31536000; includeSubDomains
x-tt-trace-host: 01167edef8f958422cc374a0cc50158b5d229ce3f8d4a40792cb6b3a6361012cb5be27189b0b3323f9319ee1583cf8137c057ce302b29b1b64195f2dc38bd740fe878f200bda75c706c83b8a7cfe8abd75e142d88d590e6bd4eef1c974beeda148792e6c1c7b215b97ec0aa5e41b204e06
x-tt-trace-id: 00-250109221631BDFE9AA0211D8562585E-06B6C0CA67135036-00
Server: TLB
Content-Encoding: gzip
Content-Length: 204
X-Origin-Response-Time: 57,23.52.40.159
X-Akamai-Request-ID: 2c83396f.8edc67
Date: Thu, 09 Jan 2025 22:16:32 GMT
X-Cache: TCP_MISS from a124-106-175-157.deploy.akamaitechnologies.com (AkamaiGHost/11.7.2.1-35a4fcef889a1f053c9fa641f2ccd99a) (-)
Connection: close
Vary: Accept-Encoding
X-Cache-Remote: TCP_MISS from a23-52-40-159.deploy.akamaitechnologies.com (AkamaiGHost/11.7.2.1-35a4fcef889a1f053c9fa641f2ccd99a) (-)
x-tt-trace-tag: id=16;cdn-cache=miss;type=dyn
Server-Timing: cdn-cache; desc=MISS, edge; dur=37, origin; dur=57
Server-Timing: inner; dur=52
X-Parent-Response-Time: 91,124.106.175.157

{"code":0,"msg":"ok","data":{"external_data_key":"6fcf92d5-8f00-4a57-ba31-e7e67ec66f5f","app_id":"7458043172183097351","redirect_uri":"http:\/\/localhost\/mlm2\/wp-admin\/","app_secret":"805196fd88ac3b51979c7d2ace44d6d9ad8f5ad2"}}

2025-01-09T22:23:52+00:00 DEBUG Tt4b_Pixel_Class::inject_add_to_cart_event: hit AddToCart
2025-01-09T22:23:52+00:00 DEBUG Tt4b_Pixel_Class::inject_add_to_cart_event: Missing option "access_token"
2025-01-09T22:24:03+00:00 DEBUG Tt4b_Pixel_Class::inject_add_to_cart_event: hit AddToCart
2025-01-09T22:24:03+00:00 DEBUG Tt4b_Pixel_Class::inject_add_to_cart_event: Missing option "access_token"
2025-01-09T22:24:14+00:00 DEBUG Tt4b_Pixel_Class::inject_add_to_cart_event: hit AddToCart
2025-01-09T22:24:14+00:00 DEBUG Tt4b_Pixel_Class::inject_add_to_cart_event: Missing option "access_token"
2025-01-09T22:25:19+00:00 DEBUG Tt4b_Pixel_Class::inject_add_to_cart_event: hit AddToCart
2025-01-09T22:25:19+00:00 DEBUG Tt4b_Pixel_Class::inject_add_to_cart_event: Missing option "access_token"
2025-01-09T22:25:20+00:00 DEBUG Tt4b_Pixel_Class::inject_add_to_cart_event: hit AddToCart
2025-01-09T22:25:20+00:00 DEBUG Tt4b_Pixel_Class::inject_add_to_cart_event: Missing option "access_token"
2025-01-09T22:25:24+00:00 DEBUG Tt4b_Pixel_Class::inject_initiate_checkout_event: hit InitiateCheckout
2025-01-09T22:25:24+00:00 DEBUG Tt4b_Pixel_Class::inject_initiate_checkout_event: Missing option "access_token"
2025-01-09T22:26:06+00:00 DEBUG Tt4b_Pixel_Class::inject_purchase_event: hit Purchase
2025-01-09T22:26:06+00:00 DEBUG Tt4b_Pixel_Class::inject_purchase_event: Missing option "access_token"
2025-01-09T22:26:07+00:00 DEBUG Tt4b_Pixel_Class::inject_purchase_event: hit Purchase
2025-01-09T22:26:07+00:00 DEBUG Tt4b_Pixel_Class::inject_purchase_event: Missing option "access_token"
