2025-02-06T07:53:01+00:00 DEBUG Tt4b_Pixel_Class::inject_add_to_cart_event: hit AddToCart
2025-02-06T07:53:01+00:00 DEBUG Tt4b_Pixel_Class::inject_add_to_cart_event: Missing option "access_token"
2025-02-06T07:53:09+00:00 DEBUG Tt4b_Pixel_Class::inject_initiate_checkout_event: hit InitiateCheckout
2025-02-06T07:53:09+00:00 DEBUG Tt4b_Pixel_Class::inject_initiate_checkout_event: Missing option "access_token"
2025-02-06T07:53:58+00:00 DEBUG Tt4b_Pixel_Class::inject_purchase_event: hit Purchase
2025-02-06T07:53:58+00:00 DEBUG Tt4b_Pixel_Class::inject_purchase_event: Missing option "access_token"
2025-02-06T07:54:00+00:00 DEBUG Tt4b_Pixel_Class::inject_purchase_event: hit Purchase
2025-02-06T07:54:00+00:00 DEBUG Tt4b_Pixel_Class::inject_purchase_event: Missing option "access_token"
2025-02-06T07:56:01+00:00 DEBUG Tt4b_Pixel_Class::inject_purchase_event: hit Purchase
2025-02-06T07:56:01+00:00 DEBUG Tt4b_Pixel_Class::inject_purchase_event: Missing option "access_token"
2025-02-06T08:28:38+00:00 DEBUG Tt4b_Pixel_Class::inject_add_to_cart_event: hit AddToCart
2025-02-06T08:28:38+00:00 DEBUG Tt4b_Pixel_Class::inject_add_to_cart_event: Missing option "access_token"
2025-02-06T08:30:12+00:00 DEBUG Tt4b_Pixel_Class::inject_add_to_cart_event: hit AddToCart
2025-02-06T08:30:12+00:00 DEBUG Tt4b_Pixel_Class::inject_add_to_cart_event: Missing option "access_token"
2025-02-06T08:30:15+00:00 DEBUG Tt4b_Pixel_Class::inject_initiate_checkout_event: hit InitiateCheckout
2025-02-06T08:30:15+00:00 DEBUG Tt4b_Pixel_Class::inject_initiate_checkout_event: Missing option "access_token"
2025-02-06T08:31:01+00:00 DEBUG Tt4b_Pixel_Class::inject_purchase_event: hit Purchase
2025-02-06T08:31:01+00:00 DEBUG Tt4b_Pixel_Class::inject_purchase_event: Missing option "access_token"
2025-02-06T08:31:03+00:00 DEBUG Tt4b_Pixel_Class::inject_purchase_event: hit Purchase
2025-02-06T08:31:03+00:00 DEBUG Tt4b_Pixel_Class::inject_purchase_event: Missing option "access_token"
