2025-02-20T16:59:35+00:00 DEBUG Tt4b_Pixel_Class::inject_add_to_cart_event: hit AddToCart
2025-02-20T16:59:35+00:00 DEBUG Tt4b_Pixel_Class::inject_add_to_cart_event: Missing option "access_token"
2025-02-20T16:59:39+00:00 DEBUG Tt4b_Pixel_Class::inject_initiate_checkout_event: hit InitiateCheckout
2025-02-20T16:59:39+00:00 DEBUG Tt4b_Pixel_Class::inject_initiate_checkout_event: Missing option "access_token"
2025-02-20T17:00:23+00:00 DEBUG Tt4b_Pixel_Class::inject_purchase_event: hit Purchase
2025-02-20T17:00:23+00:00 DEBUG Tt4b_Pixel_Class::inject_purchase_event: Missing option "access_token"
2025-02-20T17:00:26+00:00 DEBUG Tt4b_Pixel_Class::inject_purchase_event: hit Purchase
2025-02-20T17:00:26+00:00 DEBUG Tt4b_Pixel_Class::inject_purchase_event: Missing option "access_token"
2025-02-20T17:04:54+00:00 DEBUG Tt4b_Pixel_Class::inject_add_to_cart_event: hit AddToCart
2025-02-20T17:04:54+00:00 DEBUG Tt4b_Pixel_Class::inject_add_to_cart_event: Missing option "access_token"
2025-02-20T17:04:57+00:00 DEBUG Tt4b_Pixel_Class::inject_initiate_checkout_event: hit InitiateCheckout
2025-02-20T17:04:57+00:00 DEBUG Tt4b_Pixel_Class::inject_initiate_checkout_event: Missing option "access_token"
2025-02-20T17:05:41+00:00 DEBUG Tt4b_Pixel_Class::inject_purchase_event: hit Purchase
2025-02-20T17:05:41+00:00 DEBUG Tt4b_Pixel_Class::inject_purchase_event: Missing option "access_token"
2025-02-20T17:05:43+00:00 DEBUG Tt4b_Pixel_Class::inject_purchase_event: hit Purchase
2025-02-20T17:05:43+00:00 DEBUG Tt4b_Pixel_Class::inject_purchase_event: Missing option "access_token"
2025-02-20T17:17:25+00:00 DEBUG Tt4b_Pixel_Class::inject_add_to_cart_event: hit AddToCart
2025-02-20T17:17:25+00:00 DEBUG Tt4b_Pixel_Class::inject_add_to_cart_event: Missing option "access_token"
2025-02-20T17:17:29+00:00 DEBUG Tt4b_Pixel_Class::inject_initiate_checkout_event: hit InitiateCheckout
2025-02-20T17:17:29+00:00 DEBUG Tt4b_Pixel_Class::inject_initiate_checkout_event: Missing option "access_token"
2025-02-20T17:18:10+00:00 DEBUG Tt4b_Pixel_Class::inject_purchase_event: hit Purchase
2025-02-20T17:18:10+00:00 DEBUG Tt4b_Pixel_Class::inject_purchase_event: Missing option "access_token"
2025-02-20T17:18:13+00:00 DEBUG Tt4b_Pixel_Class::inject_purchase_event: hit Purchase
2025-02-20T17:18:13+00:00 DEBUG Tt4b_Pixel_Class::inject_purchase_event: Missing option "access_token"
2025-02-20T17:48:12+00:00 DEBUG Tt4b_Pixel_Class::inject_add_to_cart_event: hit AddToCart
2025-02-20T17:48:12+00:00 DEBUG Tt4b_Pixel_Class::inject_add_to_cart_event: Missing option "access_token"
2025-02-20T17:48:16+00:00 DEBUG Tt4b_Pixel_Class::inject_initiate_checkout_event: hit InitiateCheckout
2025-02-20T17:48:16+00:00 DEBUG Tt4b_Pixel_Class::inject_initiate_checkout_event: Missing option "access_token"
2025-02-20T17:49:11+00:00 DEBUG Tt4b_Pixel_Class::inject_purchase_event: hit Purchase
2025-02-20T17:49:11+00:00 DEBUG Tt4b_Pixel_Class::inject_purchase_event: Missing option "access_token"
2025-02-20T17:49:14+00:00 DEBUG Tt4b_Pixel_Class::inject_purchase_event: hit Purchase
2025-02-20T17:49:14+00:00 DEBUG Tt4b_Pixel_Class::inject_purchase_event: Missing option "access_token"
