2025-01-09T10:08:07+00:00 INFO User in action: 1: Reset Cache key: customer_1, Cache group: wkwc_wallet_transaction, Force: 
2025-01-09T10:08:07+00:00 INFO User in action: 1: Deleting transient and file, Option key: _wkwc_transient_wkwc_wallet_transaction_customer_1, File writing: 1, Transient caching enabled: 1, PHP Fast enabled: 
2025-01-09T10:08:07+00:00 INFO User in action: 1: Deleting transient: _wkwc_transient_wkwc_wallet_transaction_customer_1
2025-01-09T10:08:07+00:00 INFO User in action: 1: Reset Cache key: customer_1, Cache group: wkwc_wallet_transactions, Force: 
2025-01-09T10:08:07+00:00 INFO User in action: 1: Deleting transient and file, Option key: _wkwc_transient_wkwc_wallet_transactions_customer_1, File writing: 1, Transient caching enabled: 1, PHP Fast enabled: 
2025-01-09T10:08:07+00:00 INFO User in action: 1: Deleting transient: _wkwc_transient_wkwc_wallet_transactions_customer_1
2025-01-09T10:08:07+00:00 INFO User in action: 1: Reset Cache key: customer_id_1, Cache group: wkwc_wallet_transaction, Force: 
2025-01-09T10:08:07+00:00 INFO User in action: 1: Deleting transient and file, Option key: _wkwc_transient_wkwc_wallet_transaction_customer_id_1, File writing: 1, Transient caching enabled: 1, PHP Fast enabled: 
2025-01-09T10:08:07+00:00 INFO User in action: 1: Deleting transient: _wkwc_transient_wkwc_wallet_transaction_customer_id_1
2025-01-09T10:08:07+00:00 INFO User in action: 1: Reset Cache key: customer_id_1, Cache group: wkwc_wallet_transactions, Force: 
2025-01-09T10:08:07+00:00 INFO User in action: 1: Deleting transient and file, Option key: _wkwc_transient_wkwc_wallet_transactions_customer_id_1, File writing: 1, Transient caching enabled: 1, PHP Fast enabled: 
2025-01-09T10:08:07+00:00 INFO User in action: 1: Deleting transient: _wkwc_transient_wkwc_wallet_transactions_customer_id_1
2025-01-09T10:08:07+00:00 INFO User in action: 1: Reset Cache key: transaction_id_1, Cache group: wkwc_wallet_transaction, Force: 
2025-01-09T10:08:07+00:00 INFO User in action: 1: Deleting transient and file, Option key: _wkwc_transient_wkwc_wallet_transaction_transaction_id_1, File writing: 1, Transient caching enabled: 1, PHP Fast enabled: 
2025-01-09T10:08:07+00:00 INFO User in action: 1: Deleting transient: _wkwc_transient_wkwc_wallet_transaction_transaction_id_1
2025-01-09T10:08:07+00:00 INFO User in action: 1: Reset Cache key: transaction_id_1, Cache group: wkwc_wallet_transactions, Force: 
2025-01-09T10:08:07+00:00 INFO User in action: 1: Deleting transient and file, Option key: _wkwc_transient_wkwc_wallet_transactions_transaction_id_1, File writing: 1, Transient caching enabled: 1, PHP Fast enabled: 
2025-01-09T10:08:07+00:00 INFO User in action: 1: Deleting transient: _wkwc_transient_wkwc_wallet_transactions_transaction_id_1
2025-01-09T10:08:50+00:00 INFO User in action: 1: Get Cache key: customer_id_1, Cache group: wkwc_wallet_transactions
2025-01-09T10:08:50+00:00 INFO User in action: 1: Get transient key: customer_id_1, Option key: _wkwc_transient_wkwc_wallet_transactions_customer_id_1, Transient group: wkwc_wallet_transactions, File writing: 1, Transient caching enabled: 1, PHP Fast enabled: 
2025-01-09T10:08:50+00:00 INFO User in action: 1: Set Cache key: customer_id_1, Cache group: wkwc_wallet_transactions
2025-01-09T10:08:50+00:00 INFO User in action: 1: WK_Caching_Object Set Cache key: customer_id_1, Cache group: wkwc_wallet_transactions
2025-01-09T10:08:50+00:00 INFO User in action: 1: WK_Caching_Transient Set transient key: customer_id_1, Option key: _wkwc_transient_wkwc_wallet_transactions_customer_id_1, Transient group: wkwc_wallet_transactions, Expiry: 3600, PHP Fast enabled: , File writing enabled: 1, Transient caching enabled: 1
2025-01-09T10:08:50+00:00 INFO User in action: 1: Data written in file, transient key: customer_id_1, Option key: _wkwc_transient_wkwc_wallet_transactions_customer_id_1, Transient group: wkwc_wallet_transactions, Expiry: 3600
2025-01-09T10:08:50+00:00 INFO User in action: 1: Get Cache key: customer_1_10_0, Cache group: wkwc_wallet_transactions
2025-01-09T10:08:50+00:00 INFO User in action: 1: Get transient key: customer_1_10_0, Option key: _wkwc_transient_wkwc_wallet_transactions_customer_1_10_0, Transient group: wkwc_wallet_transactions, File writing: 1, Transient caching enabled: 1, PHP Fast enabled: 
2025-01-09T10:08:50+00:00 INFO User in action: 1: Set Cache key: customer_1_10_0, Cache group: wkwc_wallet_transactions
2025-01-09T10:08:50+00:00 INFO User in action: 1: WK_Caching_Object Set Cache key: customer_1_10_0, Cache group: wkwc_wallet_transactions
2025-01-09T10:08:50+00:00 INFO User in action: 1: WK_Caching_Transient Set transient key: customer_1_10_0, Option key: _wkwc_transient_wkwc_wallet_transactions_customer_1_10_0, Transient group: wkwc_wallet_transactions, Expiry: 3600, PHP Fast enabled: , File writing enabled: 1, Transient caching enabled: 1
2025-01-09T10:08:50+00:00 INFO User in action: 1: Data written in file, transient key: customer_1_10_0, Option key: _wkwc_transient_wkwc_wallet_transactions_customer_1_10_0, Transient group: wkwc_wallet_transactions, Expiry: 3600
2025-01-09T10:42:52+00:00 INFO User in action: 2: Get Cache key: customer_id_2, Cache group: wkwc_wallet_transactions
2025-01-09T10:42:52+00:00 INFO User in action: 2: Get transient key: customer_id_2, Option key: _wkwc_transient_wkwc_wallet_transactions_customer_id_2, Transient group: wkwc_wallet_transactions, File writing: 1, Transient caching enabled: 1, PHP Fast enabled: 
2025-01-09T10:42:52+00:00 INFO User in action: 2: Set Cache key: customer_id_2, Cache group: wkwc_wallet_transactions
2025-01-09T10:42:52+00:00 INFO User in action: 2: WK_Caching_Object Set Cache key: customer_id_2, Cache group: wkwc_wallet_transactions
2025-01-09T10:42:52+00:00 INFO User in action: 2: WK_Caching_Transient Set transient key: customer_id_2, Option key: _wkwc_transient_wkwc_wallet_transactions_customer_id_2, Transient group: wkwc_wallet_transactions, Expiry: 3600, PHP Fast enabled: , File writing enabled: 1, Transient caching enabled: 1
2025-01-09T10:42:52+00:00 INFO User in action: 2: Data written in file, transient key: customer_id_2, Option key: _wkwc_transient_wkwc_wallet_transactions_customer_id_2, Transient group: wkwc_wallet_transactions, Expiry: 3600
2025-01-09T10:42:52+00:00 INFO User in action: 2: Get Cache key: customer_2_10_0, Cache group: wkwc_wallet_transactions
2025-01-09T10:42:52+00:00 INFO User in action: 2: Get transient key: customer_2_10_0, Option key: _wkwc_transient_wkwc_wallet_transactions_customer_2_10_0, Transient group: wkwc_wallet_transactions, File writing: 1, Transient caching enabled: 1, PHP Fast enabled: 
2025-01-09T10:42:52+00:00 INFO User in action: 2: Set Cache key: customer_2_10_0, Cache group: wkwc_wallet_transactions
2025-01-09T10:42:52+00:00 INFO User in action: 2: WK_Caching_Object Set Cache key: customer_2_10_0, Cache group: wkwc_wallet_transactions
2025-01-09T10:42:52+00:00 INFO User in action: 2: WK_Caching_Transient Set transient key: customer_2_10_0, Option key: _wkwc_transient_wkwc_wallet_transactions_customer_2_10_0, Transient group: wkwc_wallet_transactions, Expiry: 3600, PHP Fast enabled: , File writing enabled: 1, Transient caching enabled: 1
2025-01-09T10:42:52+00:00 INFO User in action: 2: Data written in file, transient key: customer_2_10_0, Option key: _wkwc_transient_wkwc_wallet_transactions_customer_2_10_0, Transient group: wkwc_wallet_transactions, Expiry: 3600
2025-01-09T10:43:01+00:00 INFO User in action: 2: Get Cache key: customer_id_2, Cache group: wkwc_wallet_transactions
2025-01-09T10:43:01+00:00 INFO User in action: 2: Get transient key: customer_id_2, Option key: _wkwc_transient_wkwc_wallet_transactions_customer_id_2, Transient group: wkwc_wallet_transactions, File writing: 1, Transient caching enabled: 1, PHP Fast enabled: 
2025-01-09T10:43:01+00:00 INFO User in action: 2: Data found in file, Transient key: customer_id_2, Option key: _wkwc_transient_wkwc_wallet_transactions_customer_id_2
2025-01-09T10:43:01+00:00 INFO User in action: 2: Set Cache key: customer_id_2, Cache group: wkwc_wallet_transactions
2025-01-09T10:43:01+00:00 INFO User in action: 2: WK_Caching_Object Set Cache key: customer_id_2, Cache group: wkwc_wallet_transactions
2025-01-09T10:43:01+00:00 INFO User in action: 2: WK_Caching_Transient Set transient key: customer_id_2, Option key: _wkwc_transient_wkwc_wallet_transactions_customer_id_2, Transient group: wkwc_wallet_transactions, Expiry: 3600, PHP Fast enabled: , File writing enabled: 1, Transient caching enabled: 1
2025-01-09T10:43:01+00:00 INFO User in action: 2: Data written in file, transient key: customer_id_2, Option key: _wkwc_transient_wkwc_wallet_transactions_customer_id_2, Transient group: wkwc_wallet_transactions, Expiry: 3600
2025-01-09T10:43:01+00:00 INFO User in action: 2: Get Cache key: customer_2_10_0, Cache group: wkwc_wallet_transactions
2025-01-09T10:43:01+00:00 INFO User in action: 2: Get transient key: customer_2_10_0, Option key: _wkwc_transient_wkwc_wallet_transactions_customer_2_10_0, Transient group: wkwc_wallet_transactions, File writing: 1, Transient caching enabled: 1, PHP Fast enabled: 
2025-01-09T10:43:01+00:00 INFO User in action: 2: Data found in file, Transient key: customer_2_10_0, Option key: _wkwc_transient_wkwc_wallet_transactions_customer_2_10_0
2025-01-09T10:43:01+00:00 INFO User in action: 2: Set Cache key: customer_2_10_0, Cache group: wkwc_wallet_transactions
2025-01-09T10:43:01+00:00 INFO User in action: 2: WK_Caching_Object Set Cache key: customer_2_10_0, Cache group: wkwc_wallet_transactions
2025-01-09T10:43:01+00:00 INFO User in action: 2: WK_Caching_Transient Set transient key: customer_2_10_0, Option key: _wkwc_transient_wkwc_wallet_transactions_customer_2_10_0, Transient group: wkwc_wallet_transactions, Expiry: 3600, PHP Fast enabled: , File writing enabled: 1, Transient caching enabled: 1
2025-01-09T10:43:01+00:00 INFO User in action: 2: Data written in file, transient key: customer_2_10_0, Option key: _wkwc_transient_wkwc_wallet_transactions_customer_2_10_0, Transient group: wkwc_wallet_transactions, Expiry: 3600
2025-01-09T10:43:08+00:00 INFO User in action: 2: Get Cache key: customer_id_2, Cache group: wkwc_wallet_transactions
2025-01-09T10:43:08+00:00 INFO User in action: 2: Get transient key: customer_id_2, Option key: _wkwc_transient_wkwc_wallet_transactions_customer_id_2, Transient group: wkwc_wallet_transactions, File writing: 1, Transient caching enabled: 1, PHP Fast enabled: 
2025-01-09T10:43:08+00:00 INFO User in action: 2: Data found in file, Transient key: customer_id_2, Option key: _wkwc_transient_wkwc_wallet_transactions_customer_id_2
2025-01-09T10:43:08+00:00 INFO User in action: 2: Set Cache key: customer_id_2, Cache group: wkwc_wallet_transactions
2025-01-09T10:43:08+00:00 INFO User in action: 2: WK_Caching_Object Set Cache key: customer_id_2, Cache group: wkwc_wallet_transactions
2025-01-09T10:43:08+00:00 INFO User in action: 2: WK_Caching_Transient Set transient key: customer_id_2, Option key: _wkwc_transient_wkwc_wallet_transactions_customer_id_2, Transient group: wkwc_wallet_transactions, Expiry: 3600, PHP Fast enabled: , File writing enabled: 1, Transient caching enabled: 1
2025-01-09T10:43:08+00:00 INFO User in action: 2: Data written in file, transient key: customer_id_2, Option key: _wkwc_transient_wkwc_wallet_transactions_customer_id_2, Transient group: wkwc_wallet_transactions, Expiry: 3600
2025-01-09T10:43:08+00:00 INFO User in action: 2: Get Cache key: customer_2_10_0, Cache group: wkwc_wallet_transactions
2025-01-09T10:43:08+00:00 INFO User in action: 2: Get transient key: customer_2_10_0, Option key: _wkwc_transient_wkwc_wallet_transactions_customer_2_10_0, Transient group: wkwc_wallet_transactions, File writing: 1, Transient caching enabled: 1, PHP Fast enabled: 
2025-01-09T10:43:08+00:00 INFO User in action: 2: Data found in file, Transient key: customer_2_10_0, Option key: _wkwc_transient_wkwc_wallet_transactions_customer_2_10_0
2025-01-09T10:43:08+00:00 INFO User in action: 2: Set Cache key: customer_2_10_0, Cache group: wkwc_wallet_transactions
2025-01-09T10:43:08+00:00 INFO User in action: 2: WK_Caching_Object Set Cache key: customer_2_10_0, Cache group: wkwc_wallet_transactions
2025-01-09T10:43:08+00:00 INFO User in action: 2: WK_Caching_Transient Set transient key: customer_2_10_0, Option key: _wkwc_transient_wkwc_wallet_transactions_customer_2_10_0, Transient group: wkwc_wallet_transactions, Expiry: 3600, PHP Fast enabled: , File writing enabled: 1, Transient caching enabled: 1
2025-01-09T10:43:08+00:00 INFO User in action: 2: Data written in file, transient key: customer_2_10_0, Option key: _wkwc_transient_wkwc_wallet_transactions_customer_2_10_0, Transient group: wkwc_wallet_transactions, Expiry: 3600
2025-01-09T10:43:14+00:00 INFO User in action: 2: Get Cache key: customer_id_2, Cache group: wkwc_wallet_transactions
2025-01-09T10:43:14+00:00 INFO User in action: 2: Get transient key: customer_id_2, Option key: _wkwc_transient_wkwc_wallet_transactions_customer_id_2, Transient group: wkwc_wallet_transactions, File writing: 1, Transient caching enabled: 1, PHP Fast enabled: 
2025-01-09T10:43:14+00:00 INFO User in action: 2: Data found in file, Transient key: customer_id_2, Option key: _wkwc_transient_wkwc_wallet_transactions_customer_id_2
2025-01-09T10:43:14+00:00 INFO User in action: 2: Set Cache key: customer_id_2, Cache group: wkwc_wallet_transactions
2025-01-09T10:43:14+00:00 INFO User in action: 2: WK_Caching_Object Set Cache key: customer_id_2, Cache group: wkwc_wallet_transactions
2025-01-09T10:43:14+00:00 INFO User in action: 2: WK_Caching_Transient Set transient key: customer_id_2, Option key: _wkwc_transient_wkwc_wallet_transactions_customer_id_2, Transient group: wkwc_wallet_transactions, Expiry: 3600, PHP Fast enabled: , File writing enabled: 1, Transient caching enabled: 1
2025-01-09T10:43:14+00:00 INFO User in action: 2: Data written in file, transient key: customer_id_2, Option key: _wkwc_transient_wkwc_wallet_transactions_customer_id_2, Transient group: wkwc_wallet_transactions, Expiry: 3600
2025-01-09T10:43:14+00:00 INFO User in action: 2: Get Cache key: customer_2_10_0, Cache group: wkwc_wallet_transactions
2025-01-09T10:43:14+00:00 INFO User in action: 2: Get transient key: customer_2_10_0, Option key: _wkwc_transient_wkwc_wallet_transactions_customer_2_10_0, Transient group: wkwc_wallet_transactions, File writing: 1, Transient caching enabled: 1, PHP Fast enabled: 
2025-01-09T10:43:14+00:00 INFO User in action: 2: Data found in file, Transient key: customer_2_10_0, Option key: _wkwc_transient_wkwc_wallet_transactions_customer_2_10_0
2025-01-09T10:43:14+00:00 INFO User in action: 2: Set Cache key: customer_2_10_0, Cache group: wkwc_wallet_transactions
2025-01-09T10:43:14+00:00 INFO User in action: 2: WK_Caching_Object Set Cache key: customer_2_10_0, Cache group: wkwc_wallet_transactions
2025-01-09T10:43:14+00:00 INFO User in action: 2: WK_Caching_Transient Set transient key: customer_2_10_0, Option key: _wkwc_transient_wkwc_wallet_transactions_customer_2_10_0, Transient group: wkwc_wallet_transactions, Expiry: 3600, PHP Fast enabled: , File writing enabled: 1, Transient caching enabled: 1
2025-01-09T10:43:14+00:00 INFO User in action: 2: Data written in file, transient key: customer_2_10_0, Option key: _wkwc_transient_wkwc_wallet_transactions_customer_2_10_0, Transient group: wkwc_wallet_transactions, Expiry: 3600
2025-01-09T10:46:36+00:00 INFO User in action: 1: Reset Cache key: , Cache group: wkwc_wallet_transactions, Force: 
2025-01-09T10:46:36+00:00 INFO User in action: 1: Deleting all transients and files: File writing: 1, Cache in transient: 1, PHP Fast enabled: 
2025-01-09T10:46:36+00:00 INFO User in action: 1: Deleting all file: wkwc_wallet_transactions, Deleted: 
2025-01-09T10:46:36+00:00 INFO User in action: 1: Deleting all transient: wkwc_wallet_transactions, Deleted: 0
2025-01-09T10:50:03+00:00 INFO User in action: 2: Get Cache key: customer_id_2, Cache group: wkwc_wallet_transactions
2025-01-09T10:50:03+00:00 INFO User in action: 2: Get transient key: customer_id_2, Option key: _wkwc_transient_wkwc_wallet_transactions_customer_id_2, Transient group: wkwc_wallet_transactions, File writing: 1, Transient caching enabled: 1, PHP Fast enabled: 
2025-01-09T10:50:03+00:00 INFO User in action: 2: Set Cache key: customer_id_2, Cache group: wkwc_wallet_transactions
2025-01-09T10:50:03+00:00 INFO User in action: 2: WK_Caching_Object Set Cache key: customer_id_2, Cache group: wkwc_wallet_transactions
2025-01-09T10:50:03+00:00 INFO User in action: 2: WK_Caching_Transient Set transient key: customer_id_2, Option key: _wkwc_transient_wkwc_wallet_transactions_customer_id_2, Transient group: wkwc_wallet_transactions, Expiry: 3600, PHP Fast enabled: , File writing enabled: 1, Transient caching enabled: 1
2025-01-09T10:50:03+00:00 INFO User in action: 2: Data written in file, transient key: customer_id_2, Option key: _wkwc_transient_wkwc_wallet_transactions_customer_id_2, Transient group: wkwc_wallet_transactions, Expiry: 3600
2025-01-09T10:50:03+00:00 INFO User in action: 2: Get Cache key: customer_2_10_0, Cache group: wkwc_wallet_transactions
2025-01-09T10:50:03+00:00 INFO User in action: 2: Get transient key: customer_2_10_0, Option key: _wkwc_transient_wkwc_wallet_transactions_customer_2_10_0, Transient group: wkwc_wallet_transactions, File writing: 1, Transient caching enabled: 1, PHP Fast enabled: 
2025-01-09T10:50:03+00:00 INFO User in action: 2: Set Cache key: customer_2_10_0, Cache group: wkwc_wallet_transactions
2025-01-09T10:50:03+00:00 INFO User in action: 2: WK_Caching_Object Set Cache key: customer_2_10_0, Cache group: wkwc_wallet_transactions
2025-01-09T10:50:03+00:00 INFO User in action: 2: WK_Caching_Transient Set transient key: customer_2_10_0, Option key: _wkwc_transient_wkwc_wallet_transactions_customer_2_10_0, Transient group: wkwc_wallet_transactions, Expiry: 3600, PHP Fast enabled: , File writing enabled: 1, Transient caching enabled: 1
2025-01-09T10:50:03+00:00 INFO User in action: 2: Data written in file, transient key: customer_2_10_0, Option key: _wkwc_transient_wkwc_wallet_transactions_customer_2_10_0, Transient group: wkwc_wallet_transactions, Expiry: 3600
2025-01-09T10:54:47+00:00 INFO User in action: 2: Get Cache key: customer_id_2, Cache group: wkwc_wallet_transactions
2025-01-09T10:54:47+00:00 INFO User in action: 2: Get transient key: customer_id_2, Option key: _wkwc_transient_wkwc_wallet_transactions_customer_id_2, Transient group: wkwc_wallet_transactions, File writing: 1, Transient caching enabled: 1, PHP Fast enabled: 
2025-01-09T10:54:47+00:00 INFO User in action: 2: Data found in file, Transient key: customer_id_2, Option key: _wkwc_transient_wkwc_wallet_transactions_customer_id_2
2025-01-09T10:54:47+00:00 INFO User in action: 2: Set Cache key: customer_id_2, Cache group: wkwc_wallet_transactions
2025-01-09T10:54:47+00:00 INFO User in action: 2: WK_Caching_Object Set Cache key: customer_id_2, Cache group: wkwc_wallet_transactions
2025-01-09T10:54:47+00:00 INFO User in action: 2: WK_Caching_Transient Set transient key: customer_id_2, Option key: _wkwc_transient_wkwc_wallet_transactions_customer_id_2, Transient group: wkwc_wallet_transactions, Expiry: 3600, PHP Fast enabled: , File writing enabled: 1, Transient caching enabled: 1
2025-01-09T10:54:47+00:00 INFO User in action: 2: Data written in file, transient key: customer_id_2, Option key: _wkwc_transient_wkwc_wallet_transactions_customer_id_2, Transient group: wkwc_wallet_transactions, Expiry: 3600
2025-01-09T10:54:47+00:00 INFO User in action: 2: Get Cache key: customer_2_10_0, Cache group: wkwc_wallet_transactions
2025-01-09T10:54:47+00:00 INFO User in action: 2: Get transient key: customer_2_10_0, Option key: _wkwc_transient_wkwc_wallet_transactions_customer_2_10_0, Transient group: wkwc_wallet_transactions, File writing: 1, Transient caching enabled: 1, PHP Fast enabled: 
2025-01-09T10:54:47+00:00 INFO User in action: 2: Data found in file, Transient key: customer_2_10_0, Option key: _wkwc_transient_wkwc_wallet_transactions_customer_2_10_0
2025-01-09T10:54:47+00:00 INFO User in action: 2: Set Cache key: customer_2_10_0, Cache group: wkwc_wallet_transactions
2025-01-09T10:54:47+00:00 INFO User in action: 2: WK_Caching_Object Set Cache key: customer_2_10_0, Cache group: wkwc_wallet_transactions
2025-01-09T10:54:47+00:00 INFO User in action: 2: WK_Caching_Transient Set transient key: customer_2_10_0, Option key: _wkwc_transient_wkwc_wallet_transactions_customer_2_10_0, Transient group: wkwc_wallet_transactions, Expiry: 3600, PHP Fast enabled: , File writing enabled: 1, Transient caching enabled: 1
2025-01-09T10:54:47+00:00 INFO User in action: 2: Data written in file, transient key: customer_2_10_0, Option key: _wkwc_transient_wkwc_wallet_transactions_customer_2_10_0, Transient group: wkwc_wallet_transactions, Expiry: 3600
2025-01-09T10:54:58+00:00 INFO User in action: 2: Get Cache key: customer_id_2, Cache group: wkwc_wallet_transactions
2025-01-09T10:54:58+00:00 INFO User in action: 2: Get transient key: customer_id_2, Option key: _wkwc_transient_wkwc_wallet_transactions_customer_id_2, Transient group: wkwc_wallet_transactions, File writing: 1, Transient caching enabled: 1, PHP Fast enabled: 
2025-01-09T10:54:58+00:00 INFO User in action: 2: Data found in file, Transient key: customer_id_2, Option key: _wkwc_transient_wkwc_wallet_transactions_customer_id_2
2025-01-09T10:54:58+00:00 INFO User in action: 2: Set Cache key: customer_id_2, Cache group: wkwc_wallet_transactions
2025-01-09T10:54:58+00:00 INFO User in action: 2: WK_Caching_Object Set Cache key: customer_id_2, Cache group: wkwc_wallet_transactions
2025-01-09T10:54:58+00:00 INFO User in action: 2: WK_Caching_Transient Set transient key: customer_id_2, Option key: _wkwc_transient_wkwc_wallet_transactions_customer_id_2, Transient group: wkwc_wallet_transactions, Expiry: 3600, PHP Fast enabled: , File writing enabled: 1, Transient caching enabled: 1
2025-01-09T10:54:58+00:00 INFO User in action: 2: Data written in file, transient key: customer_id_2, Option key: _wkwc_transient_wkwc_wallet_transactions_customer_id_2, Transient group: wkwc_wallet_transactions, Expiry: 3600
2025-01-09T10:54:58+00:00 INFO User in action: 2: Get Cache key: customer_2_10_0, Cache group: wkwc_wallet_transactions
2025-01-09T10:54:58+00:00 INFO User in action: 2: Get transient key: customer_2_10_0, Option key: _wkwc_transient_wkwc_wallet_transactions_customer_2_10_0, Transient group: wkwc_wallet_transactions, File writing: 1, Transient caching enabled: 1, PHP Fast enabled: 
2025-01-09T10:54:58+00:00 INFO User in action: 2: Data found in file, Transient key: customer_2_10_0, Option key: _wkwc_transient_wkwc_wallet_transactions_customer_2_10_0
2025-01-09T10:54:58+00:00 INFO User in action: 2: Set Cache key: customer_2_10_0, Cache group: wkwc_wallet_transactions
2025-01-09T10:54:58+00:00 INFO User in action: 2: WK_Caching_Object Set Cache key: customer_2_10_0, Cache group: wkwc_wallet_transactions
2025-01-09T10:54:58+00:00 INFO User in action: 2: WK_Caching_Transient Set transient key: customer_2_10_0, Option key: _wkwc_transient_wkwc_wallet_transactions_customer_2_10_0, Transient group: wkwc_wallet_transactions, Expiry: 3600, PHP Fast enabled: , File writing enabled: 1, Transient caching enabled: 1
2025-01-09T10:54:58+00:00 INFO User in action: 2: Data written in file, transient key: customer_2_10_0, Option key: _wkwc_transient_wkwc_wallet_transactions_customer_2_10_0, Transient group: wkwc_wallet_transactions, Expiry: 3600
2025-01-09T10:57:41+00:00 INFO User in action: 1: Reset Cache key: customer_1, Cache group: wkwc_wallet_transaction, Force: 
2025-01-09T10:57:41+00:00 INFO User in action: 1: Deleting transient and file, Option key: _wkwc_transient_wkwc_wallet_transaction_customer_1, File writing: 1, Transient caching enabled: 1, PHP Fast enabled: 
2025-01-09T10:57:41+00:00 INFO User in action: 1: Deleting transient: _wkwc_transient_wkwc_wallet_transaction_customer_1
2025-01-09T10:57:41+00:00 INFO User in action: 1: Reset Cache key: customer_1, Cache group: wkwc_wallet_transactions, Force: 
2025-01-09T10:57:41+00:00 INFO User in action: 1: Deleting transient and file, Option key: _wkwc_transient_wkwc_wallet_transactions_customer_1, File writing: 1, Transient caching enabled: 1, PHP Fast enabled: 
2025-01-09T10:57:41+00:00 INFO User in action: 1: Deleting transient: _wkwc_transient_wkwc_wallet_transactions_customer_1
2025-01-09T10:57:41+00:00 INFO User in action: 1: Reset Cache key: customer_id_1, Cache group: wkwc_wallet_transaction, Force: 
2025-01-09T10:57:41+00:00 INFO User in action: 1: Deleting transient and file, Option key: _wkwc_transient_wkwc_wallet_transaction_customer_id_1, File writing: 1, Transient caching enabled: 1, PHP Fast enabled: 
2025-01-09T10:57:41+00:00 INFO User in action: 1: Deleting transient: _wkwc_transient_wkwc_wallet_transaction_customer_id_1
2025-01-09T10:57:41+00:00 INFO User in action: 1: Reset Cache key: customer_id_1, Cache group: wkwc_wallet_transactions, Force: 
2025-01-09T10:57:41+00:00 INFO User in action: 1: Deleting transient and file, Option key: _wkwc_transient_wkwc_wallet_transactions_customer_id_1, File writing: 1, Transient caching enabled: 1, PHP Fast enabled: 
2025-01-09T10:57:41+00:00 INFO User in action: 1: Deleting file: _wkwc_transient_wkwc_wallet_transactions_customer_id_1, Deleted: 1
2025-01-09T10:57:41+00:00 INFO User in action: 1: Deleting transient: _wkwc_transient_wkwc_wallet_transactions_customer_id_1
2025-01-09T10:57:41+00:00 INFO User in action: 1: Reset Cache key: transaction_id_1, Cache group: wkwc_wallet_transaction, Force: 
2025-01-09T10:57:41+00:00 INFO User in action: 1: Deleting transient and file, Option key: _wkwc_transient_wkwc_wallet_transaction_transaction_id_1, File writing: 1, Transient caching enabled: 1, PHP Fast enabled: 
2025-01-09T10:57:41+00:00 INFO User in action: 1: Deleting transient: _wkwc_transient_wkwc_wallet_transaction_transaction_id_1
2025-01-09T10:57:41+00:00 INFO User in action: 1: Reset Cache key: transaction_id_1, Cache group: wkwc_wallet_transactions, Force: 
2025-01-09T10:57:41+00:00 INFO User in action: 1: Deleting transient and file, Option key: _wkwc_transient_wkwc_wallet_transactions_transaction_id_1, File writing: 1, Transient caching enabled: 1, PHP Fast enabled: 
2025-01-09T10:57:41+00:00 INFO User in action: 1: Deleting transient: _wkwc_transient_wkwc_wallet_transactions_transaction_id_1
2025-01-09T11:02:44+00:00 INFO User in action: 1: Get Cache key: customer_id_1, Cache group: wkwc_wallet_transactions
2025-01-09T11:02:44+00:00 INFO User in action: 1: Get transient key: customer_id_1, Option key: _wkwc_transient_wkwc_wallet_transactions_customer_id_1, Transient group: wkwc_wallet_transactions, File writing: 1, Transient caching enabled: 1, PHP Fast enabled: 
2025-01-09T11:02:44+00:00 INFO User in action: 1: Set Cache key: customer_id_1, Cache group: wkwc_wallet_transactions
2025-01-09T11:02:44+00:00 INFO User in action: 1: WK_Caching_Object Set Cache key: customer_id_1, Cache group: wkwc_wallet_transactions
2025-01-09T11:02:44+00:00 INFO User in action: 1: WK_Caching_Transient Set transient key: customer_id_1, Option key: _wkwc_transient_wkwc_wallet_transactions_customer_id_1, Transient group: wkwc_wallet_transactions, Expiry: 3600, PHP Fast enabled: , File writing enabled: 1, Transient caching enabled: 1
2025-01-09T11:02:44+00:00 INFO User in action: 1: Data written in file, transient key: customer_id_1, Option key: _wkwc_transient_wkwc_wallet_transactions_customer_id_1, Transient group: wkwc_wallet_transactions, Expiry: 3600
2025-01-09T11:02:44+00:00 INFO User in action: 1: Get Cache key: customer_1_10_0, Cache group: wkwc_wallet_transactions
2025-01-09T11:02:44+00:00 INFO User in action: 1: Get transient key: customer_1_10_0, Option key: _wkwc_transient_wkwc_wallet_transactions_customer_1_10_0, Transient group: wkwc_wallet_transactions, File writing: 1, Transient caching enabled: 1, PHP Fast enabled: 
2025-01-09T11:02:44+00:00 INFO User in action: 1: Data found in file, Transient key: customer_1_10_0, Option key: _wkwc_transient_wkwc_wallet_transactions_customer_1_10_0
2025-01-09T11:17:46+00:00 INFO User in action: 3: Get Cache key: customer_id_3, Cache group: wkwc_wallet_transactions
2025-01-09T11:17:46+00:00 INFO User in action: 3: Get transient key: customer_id_3, Option key: _wkwc_transient_wkwc_wallet_transactions_customer_id_3, Transient group: wkwc_wallet_transactions, File writing: 1, Transient caching enabled: 1, PHP Fast enabled: 
2025-01-09T11:17:46+00:00 INFO User in action: 3: Set Cache key: customer_id_3, Cache group: wkwc_wallet_transactions
2025-01-09T11:17:46+00:00 INFO User in action: 3: WK_Caching_Object Set Cache key: customer_id_3, Cache group: wkwc_wallet_transactions
2025-01-09T11:17:46+00:00 INFO User in action: 3: WK_Caching_Transient Set transient key: customer_id_3, Option key: _wkwc_transient_wkwc_wallet_transactions_customer_id_3, Transient group: wkwc_wallet_transactions, Expiry: 3600, PHP Fast enabled: , File writing enabled: 1, Transient caching enabled: 1
2025-01-09T11:17:46+00:00 INFO User in action: 3: Data written in file, transient key: customer_id_3, Option key: _wkwc_transient_wkwc_wallet_transactions_customer_id_3, Transient group: wkwc_wallet_transactions, Expiry: 3600
2025-01-09T11:17:46+00:00 INFO User in action: 3: Get Cache key: customer_3_10_0, Cache group: wkwc_wallet_transactions
2025-01-09T11:17:46+00:00 INFO User in action: 3: Get transient key: customer_3_10_0, Option key: _wkwc_transient_wkwc_wallet_transactions_customer_3_10_0, Transient group: wkwc_wallet_transactions, File writing: 1, Transient caching enabled: 1, PHP Fast enabled: 
2025-01-09T11:17:46+00:00 INFO User in action: 3: Set Cache key: customer_3_10_0, Cache group: wkwc_wallet_transactions
2025-01-09T11:17:46+00:00 INFO User in action: 3: WK_Caching_Object Set Cache key: customer_3_10_0, Cache group: wkwc_wallet_transactions
2025-01-09T11:17:46+00:00 INFO User in action: 3: WK_Caching_Transient Set transient key: customer_3_10_0, Option key: _wkwc_transient_wkwc_wallet_transactions_customer_3_10_0, Transient group: wkwc_wallet_transactions, Expiry: 3600, PHP Fast enabled: , File writing enabled: 1, Transient caching enabled: 1
2025-01-09T11:17:46+00:00 INFO User in action: 3: Data written in file, transient key: customer_3_10_0, Option key: _wkwc_transient_wkwc_wallet_transactions_customer_3_10_0, Transient group: wkwc_wallet_transactions, Expiry: 3600
2025-01-09T20:06:47+00:00 INFO User in action: 3: Get Cache key: customer_id_3, Cache group: wkwc_wallet_transactions
2025-01-09T20:06:47+00:00 INFO User in action: 3: Get transient key: customer_id_3, Option key: _wkwc_transient_wkwc_wallet_transactions_customer_id_3, Transient group: wkwc_wallet_transactions, File writing: 1, Transient caching enabled: 1, PHP Fast enabled: 
2025-01-09T20:06:47+00:00 INFO User in action: 3: Set Cache key: customer_id_3, Cache group: wkwc_wallet_transactions
2025-01-09T20:06:47+00:00 INFO User in action: 3: WK_Caching_Object Set Cache key: customer_id_3, Cache group: wkwc_wallet_transactions
2025-01-09T20:06:47+00:00 INFO User in action: 3: WK_Caching_Transient Set transient key: customer_id_3, Option key: _wkwc_transient_wkwc_wallet_transactions_customer_id_3, Transient group: wkwc_wallet_transactions, Expiry: 3600, PHP Fast enabled: , File writing enabled: 1, Transient caching enabled: 1
2025-01-09T20:06:47+00:00 INFO User in action: 3: Data written in file, transient key: customer_id_3, Option key: _wkwc_transient_wkwc_wallet_transactions_customer_id_3, Transient group: wkwc_wallet_transactions, Expiry: 3600
2025-01-09T20:06:47+00:00 INFO User in action: 3: Get Cache key: customer_3_10_0, Cache group: wkwc_wallet_transactions
2025-01-09T20:06:47+00:00 INFO User in action: 3: Get transient key: customer_3_10_0, Option key: _wkwc_transient_wkwc_wallet_transactions_customer_3_10_0, Transient group: wkwc_wallet_transactions, File writing: 1, Transient caching enabled: 1, PHP Fast enabled: 
2025-01-09T20:06:47+00:00 INFO User in action: 3: Set Cache key: customer_3_10_0, Cache group: wkwc_wallet_transactions
2025-01-09T20:06:47+00:00 INFO User in action: 3: WK_Caching_Object Set Cache key: customer_3_10_0, Cache group: wkwc_wallet_transactions
2025-01-09T20:06:47+00:00 INFO User in action: 3: WK_Caching_Transient Set transient key: customer_3_10_0, Option key: _wkwc_transient_wkwc_wallet_transactions_customer_3_10_0, Transient group: wkwc_wallet_transactions, Expiry: 3600, PHP Fast enabled: , File writing enabled: 1, Transient caching enabled: 1
2025-01-09T20:06:47+00:00 INFO User in action: 3: Data written in file, transient key: customer_3_10_0, Option key: _wkwc_transient_wkwc_wallet_transactions_customer_3_10_0, Transient group: wkwc_wallet_transactions, Expiry: 3600
2025-01-09T20:06:57+00:00 INFO User in action: 3: Get Cache key: customer_id_3, Cache group: wkwc_wallet_transactions
2025-01-09T20:06:57+00:00 INFO User in action: 3: Get transient key: customer_id_3, Option key: _wkwc_transient_wkwc_wallet_transactions_customer_id_3, Transient group: wkwc_wallet_transactions, File writing: 1, Transient caching enabled: 1, PHP Fast enabled: 
2025-01-09T20:06:57+00:00 INFO User in action: 3: Data found in file, Transient key: customer_id_3, Option key: _wkwc_transient_wkwc_wallet_transactions_customer_id_3
2025-01-09T20:06:57+00:00 INFO User in action: 3: Set Cache key: customer_id_3, Cache group: wkwc_wallet_transactions
2025-01-09T20:06:57+00:00 INFO User in action: 3: WK_Caching_Object Set Cache key: customer_id_3, Cache group: wkwc_wallet_transactions
2025-01-09T20:06:57+00:00 INFO User in action: 3: WK_Caching_Transient Set transient key: customer_id_3, Option key: _wkwc_transient_wkwc_wallet_transactions_customer_id_3, Transient group: wkwc_wallet_transactions, Expiry: 3600, PHP Fast enabled: , File writing enabled: 1, Transient caching enabled: 1
2025-01-09T20:06:57+00:00 INFO User in action: 3: Data written in file, transient key: customer_id_3, Option key: _wkwc_transient_wkwc_wallet_transactions_customer_id_3, Transient group: wkwc_wallet_transactions, Expiry: 3600
2025-01-09T20:06:57+00:00 INFO User in action: 3: Get Cache key: customer_3_10_0, Cache group: wkwc_wallet_transactions
2025-01-09T20:06:57+00:00 INFO User in action: 3: Get transient key: customer_3_10_0, Option key: _wkwc_transient_wkwc_wallet_transactions_customer_3_10_0, Transient group: wkwc_wallet_transactions, File writing: 1, Transient caching enabled: 1, PHP Fast enabled: 
2025-01-09T20:06:57+00:00 INFO User in action: 3: Data found in file, Transient key: customer_3_10_0, Option key: _wkwc_transient_wkwc_wallet_transactions_customer_3_10_0
2025-01-09T20:06:57+00:00 INFO User in action: 3: Set Cache key: customer_3_10_0, Cache group: wkwc_wallet_transactions
2025-01-09T20:06:57+00:00 INFO User in action: 3: WK_Caching_Object Set Cache key: customer_3_10_0, Cache group: wkwc_wallet_transactions
2025-01-09T20:06:57+00:00 INFO User in action: 3: WK_Caching_Transient Set transient key: customer_3_10_0, Option key: _wkwc_transient_wkwc_wallet_transactions_customer_3_10_0, Transient group: wkwc_wallet_transactions, Expiry: 3600, PHP Fast enabled: , File writing enabled: 1, Transient caching enabled: 1
2025-01-09T20:06:57+00:00 INFO User in action: 3: Data written in file, transient key: customer_3_10_0, Option key: _wkwc_transient_wkwc_wallet_transactions_customer_3_10_0, Transient group: wkwc_wallet_transactions, Expiry: 3600
2025-01-09T20:07:03+00:00 INFO User in action: 3: Get Cache key: customer_id_3, Cache group: wkwc_wallet_transactions
2025-01-09T20:07:03+00:00 INFO User in action: 3: Get transient key: customer_id_3, Option key: _wkwc_transient_wkwc_wallet_transactions_customer_id_3, Transient group: wkwc_wallet_transactions, File writing: 1, Transient caching enabled: 1, PHP Fast enabled: 
2025-01-09T20:07:03+00:00 INFO User in action: 3: Data found in file, Transient key: customer_id_3, Option key: _wkwc_transient_wkwc_wallet_transactions_customer_id_3
2025-01-09T20:07:03+00:00 INFO User in action: 3: Set Cache key: customer_id_3, Cache group: wkwc_wallet_transactions
2025-01-09T20:07:03+00:00 INFO User in action: 3: WK_Caching_Object Set Cache key: customer_id_3, Cache group: wkwc_wallet_transactions
2025-01-09T20:07:03+00:00 INFO User in action: 3: WK_Caching_Transient Set transient key: customer_id_3, Option key: _wkwc_transient_wkwc_wallet_transactions_customer_id_3, Transient group: wkwc_wallet_transactions, Expiry: 3600, PHP Fast enabled: , File writing enabled: 1, Transient caching enabled: 1
2025-01-09T20:07:03+00:00 INFO User in action: 3: Data written in file, transient key: customer_id_3, Option key: _wkwc_transient_wkwc_wallet_transactions_customer_id_3, Transient group: wkwc_wallet_transactions, Expiry: 3600
2025-01-09T20:07:03+00:00 INFO User in action: 3: Get Cache key: customer_3_10_0, Cache group: wkwc_wallet_transactions
2025-01-09T20:07:03+00:00 INFO User in action: 3: Get transient key: customer_3_10_0, Option key: _wkwc_transient_wkwc_wallet_transactions_customer_3_10_0, Transient group: wkwc_wallet_transactions, File writing: 1, Transient caching enabled: 1, PHP Fast enabled: 
2025-01-09T20:07:03+00:00 INFO User in action: 3: Data found in file, Transient key: customer_3_10_0, Option key: _wkwc_transient_wkwc_wallet_transactions_customer_3_10_0
2025-01-09T20:07:03+00:00 INFO User in action: 3: Set Cache key: customer_3_10_0, Cache group: wkwc_wallet_transactions
2025-01-09T20:07:03+00:00 INFO User in action: 3: WK_Caching_Object Set Cache key: customer_3_10_0, Cache group: wkwc_wallet_transactions
2025-01-09T20:07:03+00:00 INFO User in action: 3: WK_Caching_Transient Set transient key: customer_3_10_0, Option key: _wkwc_transient_wkwc_wallet_transactions_customer_3_10_0, Transient group: wkwc_wallet_transactions, Expiry: 3600, PHP Fast enabled: , File writing enabled: 1, Transient caching enabled: 1
2025-01-09T20:07:03+00:00 INFO User in action: 3: Data written in file, transient key: customer_3_10_0, Option key: _wkwc_transient_wkwc_wallet_transactions_customer_3_10_0, Transient group: wkwc_wallet_transactions, Expiry: 3600
2025-01-09T22:07:02+00:00 INFO User in action: 3: Get Cache key: customer_id_3, Cache group: wkwc_wallet_transactions
2025-01-09T22:07:02+00:00 INFO User in action: 3: Get transient key: customer_id_3, Option key: _wkwc_transient_wkwc_wallet_transactions_customer_id_3, Transient group: wkwc_wallet_transactions, File writing: 1, Transient caching enabled: 1, PHP Fast enabled: 
2025-01-09T22:07:02+00:00 INFO User in action: 3: Set Cache key: customer_id_3, Cache group: wkwc_wallet_transactions
2025-01-09T22:07:02+00:00 INFO User in action: 3: WK_Caching_Object Set Cache key: customer_id_3, Cache group: wkwc_wallet_transactions
2025-01-09T22:07:02+00:00 INFO User in action: 3: WK_Caching_Transient Set transient key: customer_id_3, Option key: _wkwc_transient_wkwc_wallet_transactions_customer_id_3, Transient group: wkwc_wallet_transactions, Expiry: 3600, PHP Fast enabled: , File writing enabled: 1, Transient caching enabled: 1
2025-01-09T22:07:02+00:00 INFO User in action: 3: Data written in file, transient key: customer_id_3, Option key: _wkwc_transient_wkwc_wallet_transactions_customer_id_3, Transient group: wkwc_wallet_transactions, Expiry: 3600
2025-01-09T22:07:02+00:00 INFO User in action: 3: Get Cache key: customer_3_10_0, Cache group: wkwc_wallet_transactions
2025-01-09T22:07:02+00:00 INFO User in action: 3: Get transient key: customer_3_10_0, Option key: _wkwc_transient_wkwc_wallet_transactions_customer_3_10_0, Transient group: wkwc_wallet_transactions, File writing: 1, Transient caching enabled: 1, PHP Fast enabled: 
2025-01-09T22:07:02+00:00 INFO User in action: 3: Set Cache key: customer_3_10_0, Cache group: wkwc_wallet_transactions
2025-01-09T22:07:02+00:00 INFO User in action: 3: WK_Caching_Object Set Cache key: customer_3_10_0, Cache group: wkwc_wallet_transactions
2025-01-09T22:07:02+00:00 INFO User in action: 3: WK_Caching_Transient Set transient key: customer_3_10_0, Option key: _wkwc_transient_wkwc_wallet_transactions_customer_3_10_0, Transient group: wkwc_wallet_transactions, Expiry: 3600, PHP Fast enabled: , File writing enabled: 1, Transient caching enabled: 1
2025-01-09T22:07:02+00:00 INFO User in action: 3: Data written in file, transient key: customer_3_10_0, Option key: _wkwc_transient_wkwc_wallet_transactions_customer_3_10_0, Transient group: wkwc_wallet_transactions, Expiry: 3600
2025-01-09T22:08:17+00:00 INFO User in action: 1: Get Cache key: customer_id_1, Cache group: wkwc_wallet_transactions
2025-01-09T22:08:17+00:00 INFO User in action: 1: Get transient key: customer_id_1, Option key: _wkwc_transient_wkwc_wallet_transactions_customer_id_1, Transient group: wkwc_wallet_transactions, File writing: 1, Transient caching enabled: 1, PHP Fast enabled: 
2025-01-09T22:08:17+00:00 INFO User in action: 1: Set Cache key: customer_id_1, Cache group: wkwc_wallet_transactions
2025-01-09T22:08:17+00:00 INFO User in action: 1: WK_Caching_Object Set Cache key: customer_id_1, Cache group: wkwc_wallet_transactions
2025-01-09T22:08:17+00:00 INFO User in action: 1: WK_Caching_Transient Set transient key: customer_id_1, Option key: _wkwc_transient_wkwc_wallet_transactions_customer_id_1, Transient group: wkwc_wallet_transactions, Expiry: 3600, PHP Fast enabled: , File writing enabled: 1, Transient caching enabled: 1
2025-01-09T22:08:17+00:00 INFO User in action: 1: Data written in file, transient key: customer_id_1, Option key: _wkwc_transient_wkwc_wallet_transactions_customer_id_1, Transient group: wkwc_wallet_transactions, Expiry: 3600
2025-01-09T22:08:17+00:00 INFO User in action: 1: Get Cache key: customer_1_10_0, Cache group: wkwc_wallet_transactions
2025-01-09T22:08:17+00:00 INFO User in action: 1: Get transient key: customer_1_10_0, Option key: _wkwc_transient_wkwc_wallet_transactions_customer_1_10_0, Transient group: wkwc_wallet_transactions, File writing: 1, Transient caching enabled: 1, PHP Fast enabled: 
2025-01-09T22:08:17+00:00 INFO User in action: 1: Set Cache key: customer_1_10_0, Cache group: wkwc_wallet_transactions
2025-01-09T22:08:17+00:00 INFO User in action: 1: WK_Caching_Object Set Cache key: customer_1_10_0, Cache group: wkwc_wallet_transactions
2025-01-09T22:08:17+00:00 INFO User in action: 1: WK_Caching_Transient Set transient key: customer_1_10_0, Option key: _wkwc_transient_wkwc_wallet_transactions_customer_1_10_0, Transient group: wkwc_wallet_transactions, Expiry: 3600, PHP Fast enabled: , File writing enabled: 1, Transient caching enabled: 1
2025-01-09T22:08:17+00:00 INFO User in action: 1: Data written in file, transient key: customer_1_10_0, Option key: _wkwc_transient_wkwc_wallet_transactions_customer_1_10_0, Transient group: wkwc_wallet_transactions, Expiry: 3600
2025-01-09T22:08:50+00:00 INFO User in action: 1: Reset Cache key: customer_1, Cache group: wkwc_wallet_transaction, Force: 
2025-01-09T22:08:50+00:00 INFO User in action: 1: Deleting transient and file, Option key: _wkwc_transient_wkwc_wallet_transaction_customer_1, File writing: 1, Transient caching enabled: 1, PHP Fast enabled: 
2025-01-09T22:08:50+00:00 INFO User in action: 1: Deleting transient: _wkwc_transient_wkwc_wallet_transaction_customer_1
2025-01-09T22:08:50+00:00 INFO User in action: 1: Reset Cache key: customer_1, Cache group: wkwc_wallet_transactions, Force: 
2025-01-09T22:08:50+00:00 INFO User in action: 1: Deleting transient and file, Option key: _wkwc_transient_wkwc_wallet_transactions_customer_1, File writing: 1, Transient caching enabled: 1, PHP Fast enabled: 
2025-01-09T22:08:50+00:00 INFO User in action: 1: Deleting transient: _wkwc_transient_wkwc_wallet_transactions_customer_1
2025-01-09T22:08:50+00:00 INFO User in action: 1: Reset Cache key: customer_id_1, Cache group: wkwc_wallet_transaction, Force: 
2025-01-09T22:08:50+00:00 INFO User in action: 1: Deleting transient and file, Option key: _wkwc_transient_wkwc_wallet_transaction_customer_id_1, File writing: 1, Transient caching enabled: 1, PHP Fast enabled: 
2025-01-09T22:08:50+00:00 INFO User in action: 1: Deleting transient: _wkwc_transient_wkwc_wallet_transaction_customer_id_1
2025-01-09T22:08:50+00:00 INFO User in action: 1: Reset Cache key: customer_id_1, Cache group: wkwc_wallet_transactions, Force: 
2025-01-09T22:08:50+00:00 INFO User in action: 1: Deleting transient and file, Option key: _wkwc_transient_wkwc_wallet_transactions_customer_id_1, File writing: 1, Transient caching enabled: 1, PHP Fast enabled: 
2025-01-09T22:08:50+00:00 INFO User in action: 1: Deleting file: _wkwc_transient_wkwc_wallet_transactions_customer_id_1, Deleted: 1
2025-01-09T22:08:50+00:00 INFO User in action: 1: Deleting transient: _wkwc_transient_wkwc_wallet_transactions_customer_id_1
2025-01-09T22:08:50+00:00 INFO User in action: 1: Reset Cache key: transaction_id_1, Cache group: wkwc_wallet_transaction, Force: 
2025-01-09T22:08:50+00:00 INFO User in action: 1: Deleting transient and file, Option key: _wkwc_transient_wkwc_wallet_transaction_transaction_id_1, File writing: 1, Transient caching enabled: 1, PHP Fast enabled: 
2025-01-09T22:08:50+00:00 INFO User in action: 1: Deleting transient: _wkwc_transient_wkwc_wallet_transaction_transaction_id_1
2025-01-09T22:08:50+00:00 INFO User in action: 1: Reset Cache key: transaction_id_1, Cache group: wkwc_wallet_transactions, Force: 
2025-01-09T22:08:50+00:00 INFO User in action: 1: Deleting transient and file, Option key: _wkwc_transient_wkwc_wallet_transactions_transaction_id_1, File writing: 1, Transient caching enabled: 1, PHP Fast enabled: 
2025-01-09T22:08:50+00:00 INFO User in action: 1: Deleting transient: _wkwc_transient_wkwc_wallet_transactions_transaction_id_1
2025-01-09T22:08:50+00:00 INFO User in action: 1: Reset Cache key: customer_3, Cache group: wkwc_wallet_transaction, Force: 
2025-01-09T22:08:50+00:00 INFO User in action: 1: Deleting transient and file, Option key: _wkwc_transient_wkwc_wallet_transaction_customer_3, File writing: 1, Transient caching enabled: 1, PHP Fast enabled: 
2025-01-09T22:08:50+00:00 INFO User in action: 1: Deleting transient: _wkwc_transient_wkwc_wallet_transaction_customer_3
2025-01-09T22:08:50+00:00 INFO User in action: 1: Reset Cache key: customer_3, Cache group: wkwc_wallet_transactions, Force: 
2025-01-09T22:08:50+00:00 INFO User in action: 1: Deleting transient and file, Option key: _wkwc_transient_wkwc_wallet_transactions_customer_3, File writing: 1, Transient caching enabled: 1, PHP Fast enabled: 
2025-01-09T22:08:50+00:00 INFO User in action: 1: Deleting transient: _wkwc_transient_wkwc_wallet_transactions_customer_3
2025-01-09T22:08:50+00:00 INFO User in action: 1: Reset Cache key: customer_id_3, Cache group: wkwc_wallet_transaction, Force: 
2025-01-09T22:08:50+00:00 INFO User in action: 1: Deleting transient and file, Option key: _wkwc_transient_wkwc_wallet_transaction_customer_id_3, File writing: 1, Transient caching enabled: 1, PHP Fast enabled: 
2025-01-09T22:08:50+00:00 INFO User in action: 1: Deleting transient: _wkwc_transient_wkwc_wallet_transaction_customer_id_3
2025-01-09T22:08:50+00:00 INFO User in action: 1: Reset Cache key: customer_id_3, Cache group: wkwc_wallet_transactions, Force: 
2025-01-09T22:08:50+00:00 INFO User in action: 1: Deleting transient and file, Option key: _wkwc_transient_wkwc_wallet_transactions_customer_id_3, File writing: 1, Transient caching enabled: 1, PHP Fast enabled: 
2025-01-09T22:08:50+00:00 INFO User in action: 1: Deleting file: _wkwc_transient_wkwc_wallet_transactions_customer_id_3, Deleted: 1
2025-01-09T22:08:50+00:00 INFO User in action: 1: Deleting transient: _wkwc_transient_wkwc_wallet_transactions_customer_id_3
2025-01-09T22:08:50+00:00 INFO User in action: 1: Reset Cache key: transaction_id_3, Cache group: wkwc_wallet_transaction, Force: 
2025-01-09T22:08:50+00:00 INFO User in action: 1: Deleting transient and file, Option key: _wkwc_transient_wkwc_wallet_transaction_transaction_id_3, File writing: 1, Transient caching enabled: 1, PHP Fast enabled: 
2025-01-09T22:08:50+00:00 INFO User in action: 1: Deleting transient: _wkwc_transient_wkwc_wallet_transaction_transaction_id_3
2025-01-09T22:08:50+00:00 INFO User in action: 1: Reset Cache key: transaction_id_3, Cache group: wkwc_wallet_transactions, Force: 
2025-01-09T22:08:50+00:00 INFO User in action: 1: Deleting transient and file, Option key: _wkwc_transient_wkwc_wallet_transactions_transaction_id_3, File writing: 1, Transient caching enabled: 1, PHP Fast enabled: 
2025-01-09T22:08:50+00:00 INFO User in action: 1: Deleting transient: _wkwc_transient_wkwc_wallet_transactions_transaction_id_3
2025-01-09T22:09:06+00:00 INFO User in action: 3: Get Cache key: customer_id_3, Cache group: wkwc_wallet_transactions
2025-01-09T22:09:06+00:00 INFO User in action: 3: Get transient key: customer_id_3, Option key: _wkwc_transient_wkwc_wallet_transactions_customer_id_3, Transient group: wkwc_wallet_transactions, File writing: 1, Transient caching enabled: 1, PHP Fast enabled: 
2025-01-09T22:09:06+00:00 INFO User in action: 3: Set Cache key: customer_id_3, Cache group: wkwc_wallet_transactions
2025-01-09T22:09:06+00:00 INFO User in action: 3: WK_Caching_Object Set Cache key: customer_id_3, Cache group: wkwc_wallet_transactions
2025-01-09T22:09:06+00:00 INFO User in action: 3: WK_Caching_Transient Set transient key: customer_id_3, Option key: _wkwc_transient_wkwc_wallet_transactions_customer_id_3, Transient group: wkwc_wallet_transactions, Expiry: 3600, PHP Fast enabled: , File writing enabled: 1, Transient caching enabled: 1
2025-01-09T22:09:06+00:00 INFO User in action: 3: Data written in file, transient key: customer_id_3, Option key: _wkwc_transient_wkwc_wallet_transactions_customer_id_3, Transient group: wkwc_wallet_transactions, Expiry: 3600
2025-01-09T22:09:06+00:00 INFO User in action: 3: Get Cache key: customer_3_10_0, Cache group: wkwc_wallet_transactions
2025-01-09T22:09:06+00:00 INFO User in action: 3: Get transient key: customer_3_10_0, Option key: _wkwc_transient_wkwc_wallet_transactions_customer_3_10_0, Transient group: wkwc_wallet_transactions, File writing: 1, Transient caching enabled: 1, PHP Fast enabled: 
2025-01-09T22:09:06+00:00 INFO User in action: 3: Data found in file, Transient key: customer_3_10_0, Option key: _wkwc_transient_wkwc_wallet_transactions_customer_3_10_0
2025-01-09T22:09:06+00:00 INFO User in action: 3: Set Cache key: customer_3_10_0, Cache group: wkwc_wallet_transactions
2025-01-09T22:09:06+00:00 INFO User in action: 3: WK_Caching_Object Set Cache key: customer_3_10_0, Cache group: wkwc_wallet_transactions
2025-01-09T22:09:06+00:00 INFO User in action: 3: WK_Caching_Transient Set transient key: customer_3_10_0, Option key: _wkwc_transient_wkwc_wallet_transactions_customer_3_10_0, Transient group: wkwc_wallet_transactions, Expiry: 3600, PHP Fast enabled: , File writing enabled: 1, Transient caching enabled: 1
2025-01-09T22:09:06+00:00 INFO User in action: 3: Data written in file, transient key: customer_3_10_0, Option key: _wkwc_transient_wkwc_wallet_transactions_customer_3_10_0, Transient group: wkwc_wallet_transactions, Expiry: 3600
2025-01-09T22:09:25+00:00 INFO User in action: 3: Get Cache key: customer_id_3, Cache group: wkwc_wallet_transactions
2025-01-09T22:09:25+00:00 INFO User in action: 3: Get transient key: customer_id_3, Option key: _wkwc_transient_wkwc_wallet_transactions_customer_id_3, Transient group: wkwc_wallet_transactions, File writing: 1, Transient caching enabled: 1, PHP Fast enabled: 
2025-01-09T22:09:25+00:00 INFO User in action: 3: Data found in file, Transient key: customer_id_3, Option key: _wkwc_transient_wkwc_wallet_transactions_customer_id_3
2025-01-09T22:09:25+00:00 INFO User in action: 3: Get Cache key: customer_3_10_0, Cache group: wkwc_wallet_transactions
2025-01-09T22:09:25+00:00 INFO User in action: 3: Get transient key: customer_3_10_0, Option key: _wkwc_transient_wkwc_wallet_transactions_customer_3_10_0, Transient group: wkwc_wallet_transactions, File writing: 1, Transient caching enabled: 1, PHP Fast enabled: 
2025-01-09T22:09:25+00:00 INFO User in action: 3: Data found in file, Transient key: customer_3_10_0, Option key: _wkwc_transient_wkwc_wallet_transactions_customer_3_10_0
2025-01-09T22:11:00+00:00 INFO User in action: 1: Get Cache key: customer_id_1, Cache group: wkwc_wallet_transactions
2025-01-09T22:11:00+00:00 INFO User in action: 1: Get transient key: customer_id_1, Option key: _wkwc_transient_wkwc_wallet_transactions_customer_id_1, Transient group: wkwc_wallet_transactions, File writing: 1, Transient caching enabled: 1, PHP Fast enabled: 
2025-01-09T22:11:00+00:00 INFO User in action: 1: Set Cache key: customer_id_1, Cache group: wkwc_wallet_transactions
2025-01-09T22:11:00+00:00 INFO User in action: 1: WK_Caching_Object Set Cache key: customer_id_1, Cache group: wkwc_wallet_transactions
2025-01-09T22:11:00+00:00 INFO User in action: 1: WK_Caching_Transient Set transient key: customer_id_1, Option key: _wkwc_transient_wkwc_wallet_transactions_customer_id_1, Transient group: wkwc_wallet_transactions, Expiry: 3600, PHP Fast enabled: , File writing enabled: 1, Transient caching enabled: 1
2025-01-09T22:11:00+00:00 INFO User in action: 1: Data written in file, transient key: customer_id_1, Option key: _wkwc_transient_wkwc_wallet_transactions_customer_id_1, Transient group: wkwc_wallet_transactions, Expiry: 3600
2025-01-09T22:11:00+00:00 INFO User in action: 1: Get Cache key: customer_1_10_0, Cache group: wkwc_wallet_transactions
2025-01-09T22:11:00+00:00 INFO User in action: 1: Get transient key: customer_1_10_0, Option key: _wkwc_transient_wkwc_wallet_transactions_customer_1_10_0, Transient group: wkwc_wallet_transactions, File writing: 1, Transient caching enabled: 1, PHP Fast enabled: 
2025-01-09T22:11:00+00:00 INFO User in action: 1: Data found in file, Transient key: customer_1_10_0, Option key: _wkwc_transient_wkwc_wallet_transactions_customer_1_10_0
2025-01-09T22:15:44+00:00 INFO User in action: 1: Reset Cache key: customer_1, Cache group: wkwc_wallet_transaction, Force: 
2025-01-09T22:15:44+00:00 INFO User in action: 1: Deleting transient and file, Option key: _wkwc_transient_wkwc_wallet_transaction_customer_1, File writing: 1, Transient caching enabled: 1, PHP Fast enabled: 
2025-01-09T22:15:44+00:00 INFO User in action: 1: Deleting transient: _wkwc_transient_wkwc_wallet_transaction_customer_1
2025-01-09T22:15:44+00:00 INFO User in action: 1: Reset Cache key: customer_1, Cache group: wkwc_wallet_transactions, Force: 
2025-01-09T22:15:44+00:00 INFO User in action: 1: Deleting transient and file, Option key: _wkwc_transient_wkwc_wallet_transactions_customer_1, File writing: 1, Transient caching enabled: 1, PHP Fast enabled: 
2025-01-09T22:15:44+00:00 INFO User in action: 1: Deleting transient: _wkwc_transient_wkwc_wallet_transactions_customer_1
2025-01-09T22:15:44+00:00 INFO User in action: 1: Reset Cache key: customer_id_1, Cache group: wkwc_wallet_transaction, Force: 
2025-01-09T22:15:44+00:00 INFO User in action: 1: Deleting transient and file, Option key: _wkwc_transient_wkwc_wallet_transaction_customer_id_1, File writing: 1, Transient caching enabled: 1, PHP Fast enabled: 
2025-01-09T22:15:44+00:00 INFO User in action: 1: Deleting transient: _wkwc_transient_wkwc_wallet_transaction_customer_id_1
2025-01-09T22:15:44+00:00 INFO User in action: 1: Reset Cache key: customer_id_1, Cache group: wkwc_wallet_transactions, Force: 
2025-01-09T22:15:44+00:00 INFO User in action: 1: Deleting transient and file, Option key: _wkwc_transient_wkwc_wallet_transactions_customer_id_1, File writing: 1, Transient caching enabled: 1, PHP Fast enabled: 
2025-01-09T22:15:44+00:00 INFO User in action: 1: Deleting file: _wkwc_transient_wkwc_wallet_transactions_customer_id_1, Deleted: 1
2025-01-09T22:15:44+00:00 INFO User in action: 1: Deleting transient: _wkwc_transient_wkwc_wallet_transactions_customer_id_1
2025-01-09T22:15:44+00:00 INFO User in action: 1: Reset Cache key: transaction_id_1, Cache group: wkwc_wallet_transaction, Force: 
2025-01-09T22:15:44+00:00 INFO User in action: 1: Deleting transient and file, Option key: _wkwc_transient_wkwc_wallet_transaction_transaction_id_1, File writing: 1, Transient caching enabled: 1, PHP Fast enabled: 
2025-01-09T22:15:44+00:00 INFO User in action: 1: Deleting transient: _wkwc_transient_wkwc_wallet_transaction_transaction_id_1
2025-01-09T22:15:44+00:00 INFO User in action: 1: Reset Cache key: transaction_id_1, Cache group: wkwc_wallet_transactions, Force: 
2025-01-09T22:15:44+00:00 INFO User in action: 1: Deleting transient and file, Option key: _wkwc_transient_wkwc_wallet_transactions_transaction_id_1, File writing: 1, Transient caching enabled: 1, PHP Fast enabled: 
2025-01-09T22:15:44+00:00 INFO User in action: 1: Deleting transient: _wkwc_transient_wkwc_wallet_transactions_transaction_id_1
2025-01-09T22:15:44+00:00 INFO User in action: 1: Reset Cache key: customer_3, Cache group: wkwc_wallet_transaction, Force: 
2025-01-09T22:15:44+00:00 INFO User in action: 1: Deleting transient and file, Option key: _wkwc_transient_wkwc_wallet_transaction_customer_3, File writing: 1, Transient caching enabled: 1, PHP Fast enabled: 
2025-01-09T22:15:44+00:00 INFO User in action: 1: Deleting transient: _wkwc_transient_wkwc_wallet_transaction_customer_3
2025-01-09T22:15:44+00:00 INFO User in action: 1: Reset Cache key: customer_3, Cache group: wkwc_wallet_transactions, Force: 
2025-01-09T22:15:44+00:00 INFO User in action: 1: Deleting transient and file, Option key: _wkwc_transient_wkwc_wallet_transactions_customer_3, File writing: 1, Transient caching enabled: 1, PHP Fast enabled: 
2025-01-09T22:15:44+00:00 INFO User in action: 1: Deleting transient: _wkwc_transient_wkwc_wallet_transactions_customer_3
2025-01-09T22:15:44+00:00 INFO User in action: 1: Reset Cache key: customer_id_3, Cache group: wkwc_wallet_transaction, Force: 
2025-01-09T22:15:44+00:00 INFO User in action: 1: Deleting transient and file, Option key: _wkwc_transient_wkwc_wallet_transaction_customer_id_3, File writing: 1, Transient caching enabled: 1, PHP Fast enabled: 
2025-01-09T22:15:44+00:00 INFO User in action: 1: Deleting transient: _wkwc_transient_wkwc_wallet_transaction_customer_id_3
2025-01-09T22:15:44+00:00 INFO User in action: 1: Reset Cache key: customer_id_3, Cache group: wkwc_wallet_transactions, Force: 
2025-01-09T22:15:44+00:00 INFO User in action: 1: Deleting transient and file, Option key: _wkwc_transient_wkwc_wallet_transactions_customer_id_3, File writing: 1, Transient caching enabled: 1, PHP Fast enabled: 
2025-01-09T22:15:44+00:00 INFO User in action: 1: Deleting file: _wkwc_transient_wkwc_wallet_transactions_customer_id_3, Deleted: 1
2025-01-09T22:15:44+00:00 INFO User in action: 1: Deleting transient: _wkwc_transient_wkwc_wallet_transactions_customer_id_3
2025-01-09T22:15:44+00:00 INFO User in action: 1: Reset Cache key: transaction_id_3, Cache group: wkwc_wallet_transaction, Force: 
2025-01-09T22:15:44+00:00 INFO User in action: 1: Deleting transient and file, Option key: _wkwc_transient_wkwc_wallet_transaction_transaction_id_3, File writing: 1, Transient caching enabled: 1, PHP Fast enabled: 
2025-01-09T22:15:44+00:00 INFO User in action: 1: Deleting transient: _wkwc_transient_wkwc_wallet_transaction_transaction_id_3
2025-01-09T22:15:44+00:00 INFO User in action: 1: Reset Cache key: transaction_id_3, Cache group: wkwc_wallet_transactions, Force: 
2025-01-09T22:15:44+00:00 INFO User in action: 1: Deleting transient and file, Option key: _wkwc_transient_wkwc_wallet_transactions_transaction_id_3, File writing: 1, Transient caching enabled: 1, PHP Fast enabled: 
2025-01-09T22:15:44+00:00 INFO User in action: 1: Deleting transient: _wkwc_transient_wkwc_wallet_transactions_transaction_id_3
2025-01-09T22:21:51+00:00 INFO User in action: 1: Get Cache key: customer_id_1, Cache group: wkwc_wallet_transactions
2025-01-09T22:21:51+00:00 INFO User in action: 1: Get transient key: customer_id_1, Option key: _wkwc_transient_wkwc_wallet_transactions_customer_id_1, Transient group: wkwc_wallet_transactions, File writing: 1, Transient caching enabled: 1, PHP Fast enabled: 
2025-01-09T22:21:51+00:00 INFO User in action: 1: Set Cache key: customer_id_1, Cache group: wkwc_wallet_transactions
2025-01-09T22:21:51+00:00 INFO User in action: 1: WK_Caching_Object Set Cache key: customer_id_1, Cache group: wkwc_wallet_transactions
2025-01-09T22:21:51+00:00 INFO User in action: 1: WK_Caching_Transient Set transient key: customer_id_1, Option key: _wkwc_transient_wkwc_wallet_transactions_customer_id_1, Transient group: wkwc_wallet_transactions, Expiry: 3600, PHP Fast enabled: , File writing enabled: 1, Transient caching enabled: 1
2025-01-09T22:21:51+00:00 INFO User in action: 1: Data written in file, transient key: customer_id_1, Option key: _wkwc_transient_wkwc_wallet_transactions_customer_id_1, Transient group: wkwc_wallet_transactions, Expiry: 3600
2025-01-09T22:21:51+00:00 INFO User in action: 1: Get Cache key: customer_1_10_0, Cache group: wkwc_wallet_transactions
2025-01-09T22:21:51+00:00 INFO User in action: 1: Get transient key: customer_1_10_0, Option key: _wkwc_transient_wkwc_wallet_transactions_customer_1_10_0, Transient group: wkwc_wallet_transactions, File writing: 1, Transient caching enabled: 1, PHP Fast enabled: 
2025-01-09T22:21:51+00:00 INFO User in action: 1: Data found in file, Transient key: customer_1_10_0, Option key: _wkwc_transient_wkwc_wallet_transactions_customer_1_10_0
2025-01-09T22:26:22+00:00 INFO User in action: 6: Get Cache key: customer_id_6, Cache group: wkwc_wallet_transactions
2025-01-09T22:26:22+00:00 INFO User in action: 6: Get transient key: customer_id_6, Option key: _wkwc_transient_wkwc_wallet_transactions_customer_id_6, Transient group: wkwc_wallet_transactions, File writing: 1, Transient caching enabled: 1, PHP Fast enabled: 
2025-01-09T22:26:22+00:00 INFO User in action: 6: Set Cache key: customer_id_6, Cache group: wkwc_wallet_transactions
2025-01-09T22:26:22+00:00 INFO User in action: 6: WK_Caching_Object Set Cache key: customer_id_6, Cache group: wkwc_wallet_transactions
2025-01-09T22:26:22+00:00 INFO User in action: 6: WK_Caching_Transient Set transient key: customer_id_6, Option key: _wkwc_transient_wkwc_wallet_transactions_customer_id_6, Transient group: wkwc_wallet_transactions, Expiry: 3600, PHP Fast enabled: , File writing enabled: 1, Transient caching enabled: 1
2025-01-09T22:26:22+00:00 INFO User in action: 6: Data written in file, transient key: customer_id_6, Option key: _wkwc_transient_wkwc_wallet_transactions_customer_id_6, Transient group: wkwc_wallet_transactions, Expiry: 3600
2025-01-09T22:26:22+00:00 INFO User in action: 6: Get Cache key: customer_6_10_0, Cache group: wkwc_wallet_transactions
2025-01-09T22:26:22+00:00 INFO User in action: 6: Get transient key: customer_6_10_0, Option key: _wkwc_transient_wkwc_wallet_transactions_customer_6_10_0, Transient group: wkwc_wallet_transactions, File writing: 1, Transient caching enabled: 1, PHP Fast enabled: 
2025-01-09T22:26:22+00:00 INFO User in action: 6: Set Cache key: customer_6_10_0, Cache group: wkwc_wallet_transactions
2025-01-09T22:26:22+00:00 INFO User in action: 6: WK_Caching_Object Set Cache key: customer_6_10_0, Cache group: wkwc_wallet_transactions
2025-01-09T22:26:22+00:00 INFO User in action: 6: WK_Caching_Transient Set transient key: customer_6_10_0, Option key: _wkwc_transient_wkwc_wallet_transactions_customer_6_10_0, Transient group: wkwc_wallet_transactions, Expiry: 3600, PHP Fast enabled: , File writing enabled: 1, Transient caching enabled: 1
2025-01-09T22:26:22+00:00 INFO User in action: 6: Data written in file, transient key: customer_6_10_0, Option key: _wkwc_transient_wkwc_wallet_transactions_customer_6_10_0, Transient group: wkwc_wallet_transactions, Expiry: 3600
