2025-01-23T17:14:25+00:00 INFO User in action: 4: Get Cache key: customer_id_4, Cache group: wkwc_wallet_transactions
2025-01-23T17:14:25+00:00 INFO User in action: 4: Get transient key: customer_id_4, Option key: _wkwc_transient_wkwc_wallet_transactions_customer_id_4, Transient group: wkwc_wallet_transactions, File writing: 1, Transient caching enabled: 1, PHP Fast enabled: 
2025-01-23T17:14:25+00:00 INFO User in action: 4: Set Cache key: customer_id_4, Cache group: wkwc_wallet_transactions
2025-01-23T17:14:25+00:00 INFO User in action: 4: WK_Caching_Object Set Cache key: customer_id_4, Cache group: wkwc_wallet_transactions
2025-01-23T17:14:25+00:00 INFO User in action: 4: WK_Caching_Transient Set transient key: customer_id_4, Option key: _wkwc_transient_wkwc_wallet_transactions_customer_id_4, Transient group: wkwc_wallet_transactions, Expiry: 3600, PHP Fast enabled: , File writing enabled: 1, Transient caching enabled: 1
2025-01-23T17:14:25+00:00 INFO User in action: 4: Data written in file, transient key: customer_id_4, Option key: _wkwc_transient_wkwc_wallet_transactions_customer_id_4, Transient group: wkwc_wallet_transactions, Expiry: 3600
2025-01-23T17:14:25+00:00 INFO User in action: 4: Get Cache key: customer_4_10_0, Cache group: wkwc_wallet_transactions
2025-01-23T17:14:25+00:00 INFO User in action: 4: Get transient key: customer_4_10_0, Option key: _wkwc_transient_wkwc_wallet_transactions_customer_4_10_0, Transient group: wkwc_wallet_transactions, File writing: 1, Transient caching enabled: 1, PHP Fast enabled: 
2025-01-23T17:14:25+00:00 INFO User in action: 4: Set Cache key: customer_4_10_0, Cache group: wkwc_wallet_transactions
2025-01-23T17:14:25+00:00 INFO User in action: 4: WK_Caching_Object Set Cache key: customer_4_10_0, Cache group: wkwc_wallet_transactions
2025-01-23T17:14:25+00:00 INFO User in action: 4: WK_Caching_Transient Set transient key: customer_4_10_0, Option key: _wkwc_transient_wkwc_wallet_transactions_customer_4_10_0, Transient group: wkwc_wallet_transactions, Expiry: 3600, PHP Fast enabled: , File writing enabled: 1, Transient caching enabled: 1
2025-01-23T17:14:25+00:00 INFO User in action: 4: Data written in file, transient key: customer_4_10_0, Option key: _wkwc_transient_wkwc_wallet_transactions_customer_4_10_0, Transient group: wkwc_wallet_transactions, Expiry: 3600
2025-01-23T17:14:27+00:00 INFO User in action: 4: Get Cache key: customer_id_4, Cache group: wkwc_wallet_transactions
2025-01-23T17:14:27+00:00 INFO User in action: 4: Get transient key: customer_id_4, Option key: _wkwc_transient_wkwc_wallet_transactions_customer_id_4, Transient group: wkwc_wallet_transactions, File writing: 1, Transient caching enabled: 1, PHP Fast enabled: 
2025-01-23T17:14:27+00:00 INFO User in action: 4: Data found in file, Transient key: customer_id_4, Option key: _wkwc_transient_wkwc_wallet_transactions_customer_id_4
2025-01-23T17:14:27+00:00 INFO User in action: 4: Set Cache key: customer_id_4, Cache group: wkwc_wallet_transactions
2025-01-23T17:14:27+00:00 INFO User in action: 4: WK_Caching_Object Set Cache key: customer_id_4, Cache group: wkwc_wallet_transactions
2025-01-23T17:14:27+00:00 INFO User in action: 4: WK_Caching_Transient Set transient key: customer_id_4, Option key: _wkwc_transient_wkwc_wallet_transactions_customer_id_4, Transient group: wkwc_wallet_transactions, Expiry: 3600, PHP Fast enabled: , File writing enabled: 1, Transient caching enabled: 1
2025-01-23T17:14:27+00:00 INFO User in action: 4: Data written in file, transient key: customer_id_4, Option key: _wkwc_transient_wkwc_wallet_transactions_customer_id_4, Transient group: wkwc_wallet_transactions, Expiry: 3600
2025-01-23T17:14:27+00:00 INFO User in action: 4: Get Cache key: customer_4_10_0, Cache group: wkwc_wallet_transactions
2025-01-23T17:14:27+00:00 INFO User in action: 4: Get transient key: customer_4_10_0, Option key: _wkwc_transient_wkwc_wallet_transactions_customer_4_10_0, Transient group: wkwc_wallet_transactions, File writing: 1, Transient caching enabled: 1, PHP Fast enabled: 
2025-01-23T17:14:27+00:00 INFO User in action: 4: Data found in file, Transient key: customer_4_10_0, Option key: _wkwc_transient_wkwc_wallet_transactions_customer_4_10_0
2025-01-23T17:14:27+00:00 INFO User in action: 4: Set Cache key: customer_4_10_0, Cache group: wkwc_wallet_transactions
2025-01-23T17:14:27+00:00 INFO User in action: 4: WK_Caching_Object Set Cache key: customer_4_10_0, Cache group: wkwc_wallet_transactions
2025-01-23T17:14:27+00:00 INFO User in action: 4: WK_Caching_Transient Set transient key: customer_4_10_0, Option key: _wkwc_transient_wkwc_wallet_transactions_customer_4_10_0, Transient group: wkwc_wallet_transactions, Expiry: 3600, PHP Fast enabled: , File writing enabled: 1, Transient caching enabled: 1
2025-01-23T17:14:27+00:00 INFO User in action: 4: Data written in file, transient key: customer_4_10_0, Option key: _wkwc_transient_wkwc_wallet_transactions_customer_4_10_0, Transient group: wkwc_wallet_transactions, Expiry: 3600
2025-01-23T17:57:26+00:00 INFO User in action: 4: Get Cache key: customer_id_4, Cache group: wkwc_wallet_transactions
2025-01-23T17:57:26+00:00 INFO User in action: 4: Get transient key: customer_id_4, Option key: _wkwc_transient_wkwc_wallet_transactions_customer_id_4, Transient group: wkwc_wallet_transactions, File writing: 1, Transient caching enabled: 1, PHP Fast enabled: 
2025-01-23T17:57:26+00:00 INFO User in action: 4: Data found in file, Transient key: customer_id_4, Option key: _wkwc_transient_wkwc_wallet_transactions_customer_id_4
2025-01-23T17:57:26+00:00 INFO User in action: 4: Set Cache key: customer_id_4, Cache group: wkwc_wallet_transactions
2025-01-23T17:57:26+00:00 INFO User in action: 4: WK_Caching_Object Set Cache key: customer_id_4, Cache group: wkwc_wallet_transactions
2025-01-23T17:57:26+00:00 INFO User in action: 4: WK_Caching_Transient Set transient key: customer_id_4, Option key: _wkwc_transient_wkwc_wallet_transactions_customer_id_4, Transient group: wkwc_wallet_transactions, Expiry: 3600, PHP Fast enabled: , File writing enabled: 1, Transient caching enabled: 1
2025-01-23T17:57:26+00:00 INFO User in action: 4: Data written in file, transient key: customer_id_4, Option key: _wkwc_transient_wkwc_wallet_transactions_customer_id_4, Transient group: wkwc_wallet_transactions, Expiry: 3600
2025-01-23T17:57:26+00:00 INFO User in action: 4: Get Cache key: customer_4_10_0, Cache group: wkwc_wallet_transactions
2025-01-23T17:57:26+00:00 INFO User in action: 4: Get transient key: customer_4_10_0, Option key: _wkwc_transient_wkwc_wallet_transactions_customer_4_10_0, Transient group: wkwc_wallet_transactions, File writing: 1, Transient caching enabled: 1, PHP Fast enabled: 
2025-01-23T17:57:26+00:00 INFO User in action: 4: Data found in file, Transient key: customer_4_10_0, Option key: _wkwc_transient_wkwc_wallet_transactions_customer_4_10_0
2025-01-23T17:57:26+00:00 INFO User in action: 4: Set Cache key: customer_4_10_0, Cache group: wkwc_wallet_transactions
2025-01-23T17:57:26+00:00 INFO User in action: 4: WK_Caching_Object Set Cache key: customer_4_10_0, Cache group: wkwc_wallet_transactions
2025-01-23T17:57:26+00:00 INFO User in action: 4: WK_Caching_Transient Set transient key: customer_4_10_0, Option key: _wkwc_transient_wkwc_wallet_transactions_customer_4_10_0, Transient group: wkwc_wallet_transactions, Expiry: 3600, PHP Fast enabled: , File writing enabled: 1, Transient caching enabled: 1
2025-01-23T17:57:26+00:00 INFO User in action: 4: Data written in file, transient key: customer_4_10_0, Option key: _wkwc_transient_wkwc_wallet_transactions_customer_4_10_0, Transient group: wkwc_wallet_transactions, Expiry: 3600
2025-01-23T18:13:17+00:00 INFO User in action: 4: Get Cache key: customer_id_4, Cache group: wkwc_wallet_transactions
2025-01-23T18:13:17+00:00 INFO User in action: 4: Get transient key: customer_id_4, Option key: _wkwc_transient_wkwc_wallet_transactions_customer_id_4, Transient group: wkwc_wallet_transactions, File writing: 1, Transient caching enabled: 1, PHP Fast enabled: 
2025-01-23T18:13:17+00:00 INFO User in action: 4: Data found in file, Transient key: customer_id_4, Option key: _wkwc_transient_wkwc_wallet_transactions_customer_id_4
2025-01-23T18:13:17+00:00 INFO User in action: 4: Set Cache key: customer_id_4, Cache group: wkwc_wallet_transactions
2025-01-23T18:13:17+00:00 INFO User in action: 4: WK_Caching_Object Set Cache key: customer_id_4, Cache group: wkwc_wallet_transactions
2025-01-23T18:13:17+00:00 INFO User in action: 4: WK_Caching_Transient Set transient key: customer_id_4, Option key: _wkwc_transient_wkwc_wallet_transactions_customer_id_4, Transient group: wkwc_wallet_transactions, Expiry: 3600, PHP Fast enabled: , File writing enabled: 1, Transient caching enabled: 1
2025-01-23T18:13:17+00:00 INFO User in action: 4: Data written in file, transient key: customer_id_4, Option key: _wkwc_transient_wkwc_wallet_transactions_customer_id_4, Transient group: wkwc_wallet_transactions, Expiry: 3600
2025-01-23T18:13:17+00:00 INFO User in action: 4: Get Cache key: customer_4_10_0, Cache group: wkwc_wallet_transactions
2025-01-23T18:13:17+00:00 INFO User in action: 4: Get transient key: customer_4_10_0, Option key: _wkwc_transient_wkwc_wallet_transactions_customer_4_10_0, Transient group: wkwc_wallet_transactions, File writing: 1, Transient caching enabled: 1, PHP Fast enabled: 
2025-01-23T18:13:17+00:00 INFO User in action: 4: Data found in file, Transient key: customer_4_10_0, Option key: _wkwc_transient_wkwc_wallet_transactions_customer_4_10_0
2025-01-23T18:13:17+00:00 INFO User in action: 4: Set Cache key: customer_4_10_0, Cache group: wkwc_wallet_transactions
2025-01-23T18:13:17+00:00 INFO User in action: 4: WK_Caching_Object Set Cache key: customer_4_10_0, Cache group: wkwc_wallet_transactions
2025-01-23T18:13:17+00:00 INFO User in action: 4: WK_Caching_Transient Set transient key: customer_4_10_0, Option key: _wkwc_transient_wkwc_wallet_transactions_customer_4_10_0, Transient group: wkwc_wallet_transactions, Expiry: 3600, PHP Fast enabled: , File writing enabled: 1, Transient caching enabled: 1
2025-01-23T18:13:17+00:00 INFO User in action: 4: Data written in file, transient key: customer_4_10_0, Option key: _wkwc_transient_wkwc_wallet_transactions_customer_4_10_0, Transient group: wkwc_wallet_transactions, Expiry: 3600
