2025-01-13T18:18:59+00:00 INFO User in action: 5: Get Cache key: customer_id_5, Cache group: wkwc_wallet_transactions
2025-01-13T18:18:59+00:00 INFO User in action: 5: Get transient key: customer_id_5, Option key: _wkwc_transient_wkwc_wallet_transactions_customer_id_5, Transient group: wkwc_wallet_transactions, File writing: 1, Transient caching enabled: 1, PHP Fast enabled: 
2025-01-13T18:18:59+00:00 INFO User in action: 5: Set Cache key: customer_id_5, Cache group: wkwc_wallet_transactions
2025-01-13T18:18:59+00:00 INFO User in action: 5: WK_Caching_Object Set Cache key: customer_id_5, Cache group: wkwc_wallet_transactions
2025-01-13T18:18:59+00:00 INFO User in action: 5: WK_Caching_Transient Set transient key: customer_id_5, Option key: _wkwc_transient_wkwc_wallet_transactions_customer_id_5, Transient group: wkwc_wallet_transactions, Expiry: 3600, PHP Fast enabled: , File writing enabled: 1, Transient caching enabled: 1
2025-01-13T18:18:59+00:00 INFO User in action: 5: Data written in file, transient key: customer_id_5, Option key: _wkwc_transient_wkwc_wallet_transactions_customer_id_5, Transient group: wkwc_wallet_transactions, Expiry: 3600
2025-01-13T18:18:59+00:00 INFO User in action: 5: Get Cache key: customer_5_10_0, Cache group: wkwc_wallet_transactions
2025-01-13T18:18:59+00:00 INFO User in action: 5: Get transient key: customer_5_10_0, Option key: _wkwc_transient_wkwc_wallet_transactions_customer_5_10_0, Transient group: wkwc_wallet_transactions, File writing: 1, Transient caching enabled: 1, PHP Fast enabled: 
2025-01-13T18:18:59+00:00 INFO User in action: 5: Set Cache key: customer_5_10_0, Cache group: wkwc_wallet_transactions
2025-01-13T18:18:59+00:00 INFO User in action: 5: WK_Caching_Object Set Cache key: customer_5_10_0, Cache group: wkwc_wallet_transactions
2025-01-13T18:18:59+00:00 INFO User in action: 5: WK_Caching_Transient Set transient key: customer_5_10_0, Option key: _wkwc_transient_wkwc_wallet_transactions_customer_5_10_0, Transient group: wkwc_wallet_transactions, Expiry: 3600, PHP Fast enabled: , File writing enabled: 1, Transient caching enabled: 1
2025-01-13T18:18:59+00:00 INFO User in action: 5: Data written in file, transient key: customer_5_10_0, Option key: _wkwc_transient_wkwc_wallet_transactions_customer_5_10_0, Transient group: wkwc_wallet_transactions, Expiry: 3600
2025-01-13T18:19:11+00:00 INFO User in action: 5: Get Cache key: customer_id_5, Cache group: wkwc_wallet_transactions
2025-01-13T18:19:11+00:00 INFO User in action: 5: Get transient key: customer_id_5, Option key: _wkwc_transient_wkwc_wallet_transactions_customer_id_5, Transient group: wkwc_wallet_transactions, File writing: 1, Transient caching enabled: 1, PHP Fast enabled: 
2025-01-13T18:19:11+00:00 INFO User in action: 5: Data found in file, Transient key: customer_id_5, Option key: _wkwc_transient_wkwc_wallet_transactions_customer_id_5
2025-01-13T18:19:11+00:00 INFO User in action: 5: Set Cache key: customer_id_5, Cache group: wkwc_wallet_transactions
2025-01-13T18:19:11+00:00 INFO User in action: 5: WK_Caching_Object Set Cache key: customer_id_5, Cache group: wkwc_wallet_transactions
2025-01-13T18:19:11+00:00 INFO User in action: 5: WK_Caching_Transient Set transient key: customer_id_5, Option key: _wkwc_transient_wkwc_wallet_transactions_customer_id_5, Transient group: wkwc_wallet_transactions, Expiry: 3600, PHP Fast enabled: , File writing enabled: 1, Transient caching enabled: 1
2025-01-13T18:19:11+00:00 INFO User in action: 5: Data written in file, transient key: customer_id_5, Option key: _wkwc_transient_wkwc_wallet_transactions_customer_id_5, Transient group: wkwc_wallet_transactions, Expiry: 3600
2025-01-13T18:19:11+00:00 INFO User in action: 5: Get Cache key: customer_5_10_0, Cache group: wkwc_wallet_transactions
2025-01-13T18:19:11+00:00 INFO User in action: 5: Get transient key: customer_5_10_0, Option key: _wkwc_transient_wkwc_wallet_transactions_customer_5_10_0, Transient group: wkwc_wallet_transactions, File writing: 1, Transient caching enabled: 1, PHP Fast enabled: 
2025-01-13T18:19:11+00:00 INFO User in action: 5: Data found in file, Transient key: customer_5_10_0, Option key: _wkwc_transient_wkwc_wallet_transactions_customer_5_10_0
2025-01-13T18:19:11+00:00 INFO User in action: 5: Set Cache key: customer_5_10_0, Cache group: wkwc_wallet_transactions
2025-01-13T18:19:11+00:00 INFO User in action: 5: WK_Caching_Object Set Cache key: customer_5_10_0, Cache group: wkwc_wallet_transactions
2025-01-13T18:19:11+00:00 INFO User in action: 5: WK_Caching_Transient Set transient key: customer_5_10_0, Option key: _wkwc_transient_wkwc_wallet_transactions_customer_5_10_0, Transient group: wkwc_wallet_transactions, Expiry: 3600, PHP Fast enabled: , File writing enabled: 1, Transient caching enabled: 1
2025-01-13T18:19:11+00:00 INFO User in action: 5: Data written in file, transient key: customer_5_10_0, Option key: _wkwc_transient_wkwc_wallet_transactions_customer_5_10_0, Transient group: wkwc_wallet_transactions, Expiry: 3600
2025-01-13T18:22:24+00:00 INFO User in action: 5: Get Cache key: customer_id_5, Cache group: wkwc_wallet_transactions
2025-01-13T18:22:24+00:00 INFO User in action: 5: Get transient key: customer_id_5, Option key: _wkwc_transient_wkwc_wallet_transactions_customer_id_5, Transient group: wkwc_wallet_transactions, File writing: 1, Transient caching enabled: 1, PHP Fast enabled: 
2025-01-13T18:22:24+00:00 INFO User in action: 5: Data found in file, Transient key: customer_id_5, Option key: _wkwc_transient_wkwc_wallet_transactions_customer_id_5
2025-01-13T18:22:24+00:00 INFO User in action: 5: Set Cache key: customer_id_5, Cache group: wkwc_wallet_transactions
2025-01-13T18:22:24+00:00 INFO User in action: 5: WK_Caching_Object Set Cache key: customer_id_5, Cache group: wkwc_wallet_transactions
2025-01-13T18:22:24+00:00 INFO User in action: 5: WK_Caching_Transient Set transient key: customer_id_5, Option key: _wkwc_transient_wkwc_wallet_transactions_customer_id_5, Transient group: wkwc_wallet_transactions, Expiry: 3600, PHP Fast enabled: , File writing enabled: 1, Transient caching enabled: 1
2025-01-13T18:22:24+00:00 INFO User in action: 5: Data written in file, transient key: customer_id_5, Option key: _wkwc_transient_wkwc_wallet_transactions_customer_id_5, Transient group: wkwc_wallet_transactions, Expiry: 3600
2025-01-13T18:22:24+00:00 INFO User in action: 5: Get Cache key: customer_5_10_0, Cache group: wkwc_wallet_transactions
2025-01-13T18:22:24+00:00 INFO User in action: 5: Get transient key: customer_5_10_0, Option key: _wkwc_transient_wkwc_wallet_transactions_customer_5_10_0, Transient group: wkwc_wallet_transactions, File writing: 1, Transient caching enabled: 1, PHP Fast enabled: 
2025-01-13T18:22:24+00:00 INFO User in action: 5: Data found in file, Transient key: customer_5_10_0, Option key: _wkwc_transient_wkwc_wallet_transactions_customer_5_10_0
2025-01-13T18:22:24+00:00 INFO User in action: 5: Set Cache key: customer_5_10_0, Cache group: wkwc_wallet_transactions
2025-01-13T18:22:24+00:00 INFO User in action: 5: WK_Caching_Object Set Cache key: customer_5_10_0, Cache group: wkwc_wallet_transactions
2025-01-13T18:22:24+00:00 INFO User in action: 5: WK_Caching_Transient Set transient key: customer_5_10_0, Option key: _wkwc_transient_wkwc_wallet_transactions_customer_5_10_0, Transient group: wkwc_wallet_transactions, Expiry: 3600, PHP Fast enabled: , File writing enabled: 1, Transient caching enabled: 1
2025-01-13T18:22:24+00:00 INFO User in action: 5: Data written in file, transient key: customer_5_10_0, Option key: _wkwc_transient_wkwc_wallet_transactions_customer_5_10_0, Transient group: wkwc_wallet_transactions, Expiry: 3600
2025-01-13T18:22:36+00:00 INFO User in action: 5: Get Cache key: customer_id_5, Cache group: wkwc_wallet_transactions
2025-01-13T18:22:36+00:00 INFO User in action: 5: Get transient key: customer_id_5, Option key: _wkwc_transient_wkwc_wallet_transactions_customer_id_5, Transient group: wkwc_wallet_transactions, File writing: 1, Transient caching enabled: 1, PHP Fast enabled: 
2025-01-13T18:22:36+00:00 INFO User in action: 5: Data found in file, Transient key: customer_id_5, Option key: _wkwc_transient_wkwc_wallet_transactions_customer_id_5
2025-01-13T18:22:36+00:00 INFO User in action: 5: Set Cache key: customer_id_5, Cache group: wkwc_wallet_transactions
2025-01-13T18:22:36+00:00 INFO User in action: 5: WK_Caching_Object Set Cache key: customer_id_5, Cache group: wkwc_wallet_transactions
2025-01-13T18:22:36+00:00 INFO User in action: 5: WK_Caching_Transient Set transient key: customer_id_5, Option key: _wkwc_transient_wkwc_wallet_transactions_customer_id_5, Transient group: wkwc_wallet_transactions, Expiry: 3600, PHP Fast enabled: , File writing enabled: 1, Transient caching enabled: 1
2025-01-13T18:22:36+00:00 INFO User in action: 5: Data written in file, transient key: customer_id_5, Option key: _wkwc_transient_wkwc_wallet_transactions_customer_id_5, Transient group: wkwc_wallet_transactions, Expiry: 3600
2025-01-13T18:22:36+00:00 INFO User in action: 5: Get Cache key: customer_5_10_0, Cache group: wkwc_wallet_transactions
2025-01-13T18:22:36+00:00 INFO User in action: 5: Get transient key: customer_5_10_0, Option key: _wkwc_transient_wkwc_wallet_transactions_customer_5_10_0, Transient group: wkwc_wallet_transactions, File writing: 1, Transient caching enabled: 1, PHP Fast enabled: 
2025-01-13T18:22:36+00:00 INFO User in action: 5: Data found in file, Transient key: customer_5_10_0, Option key: _wkwc_transient_wkwc_wallet_transactions_customer_5_10_0
2025-01-13T18:22:36+00:00 INFO User in action: 5: Set Cache key: customer_5_10_0, Cache group: wkwc_wallet_transactions
2025-01-13T18:22:36+00:00 INFO User in action: 5: WK_Caching_Object Set Cache key: customer_5_10_0, Cache group: wkwc_wallet_transactions
2025-01-13T18:22:36+00:00 INFO User in action: 5: WK_Caching_Transient Set transient key: customer_5_10_0, Option key: _wkwc_transient_wkwc_wallet_transactions_customer_5_10_0, Transient group: wkwc_wallet_transactions, Expiry: 3600, PHP Fast enabled: , File writing enabled: 1, Transient caching enabled: 1
2025-01-13T18:22:36+00:00 INFO User in action: 5: Data written in file, transient key: customer_5_10_0, Option key: _wkwc_transient_wkwc_wallet_transactions_customer_5_10_0, Transient group: wkwc_wallet_transactions, Expiry: 3600
2025-01-13T18:23:02+00:00 INFO User in action: 5: Get Cache key: customer_id_5, Cache group: wkwc_wallet_transactions
2025-01-13T18:23:02+00:00 INFO User in action: 5: Get transient key: customer_id_5, Option key: _wkwc_transient_wkwc_wallet_transactions_customer_id_5, Transient group: wkwc_wallet_transactions, File writing: 1, Transient caching enabled: 1, PHP Fast enabled: 
2025-01-13T18:23:02+00:00 INFO User in action: 5: Data found in file, Transient key: customer_id_5, Option key: _wkwc_transient_wkwc_wallet_transactions_customer_id_5
2025-01-13T18:23:02+00:00 INFO User in action: 5: Set Cache key: customer_id_5, Cache group: wkwc_wallet_transactions
2025-01-13T18:23:02+00:00 INFO User in action: 5: WK_Caching_Object Set Cache key: customer_id_5, Cache group: wkwc_wallet_transactions
2025-01-13T18:23:02+00:00 INFO User in action: 5: WK_Caching_Transient Set transient key: customer_id_5, Option key: _wkwc_transient_wkwc_wallet_transactions_customer_id_5, Transient group: wkwc_wallet_transactions, Expiry: 3600, PHP Fast enabled: , File writing enabled: 1, Transient caching enabled: 1
2025-01-13T18:23:02+00:00 INFO User in action: 5: Data written in file, transient key: customer_id_5, Option key: _wkwc_transient_wkwc_wallet_transactions_customer_id_5, Transient group: wkwc_wallet_transactions, Expiry: 3600
2025-01-13T18:23:02+00:00 INFO User in action: 5: Get Cache key: customer_5_10_0, Cache group: wkwc_wallet_transactions
2025-01-13T18:23:02+00:00 INFO User in action: 5: Get transient key: customer_5_10_0, Option key: _wkwc_transient_wkwc_wallet_transactions_customer_5_10_0, Transient group: wkwc_wallet_transactions, File writing: 1, Transient caching enabled: 1, PHP Fast enabled: 
2025-01-13T18:23:02+00:00 INFO User in action: 5: Data found in file, Transient key: customer_5_10_0, Option key: _wkwc_transient_wkwc_wallet_transactions_customer_5_10_0
2025-01-13T18:23:02+00:00 INFO User in action: 5: Set Cache key: customer_5_10_0, Cache group: wkwc_wallet_transactions
2025-01-13T18:23:02+00:00 INFO User in action: 5: WK_Caching_Object Set Cache key: customer_5_10_0, Cache group: wkwc_wallet_transactions
2025-01-13T18:23:02+00:00 INFO User in action: 5: WK_Caching_Transient Set transient key: customer_5_10_0, Option key: _wkwc_transient_wkwc_wallet_transactions_customer_5_10_0, Transient group: wkwc_wallet_transactions, Expiry: 3600, PHP Fast enabled: , File writing enabled: 1, Transient caching enabled: 1
2025-01-13T18:23:02+00:00 INFO User in action: 5: Data written in file, transient key: customer_5_10_0, Option key: _wkwc_transient_wkwc_wallet_transactions_customer_5_10_0, Transient group: wkwc_wallet_transactions, Expiry: 3600
2025-01-13T18:23:41+00:00 INFO User in action: 5: Get Cache key: customer_id_5, Cache group: wkwc_wallet_transactions
2025-01-13T18:23:41+00:00 INFO User in action: 5: Get transient key: customer_id_5, Option key: _wkwc_transient_wkwc_wallet_transactions_customer_id_5, Transient group: wkwc_wallet_transactions, File writing: 1, Transient caching enabled: 1, PHP Fast enabled: 
2025-01-13T18:23:41+00:00 INFO User in action: 5: Data found in file, Transient key: customer_id_5, Option key: _wkwc_transient_wkwc_wallet_transactions_customer_id_5
2025-01-13T18:23:41+00:00 INFO User in action: 5: Set Cache key: customer_id_5, Cache group: wkwc_wallet_transactions
2025-01-13T18:23:41+00:00 INFO User in action: 5: WK_Caching_Object Set Cache key: customer_id_5, Cache group: wkwc_wallet_transactions
2025-01-13T18:23:41+00:00 INFO User in action: 5: WK_Caching_Transient Set transient key: customer_id_5, Option key: _wkwc_transient_wkwc_wallet_transactions_customer_id_5, Transient group: wkwc_wallet_transactions, Expiry: 3600, PHP Fast enabled: , File writing enabled: 1, Transient caching enabled: 1
2025-01-13T18:23:41+00:00 INFO User in action: 5: Data written in file, transient key: customer_id_5, Option key: _wkwc_transient_wkwc_wallet_transactions_customer_id_5, Transient group: wkwc_wallet_transactions, Expiry: 3600
2025-01-13T18:23:41+00:00 INFO User in action: 5: Get Cache key: customer_5_10_0, Cache group: wkwc_wallet_transactions
2025-01-13T18:23:41+00:00 INFO User in action: 5: Get transient key: customer_5_10_0, Option key: _wkwc_transient_wkwc_wallet_transactions_customer_5_10_0, Transient group: wkwc_wallet_transactions, File writing: 1, Transient caching enabled: 1, PHP Fast enabled: 
2025-01-13T18:23:41+00:00 INFO User in action: 5: Data found in file, Transient key: customer_5_10_0, Option key: _wkwc_transient_wkwc_wallet_transactions_customer_5_10_0
2025-01-13T18:23:41+00:00 INFO User in action: 5: Set Cache key: customer_5_10_0, Cache group: wkwc_wallet_transactions
2025-01-13T18:23:41+00:00 INFO User in action: 5: WK_Caching_Object Set Cache key: customer_5_10_0, Cache group: wkwc_wallet_transactions
2025-01-13T18:23:41+00:00 INFO User in action: 5: WK_Caching_Transient Set transient key: customer_5_10_0, Option key: _wkwc_transient_wkwc_wallet_transactions_customer_5_10_0, Transient group: wkwc_wallet_transactions, Expiry: 3600, PHP Fast enabled: , File writing enabled: 1, Transient caching enabled: 1
2025-01-13T18:23:41+00:00 INFO User in action: 5: Data written in file, transient key: customer_5_10_0, Option key: _wkwc_transient_wkwc_wallet_transactions_customer_5_10_0, Transient group: wkwc_wallet_transactions, Expiry: 3600
2025-01-13T19:12:35+00:00 INFO User in action: 5: Get Cache key: customer_id_5, Cache group: wkwc_wallet_transactions
2025-01-13T19:12:35+00:00 INFO User in action: 5: Get transient key: customer_id_5, Option key: _wkwc_transient_wkwc_wallet_transactions_customer_id_5, Transient group: wkwc_wallet_transactions, File writing: 1, Transient caching enabled: 1, PHP Fast enabled: 
2025-01-13T19:12:35+00:00 INFO User in action: 5: Data found in file, Transient key: customer_id_5, Option key: _wkwc_transient_wkwc_wallet_transactions_customer_id_5
2025-01-13T19:12:35+00:00 INFO User in action: 5: Set Cache key: customer_id_5, Cache group: wkwc_wallet_transactions
2025-01-13T19:12:35+00:00 INFO User in action: 5: WK_Caching_Object Set Cache key: customer_id_5, Cache group: wkwc_wallet_transactions
2025-01-13T19:12:35+00:00 INFO User in action: 5: WK_Caching_Transient Set transient key: customer_id_5, Option key: _wkwc_transient_wkwc_wallet_transactions_customer_id_5, Transient group: wkwc_wallet_transactions, Expiry: 3600, PHP Fast enabled: , File writing enabled: 1, Transient caching enabled: 1
2025-01-13T19:12:35+00:00 INFO User in action: 5: Data written in file, transient key: customer_id_5, Option key: _wkwc_transient_wkwc_wallet_transactions_customer_id_5, Transient group: wkwc_wallet_transactions, Expiry: 3600
2025-01-13T19:12:35+00:00 INFO User in action: 5: Get Cache key: customer_5_10_0, Cache group: wkwc_wallet_transactions
2025-01-13T19:12:35+00:00 INFO User in action: 5: Get transient key: customer_5_10_0, Option key: _wkwc_transient_wkwc_wallet_transactions_customer_5_10_0, Transient group: wkwc_wallet_transactions, File writing: 1, Transient caching enabled: 1, PHP Fast enabled: 
2025-01-13T19:12:35+00:00 INFO User in action: 5: Data found in file, Transient key: customer_5_10_0, Option key: _wkwc_transient_wkwc_wallet_transactions_customer_5_10_0
2025-01-13T19:12:35+00:00 INFO User in action: 5: Set Cache key: customer_5_10_0, Cache group: wkwc_wallet_transactions
2025-01-13T19:12:35+00:00 INFO User in action: 5: WK_Caching_Object Set Cache key: customer_5_10_0, Cache group: wkwc_wallet_transactions
2025-01-13T19:12:35+00:00 INFO User in action: 5: WK_Caching_Transient Set transient key: customer_5_10_0, Option key: _wkwc_transient_wkwc_wallet_transactions_customer_5_10_0, Transient group: wkwc_wallet_transactions, Expiry: 3600, PHP Fast enabled: , File writing enabled: 1, Transient caching enabled: 1
2025-01-13T19:12:35+00:00 INFO User in action: 5: Data written in file, transient key: customer_5_10_0, Option key: _wkwc_transient_wkwc_wallet_transactions_customer_5_10_0, Transient group: wkwc_wallet_transactions, Expiry: 3600
2025-01-13T19:12:42+00:00 INFO User in action: 5: Get Cache key: customer_id_5, Cache group: wkwc_wallet_transactions
2025-01-13T19:12:42+00:00 INFO User in action: 5: Get transient key: customer_id_5, Option key: _wkwc_transient_wkwc_wallet_transactions_customer_id_5, Transient group: wkwc_wallet_transactions, File writing: 1, Transient caching enabled: 1, PHP Fast enabled: 
2025-01-13T19:12:42+00:00 INFO User in action: 5: Data found in file, Transient key: customer_id_5, Option key: _wkwc_transient_wkwc_wallet_transactions_customer_id_5
2025-01-13T19:12:42+00:00 INFO User in action: 5: Set Cache key: customer_id_5, Cache group: wkwc_wallet_transactions
2025-01-13T19:12:42+00:00 INFO User in action: 5: WK_Caching_Object Set Cache key: customer_id_5, Cache group: wkwc_wallet_transactions
2025-01-13T19:12:42+00:00 INFO User in action: 5: WK_Caching_Transient Set transient key: customer_id_5, Option key: _wkwc_transient_wkwc_wallet_transactions_customer_id_5, Transient group: wkwc_wallet_transactions, Expiry: 3600, PHP Fast enabled: , File writing enabled: 1, Transient caching enabled: 1
2025-01-13T19:12:42+00:00 INFO User in action: 5: Data written in file, transient key: customer_id_5, Option key: _wkwc_transient_wkwc_wallet_transactions_customer_id_5, Transient group: wkwc_wallet_transactions, Expiry: 3600
2025-01-13T19:12:42+00:00 INFO User in action: 5: Get Cache key: customer_5_10_0, Cache group: wkwc_wallet_transactions
2025-01-13T19:12:42+00:00 INFO User in action: 5: Get transient key: customer_5_10_0, Option key: _wkwc_transient_wkwc_wallet_transactions_customer_5_10_0, Transient group: wkwc_wallet_transactions, File writing: 1, Transient caching enabled: 1, PHP Fast enabled: 
2025-01-13T19:12:42+00:00 INFO User in action: 5: Data found in file, Transient key: customer_5_10_0, Option key: _wkwc_transient_wkwc_wallet_transactions_customer_5_10_0
2025-01-13T19:12:42+00:00 INFO User in action: 5: Set Cache key: customer_5_10_0, Cache group: wkwc_wallet_transactions
2025-01-13T19:12:42+00:00 INFO User in action: 5: WK_Caching_Object Set Cache key: customer_5_10_0, Cache group: wkwc_wallet_transactions
2025-01-13T19:12:42+00:00 INFO User in action: 5: WK_Caching_Transient Set transient key: customer_5_10_0, Option key: _wkwc_transient_wkwc_wallet_transactions_customer_5_10_0, Transient group: wkwc_wallet_transactions, Expiry: 3600, PHP Fast enabled: , File writing enabled: 1, Transient caching enabled: 1
2025-01-13T19:12:42+00:00 INFO User in action: 5: Data written in file, transient key: customer_5_10_0, Option key: _wkwc_transient_wkwc_wallet_transactions_customer_5_10_0, Transient group: wkwc_wallet_transactions, Expiry: 3600
2025-01-13T19:15:11+00:00 INFO User in action: 5: Get Cache key: customer_id_5, Cache group: wkwc_wallet_transactions
2025-01-13T19:15:11+00:00 INFO User in action: 5: Get transient key: customer_id_5, Option key: _wkwc_transient_wkwc_wallet_transactions_customer_id_5, Transient group: wkwc_wallet_transactions, File writing: 1, Transient caching enabled: 1, PHP Fast enabled: 
2025-01-13T19:15:11+00:00 INFO User in action: 5: Data found in file, Transient key: customer_id_5, Option key: _wkwc_transient_wkwc_wallet_transactions_customer_id_5
2025-01-13T19:15:11+00:00 INFO User in action: 5: Set Cache key: customer_id_5, Cache group: wkwc_wallet_transactions
2025-01-13T19:15:11+00:00 INFO User in action: 5: WK_Caching_Object Set Cache key: customer_id_5, Cache group: wkwc_wallet_transactions
2025-01-13T19:15:11+00:00 INFO User in action: 5: WK_Caching_Transient Set transient key: customer_id_5, Option key: _wkwc_transient_wkwc_wallet_transactions_customer_id_5, Transient group: wkwc_wallet_transactions, Expiry: 3600, PHP Fast enabled: , File writing enabled: 1, Transient caching enabled: 1
2025-01-13T19:15:11+00:00 INFO User in action: 5: Data written in file, transient key: customer_id_5, Option key: _wkwc_transient_wkwc_wallet_transactions_customer_id_5, Transient group: wkwc_wallet_transactions, Expiry: 3600
2025-01-13T19:15:11+00:00 INFO User in action: 5: Get Cache key: customer_5_10_0, Cache group: wkwc_wallet_transactions
2025-01-13T19:15:11+00:00 INFO User in action: 5: Get transient key: customer_5_10_0, Option key: _wkwc_transient_wkwc_wallet_transactions_customer_5_10_0, Transient group: wkwc_wallet_transactions, File writing: 1, Transient caching enabled: 1, PHP Fast enabled: 
2025-01-13T19:15:11+00:00 INFO User in action: 5: Data found in file, Transient key: customer_5_10_0, Option key: _wkwc_transient_wkwc_wallet_transactions_customer_5_10_0
2025-01-13T19:15:11+00:00 INFO User in action: 5: Set Cache key: customer_5_10_0, Cache group: wkwc_wallet_transactions
2025-01-13T19:15:11+00:00 INFO User in action: 5: WK_Caching_Object Set Cache key: customer_5_10_0, Cache group: wkwc_wallet_transactions
2025-01-13T19:15:11+00:00 INFO User in action: 5: WK_Caching_Transient Set transient key: customer_5_10_0, Option key: _wkwc_transient_wkwc_wallet_transactions_customer_5_10_0, Transient group: wkwc_wallet_transactions, Expiry: 3600, PHP Fast enabled: , File writing enabled: 1, Transient caching enabled: 1
2025-01-13T19:15:11+00:00 INFO User in action: 5: Data written in file, transient key: customer_5_10_0, Option key: _wkwc_transient_wkwc_wallet_transactions_customer_5_10_0, Transient group: wkwc_wallet_transactions, Expiry: 3600
2025-01-13T19:19:50+00:00 INFO User in action: 1: Reset Cache key: , Cache group: wkwc_wallet_transactions, Force: 
2025-01-13T19:19:50+00:00 INFO User in action: 1: Deleting all transients and files: File writing: 1, Cache in transient: 1, PHP Fast enabled: 
2025-01-13T19:19:50+00:00 INFO User in action: 1: Deleting all file: wkwc_wallet_transactions, Deleted: 
2025-01-13T19:19:50+00:00 INFO User in action: 1: Deleting all transient: wkwc_wallet_transactions, Deleted: 0
2025-01-13T19:20:31+00:00 INFO User in action: 5: Get Cache key: customer_id_5, Cache group: wkwc_wallet_transactions
2025-01-13T19:20:31+00:00 INFO User in action: 5: Get transient key: customer_id_5, Option key: _wkwc_transient_wkwc_wallet_transactions_customer_id_5, Transient group: wkwc_wallet_transactions, File writing: 1, Transient caching enabled: 1, PHP Fast enabled: 
2025-01-13T19:20:31+00:00 INFO User in action: 5: Set Cache key: customer_id_5, Cache group: wkwc_wallet_transactions
2025-01-13T19:20:31+00:00 INFO User in action: 5: WK_Caching_Object Set Cache key: customer_id_5, Cache group: wkwc_wallet_transactions
2025-01-13T19:20:31+00:00 INFO User in action: 5: WK_Caching_Transient Set transient key: customer_id_5, Option key: _wkwc_transient_wkwc_wallet_transactions_customer_id_5, Transient group: wkwc_wallet_transactions, Expiry: 3600, PHP Fast enabled: , File writing enabled: 1, Transient caching enabled: 1
2025-01-13T19:20:31+00:00 INFO User in action: 5: Data written in file, transient key: customer_id_5, Option key: _wkwc_transient_wkwc_wallet_transactions_customer_id_5, Transient group: wkwc_wallet_transactions, Expiry: 3600
2025-01-13T19:20:31+00:00 INFO User in action: 5: Get Cache key: customer_5_10_0, Cache group: wkwc_wallet_transactions
2025-01-13T19:20:31+00:00 INFO User in action: 5: Get transient key: customer_5_10_0, Option key: _wkwc_transient_wkwc_wallet_transactions_customer_5_10_0, Transient group: wkwc_wallet_transactions, File writing: 1, Transient caching enabled: 1, PHP Fast enabled: 
2025-01-13T19:20:31+00:00 INFO User in action: 5: Set Cache key: customer_5_10_0, Cache group: wkwc_wallet_transactions
2025-01-13T19:20:31+00:00 INFO User in action: 5: WK_Caching_Object Set Cache key: customer_5_10_0, Cache group: wkwc_wallet_transactions
2025-01-13T19:20:31+00:00 INFO User in action: 5: WK_Caching_Transient Set transient key: customer_5_10_0, Option key: _wkwc_transient_wkwc_wallet_transactions_customer_5_10_0, Transient group: wkwc_wallet_transactions, Expiry: 3600, PHP Fast enabled: , File writing enabled: 1, Transient caching enabled: 1
2025-01-13T19:20:31+00:00 INFO User in action: 5: Data written in file, transient key: customer_5_10_0, Option key: _wkwc_transient_wkwc_wallet_transactions_customer_5_10_0, Transient group: wkwc_wallet_transactions, Expiry: 3600
2025-01-13T19:20:41+00:00 INFO User in action: 5: Get Cache key: customer_id_5, Cache group: wkwc_wallet_transactions
2025-01-13T19:20:41+00:00 INFO User in action: 5: Get transient key: customer_id_5, Option key: _wkwc_transient_wkwc_wallet_transactions_customer_id_5, Transient group: wkwc_wallet_transactions, File writing: 1, Transient caching enabled: 1, PHP Fast enabled: 
2025-01-13T19:20:41+00:00 INFO User in action: 5: Data found in file, Transient key: customer_id_5, Option key: _wkwc_transient_wkwc_wallet_transactions_customer_id_5
2025-01-13T19:20:41+00:00 INFO User in action: 5: Get Cache key: customer_5_10_0, Cache group: wkwc_wallet_transactions
2025-01-13T19:20:41+00:00 INFO User in action: 5: Get transient key: customer_5_10_0, Option key: _wkwc_transient_wkwc_wallet_transactions_customer_5_10_0, Transient group: wkwc_wallet_transactions, File writing: 1, Transient caching enabled: 1, PHP Fast enabled: 
2025-01-13T19:20:41+00:00 INFO User in action: 5: Data found in file, Transient key: customer_5_10_0, Option key: _wkwc_transient_wkwc_wallet_transactions_customer_5_10_0
2025-01-13T19:20:49+00:00 INFO User in action: 5: Get Cache key: customer_id_5, Cache group: wkwc_wallet_transactions
2025-01-13T19:20:49+00:00 INFO User in action: 5: Get transient key: customer_id_5, Option key: _wkwc_transient_wkwc_wallet_transactions_customer_id_5, Transient group: wkwc_wallet_transactions, File writing: 1, Transient caching enabled: 1, PHP Fast enabled: 
2025-01-13T19:20:49+00:00 INFO User in action: 5: Data found in file, Transient key: customer_id_5, Option key: _wkwc_transient_wkwc_wallet_transactions_customer_id_5
2025-01-13T19:20:49+00:00 INFO User in action: 5: Get Cache key: customer_5_10_0, Cache group: wkwc_wallet_transactions
2025-01-13T19:20:49+00:00 INFO User in action: 5: Get transient key: customer_5_10_0, Option key: _wkwc_transient_wkwc_wallet_transactions_customer_5_10_0, Transient group: wkwc_wallet_transactions, File writing: 1, Transient caching enabled: 1, PHP Fast enabled: 
2025-01-13T19:20:49+00:00 INFO User in action: 5: Data found in file, Transient key: customer_5_10_0, Option key: _wkwc_transient_wkwc_wallet_transactions_customer_5_10_0
2025-01-13T19:20:57+00:00 INFO User in action: 5: Get Cache key: customer_id_5, Cache group: wkwc_wallet_transactions
2025-01-13T19:20:57+00:00 INFO User in action: 5: Get transient key: customer_id_5, Option key: _wkwc_transient_wkwc_wallet_transactions_customer_id_5, Transient group: wkwc_wallet_transactions, File writing: 1, Transient caching enabled: 1, PHP Fast enabled: 
2025-01-13T19:20:57+00:00 INFO User in action: 5: Data found in file, Transient key: customer_id_5, Option key: _wkwc_transient_wkwc_wallet_transactions_customer_id_5
2025-01-13T19:20:57+00:00 INFO User in action: 5: Get Cache key: customer_5_10_0, Cache group: wkwc_wallet_transactions
2025-01-13T19:20:57+00:00 INFO User in action: 5: Get transient key: customer_5_10_0, Option key: _wkwc_transient_wkwc_wallet_transactions_customer_5_10_0, Transient group: wkwc_wallet_transactions, File writing: 1, Transient caching enabled: 1, PHP Fast enabled: 
2025-01-13T19:20:57+00:00 INFO User in action: 5: Data found in file, Transient key: customer_5_10_0, Option key: _wkwc_transient_wkwc_wallet_transactions_customer_5_10_0
2025-01-13T19:21:07+00:00 INFO User in action: 5: Get Cache key: customer_id_5, Cache group: wkwc_wallet_transactions
2025-01-13T19:21:07+00:00 INFO User in action: 5: Get transient key: customer_id_5, Option key: _wkwc_transient_wkwc_wallet_transactions_customer_id_5, Transient group: wkwc_wallet_transactions, File writing: 1, Transient caching enabled: 1, PHP Fast enabled: 
2025-01-13T19:21:07+00:00 INFO User in action: 5: Data found in file, Transient key: customer_id_5, Option key: _wkwc_transient_wkwc_wallet_transactions_customer_id_5
2025-01-13T19:21:07+00:00 INFO User in action: 5: Get Cache key: customer_5_10_0, Cache group: wkwc_wallet_transactions
2025-01-13T19:21:07+00:00 INFO User in action: 5: Get transient key: customer_5_10_0, Option key: _wkwc_transient_wkwc_wallet_transactions_customer_5_10_0, Transient group: wkwc_wallet_transactions, File writing: 1, Transient caching enabled: 1, PHP Fast enabled: 
2025-01-13T19:21:07+00:00 INFO User in action: 5: Data found in file, Transient key: customer_5_10_0, Option key: _wkwc_transient_wkwc_wallet_transactions_customer_5_10_0
2025-01-13T19:21:31+00:00 INFO User in action: 5: Get Cache key: customer_id_5, Cache group: wkwc_wallet_transactions
2025-01-13T19:21:31+00:00 INFO User in action: 5: Get transient key: customer_id_5, Option key: _wkwc_transient_wkwc_wallet_transactions_customer_id_5, Transient group: wkwc_wallet_transactions, File writing: 1, Transient caching enabled: 1, PHP Fast enabled: 
2025-01-13T19:21:31+00:00 INFO User in action: 5: Data found in file, Transient key: customer_id_5, Option key: _wkwc_transient_wkwc_wallet_transactions_customer_id_5
2025-01-13T19:21:31+00:00 INFO User in action: 5: Get Cache key: customer_5_10_0, Cache group: wkwc_wallet_transactions
2025-01-13T19:21:31+00:00 INFO User in action: 5: Get transient key: customer_5_10_0, Option key: _wkwc_transient_wkwc_wallet_transactions_customer_5_10_0, Transient group: wkwc_wallet_transactions, File writing: 1, Transient caching enabled: 1, PHP Fast enabled: 
2025-01-13T19:21:31+00:00 INFO User in action: 5: Data found in file, Transient key: customer_5_10_0, Option key: _wkwc_transient_wkwc_wallet_transactions_customer_5_10_0
2025-01-13T19:21:50+00:00 INFO User in action: 5: Get Cache key: customer_id_5, Cache group: wkwc_wallet_transactions
2025-01-13T19:21:50+00:00 INFO User in action: 5: Get transient key: customer_id_5, Option key: _wkwc_transient_wkwc_wallet_transactions_customer_id_5, Transient group: wkwc_wallet_transactions, File writing: 1, Transient caching enabled: 1, PHP Fast enabled: 
2025-01-13T19:21:50+00:00 INFO User in action: 5: Data found in file, Transient key: customer_id_5, Option key: _wkwc_transient_wkwc_wallet_transactions_customer_id_5
2025-01-13T19:21:50+00:00 INFO User in action: 5: Get Cache key: customer_5_10_0, Cache group: wkwc_wallet_transactions
2025-01-13T19:21:50+00:00 INFO User in action: 5: Get transient key: customer_5_10_0, Option key: _wkwc_transient_wkwc_wallet_transactions_customer_5_10_0, Transient group: wkwc_wallet_transactions, File writing: 1, Transient caching enabled: 1, PHP Fast enabled: 
2025-01-13T19:21:50+00:00 INFO User in action: 5: Data found in file, Transient key: customer_5_10_0, Option key: _wkwc_transient_wkwc_wallet_transactions_customer_5_10_0
2025-01-13T19:21:54+00:00 INFO User in action: 5: Get Cache key: transaction_id_6, Cache group: wkwc_wallet_transaction
2025-01-13T19:21:54+00:00 INFO User in action: 5: Get transient key: transaction_id_6, Option key: _wkwc_transient_wkwc_wallet_transaction_transaction_id_6, Transient group: wkwc_wallet_transaction, File writing: 1, Transient caching enabled: 1, PHP Fast enabled: 
2025-01-13T19:21:54+00:00 INFO User in action: 5: Set Cache key: transaction_id_6, Cache group: wkwc_wallet_transaction
2025-01-13T19:21:54+00:00 INFO User in action: 5: WK_Caching_Object Set Cache key: transaction_id_6, Cache group: wkwc_wallet_transaction
2025-01-13T19:21:54+00:00 INFO User in action: 5: WK_Caching_Transient Set transient key: transaction_id_6, Option key: _wkwc_transient_wkwc_wallet_transaction_transaction_id_6, Transient group: wkwc_wallet_transaction, Expiry: 3600, PHP Fast enabled: , File writing enabled: 1, Transient caching enabled: 1
2025-01-13T19:21:54+00:00 INFO User in action: 5: Data written in file, transient key: transaction_id_6, Option key: _wkwc_transient_wkwc_wallet_transaction_transaction_id_6, Transient group: wkwc_wallet_transaction, Expiry: 3600
2025-01-13T19:22:13+00:00 INFO User in action: 5: Get Cache key: customer_id_5, Cache group: wkwc_wallet_transactions
2025-01-13T19:22:13+00:00 INFO User in action: 5: Get transient key: customer_id_5, Option key: _wkwc_transient_wkwc_wallet_transactions_customer_id_5, Transient group: wkwc_wallet_transactions, File writing: 1, Transient caching enabled: 1, PHP Fast enabled: 
2025-01-13T19:22:13+00:00 INFO User in action: 5: Data found in file, Transient key: customer_id_5, Option key: _wkwc_transient_wkwc_wallet_transactions_customer_id_5
2025-01-13T19:22:13+00:00 INFO User in action: 5: Get Cache key: customer_5_10_0, Cache group: wkwc_wallet_transactions
2025-01-13T19:22:13+00:00 INFO User in action: 5: Get transient key: customer_5_10_0, Option key: _wkwc_transient_wkwc_wallet_transactions_customer_5_10_0, Transient group: wkwc_wallet_transactions, File writing: 1, Transient caching enabled: 1, PHP Fast enabled: 
2025-01-13T19:22:13+00:00 INFO User in action: 5: Data found in file, Transient key: customer_5_10_0, Option key: _wkwc_transient_wkwc_wallet_transactions_customer_5_10_0
2025-01-13T19:22:19+00:00 INFO User in action: 5: Get Cache key: customer_id_5, Cache group: wkwc_wallet_transactions
2025-01-13T19:22:19+00:00 INFO User in action: 5: Get transient key: customer_id_5, Option key: _wkwc_transient_wkwc_wallet_transactions_customer_id_5, Transient group: wkwc_wallet_transactions, File writing: 1, Transient caching enabled: 1, PHP Fast enabled: 
2025-01-13T19:22:19+00:00 INFO User in action: 5: Data found in file, Transient key: customer_id_5, Option key: _wkwc_transient_wkwc_wallet_transactions_customer_id_5
2025-01-13T19:22:19+00:00 INFO User in action: 5: Get Cache key: customer_5_10_0, Cache group: wkwc_wallet_transactions
2025-01-13T19:22:19+00:00 INFO User in action: 5: Get transient key: customer_5_10_0, Option key: _wkwc_transient_wkwc_wallet_transactions_customer_5_10_0, Transient group: wkwc_wallet_transactions, File writing: 1, Transient caching enabled: 1, PHP Fast enabled: 
2025-01-13T19:22:19+00:00 INFO User in action: 5: Data found in file, Transient key: customer_5_10_0, Option key: _wkwc_transient_wkwc_wallet_transactions_customer_5_10_0
2025-01-13T19:22:27+00:00 INFO User in action: 5: Get Cache key: customer_id_5, Cache group: wkwc_wallet_transactions
2025-01-13T19:22:27+00:00 INFO User in action: 5: Get transient key: customer_id_5, Option key: _wkwc_transient_wkwc_wallet_transactions_customer_id_5, Transient group: wkwc_wallet_transactions, File writing: 1, Transient caching enabled: 1, PHP Fast enabled: 
2025-01-13T19:22:27+00:00 INFO User in action: 5: Data found in file, Transient key: customer_id_5, Option key: _wkwc_transient_wkwc_wallet_transactions_customer_id_5
2025-01-13T19:22:27+00:00 INFO User in action: 5: Get Cache key: customer_5_10_0, Cache group: wkwc_wallet_transactions
2025-01-13T19:22:27+00:00 INFO User in action: 5: Get transient key: customer_5_10_0, Option key: _wkwc_transient_wkwc_wallet_transactions_customer_5_10_0, Transient group: wkwc_wallet_transactions, File writing: 1, Transient caching enabled: 1, PHP Fast enabled: 
2025-01-13T19:22:27+00:00 INFO User in action: 5: Data found in file, Transient key: customer_5_10_0, Option key: _wkwc_transient_wkwc_wallet_transactions_customer_5_10_0
2025-01-13T19:22:33+00:00 INFO User in action: 5: Get Cache key: customer_id_5, Cache group: wkwc_wallet_transactions
2025-01-13T19:22:33+00:00 INFO User in action: 5: Get transient key: customer_id_5, Option key: _wkwc_transient_wkwc_wallet_transactions_customer_id_5, Transient group: wkwc_wallet_transactions, File writing: 1, Transient caching enabled: 1, PHP Fast enabled: 
2025-01-13T19:22:33+00:00 INFO User in action: 5: Data found in file, Transient key: customer_id_5, Option key: _wkwc_transient_wkwc_wallet_transactions_customer_id_5
2025-01-13T19:22:33+00:00 INFO User in action: 5: Get Cache key: customer_5_10_0, Cache group: wkwc_wallet_transactions
2025-01-13T19:22:33+00:00 INFO User in action: 5: Get transient key: customer_5_10_0, Option key: _wkwc_transient_wkwc_wallet_transactions_customer_5_10_0, Transient group: wkwc_wallet_transactions, File writing: 1, Transient caching enabled: 1, PHP Fast enabled: 
2025-01-13T19:22:33+00:00 INFO User in action: 5: Data found in file, Transient key: customer_5_10_0, Option key: _wkwc_transient_wkwc_wallet_transactions_customer_5_10_0
2025-01-13T19:28:37+00:00 INFO User in action: 5: Get Cache key: customer_id_5, Cache group: wkwc_wallet_transactions
2025-01-13T19:28:38+00:00 INFO User in action: 5: Get transient key: customer_id_5, Option key: _wkwc_transient_wkwc_wallet_transactions_customer_id_5, Transient group: wkwc_wallet_transactions, File writing: 1, Transient caching enabled: 1, PHP Fast enabled: 
2025-01-13T19:28:38+00:00 INFO User in action: 5: Data found in file, Transient key: customer_id_5, Option key: _wkwc_transient_wkwc_wallet_transactions_customer_id_5
2025-01-13T19:28:38+00:00 INFO User in action: 5: Get Cache key: customer_5_10_0, Cache group: wkwc_wallet_transactions
2025-01-13T19:28:38+00:00 INFO User in action: 5: Get transient key: customer_5_10_0, Option key: _wkwc_transient_wkwc_wallet_transactions_customer_5_10_0, Transient group: wkwc_wallet_transactions, File writing: 1, Transient caching enabled: 1, PHP Fast enabled: 
2025-01-13T19:28:38+00:00 INFO User in action: 5: Data found in file, Transient key: customer_5_10_0, Option key: _wkwc_transient_wkwc_wallet_transactions_customer_5_10_0
2025-01-13T19:28:43+00:00 INFO User in action: 5: Get Cache key: customer_id_5, Cache group: wkwc_wallet_transactions
2025-01-13T19:28:43+00:00 INFO User in action: 5: Get transient key: customer_id_5, Option key: _wkwc_transient_wkwc_wallet_transactions_customer_id_5, Transient group: wkwc_wallet_transactions, File writing: 1, Transient caching enabled: 1, PHP Fast enabled: 
2025-01-13T19:28:43+00:00 INFO User in action: 5: Data found in file, Transient key: customer_id_5, Option key: _wkwc_transient_wkwc_wallet_transactions_customer_id_5
2025-01-13T19:28:43+00:00 INFO User in action: 5: Get Cache key: customer_5_10_0, Cache group: wkwc_wallet_transactions
2025-01-13T19:28:43+00:00 INFO User in action: 5: Get transient key: customer_5_10_0, Option key: _wkwc_transient_wkwc_wallet_transactions_customer_5_10_0, Transient group: wkwc_wallet_transactions, File writing: 1, Transient caching enabled: 1, PHP Fast enabled: 
2025-01-13T19:28:43+00:00 INFO User in action: 5: Data found in file, Transient key: customer_5_10_0, Option key: _wkwc_transient_wkwc_wallet_transactions_customer_5_10_0
2025-01-13T19:42:39+00:00 INFO User in action: 5: Get Cache key: customer_id_5, Cache group: wkwc_wallet_transactions
2025-01-13T19:42:39+00:00 INFO User in action: 5: Get transient key: customer_id_5, Option key: _wkwc_transient_wkwc_wallet_transactions_customer_id_5, Transient group: wkwc_wallet_transactions, File writing: 1, Transient caching enabled: 1, PHP Fast enabled: 
2025-01-13T19:42:39+00:00 INFO User in action: 5: Data found in file, Transient key: customer_id_5, Option key: _wkwc_transient_wkwc_wallet_transactions_customer_id_5
2025-01-13T19:42:39+00:00 INFO User in action: 5: Get Cache key: customer_5_10_0, Cache group: wkwc_wallet_transactions
2025-01-13T19:42:39+00:00 INFO User in action: 5: Get transient key: customer_5_10_0, Option key: _wkwc_transient_wkwc_wallet_transactions_customer_5_10_0, Transient group: wkwc_wallet_transactions, File writing: 1, Transient caching enabled: 1, PHP Fast enabled: 
2025-01-13T19:42:39+00:00 INFO User in action: 5: Data found in file, Transient key: customer_5_10_0, Option key: _wkwc_transient_wkwc_wallet_transactions_customer_5_10_0
2025-01-13T19:42:44+00:00 INFO User in action: 5: Get Cache key: customer_id_5, Cache group: wkwc_wallet_transactions
2025-01-13T19:42:44+00:00 INFO User in action: 5: Get transient key: customer_id_5, Option key: _wkwc_transient_wkwc_wallet_transactions_customer_id_5, Transient group: wkwc_wallet_transactions, File writing: 1, Transient caching enabled: 1, PHP Fast enabled: 
2025-01-13T19:42:44+00:00 INFO User in action: 5: Data found in file, Transient key: customer_id_5, Option key: _wkwc_transient_wkwc_wallet_transactions_customer_id_5
2025-01-13T19:42:44+00:00 INFO User in action: 5: Get Cache key: customer_5_10_0, Cache group: wkwc_wallet_transactions
2025-01-13T19:42:44+00:00 INFO User in action: 5: Get transient key: customer_5_10_0, Option key: _wkwc_transient_wkwc_wallet_transactions_customer_5_10_0, Transient group: wkwc_wallet_transactions, File writing: 1, Transient caching enabled: 1, PHP Fast enabled: 
2025-01-13T19:42:44+00:00 INFO User in action: 5: Data found in file, Transient key: customer_5_10_0, Option key: _wkwc_transient_wkwc_wallet_transactions_customer_5_10_0
2025-01-13T19:45:25+00:00 INFO User in action: 5: Get Cache key: customer_id_5, Cache group: wkwc_wallet_transactions
2025-01-13T19:45:25+00:00 INFO User in action: 5: Get transient key: customer_id_5, Option key: _wkwc_transient_wkwc_wallet_transactions_customer_id_5, Transient group: wkwc_wallet_transactions, File writing: 1, Transient caching enabled: 1, PHP Fast enabled: 
2025-01-13T19:45:25+00:00 INFO User in action: 5: Data found in file, Transient key: customer_id_5, Option key: _wkwc_transient_wkwc_wallet_transactions_customer_id_5
2025-01-13T19:45:25+00:00 INFO User in action: 5: Get Cache key: customer_5_10_0, Cache group: wkwc_wallet_transactions
2025-01-13T19:45:25+00:00 INFO User in action: 5: Get transient key: customer_5_10_0, Option key: _wkwc_transient_wkwc_wallet_transactions_customer_5_10_0, Transient group: wkwc_wallet_transactions, File writing: 1, Transient caching enabled: 1, PHP Fast enabled: 
2025-01-13T19:45:25+00:00 INFO User in action: 5: Data found in file, Transient key: customer_5_10_0, Option key: _wkwc_transient_wkwc_wallet_transactions_customer_5_10_0
2025-01-13T19:45:34+00:00 INFO User in action: 5: Get Cache key: customer_id_5, Cache group: wkwc_wallet_transactions
2025-01-13T19:45:34+00:00 INFO User in action: 5: Get transient key: customer_id_5, Option key: _wkwc_transient_wkwc_wallet_transactions_customer_id_5, Transient group: wkwc_wallet_transactions, File writing: 1, Transient caching enabled: 1, PHP Fast enabled: 
2025-01-13T19:45:34+00:00 INFO User in action: 5: Data found in file, Transient key: customer_id_5, Option key: _wkwc_transient_wkwc_wallet_transactions_customer_id_5
2025-01-13T19:45:34+00:00 INFO User in action: 5: Get Cache key: customer_5_10_0, Cache group: wkwc_wallet_transactions
2025-01-13T19:45:34+00:00 INFO User in action: 5: Get transient key: customer_5_10_0, Option key: _wkwc_transient_wkwc_wallet_transactions_customer_5_10_0, Transient group: wkwc_wallet_transactions, File writing: 1, Transient caching enabled: 1, PHP Fast enabled: 
2025-01-13T19:45:34+00:00 INFO User in action: 5: Data found in file, Transient key: customer_5_10_0, Option key: _wkwc_transient_wkwc_wallet_transactions_customer_5_10_0
2025-01-13T19:45:45+00:00 INFO User in action: 5: Get Cache key: customer_id_5, Cache group: wkwc_wallet_transactions
2025-01-13T19:45:45+00:00 INFO User in action: 5: Get transient key: customer_id_5, Option key: _wkwc_transient_wkwc_wallet_transactions_customer_id_5, Transient group: wkwc_wallet_transactions, File writing: 1, Transient caching enabled: 1, PHP Fast enabled: 
2025-01-13T19:45:45+00:00 INFO User in action: 5: Data found in file, Transient key: customer_id_5, Option key: _wkwc_transient_wkwc_wallet_transactions_customer_id_5
2025-01-13T19:45:45+00:00 INFO User in action: 5: Get Cache key: customer_5_10_0, Cache group: wkwc_wallet_transactions
2025-01-13T19:45:45+00:00 INFO User in action: 5: Get transient key: customer_5_10_0, Option key: _wkwc_transient_wkwc_wallet_transactions_customer_5_10_0, Transient group: wkwc_wallet_transactions, File writing: 1, Transient caching enabled: 1, PHP Fast enabled: 
2025-01-13T19:45:45+00:00 INFO User in action: 5: Data found in file, Transient key: customer_5_10_0, Option key: _wkwc_transient_wkwc_wallet_transactions_customer_5_10_0
2025-01-13T19:45:54+00:00 INFO User in action: 5: Get Cache key: customer_id_5, Cache group: wkwc_wallet_transactions
2025-01-13T19:45:54+00:00 INFO User in action: 5: Get transient key: customer_id_5, Option key: _wkwc_transient_wkwc_wallet_transactions_customer_id_5, Transient group: wkwc_wallet_transactions, File writing: 1, Transient caching enabled: 1, PHP Fast enabled: 
2025-01-13T19:45:54+00:00 INFO User in action: 5: Data found in file, Transient key: customer_id_5, Option key: _wkwc_transient_wkwc_wallet_transactions_customer_id_5
2025-01-13T19:45:54+00:00 INFO User in action: 5: Get Cache key: customer_5_10_0, Cache group: wkwc_wallet_transactions
2025-01-13T19:45:54+00:00 INFO User in action: 5: Get transient key: customer_5_10_0, Option key: _wkwc_transient_wkwc_wallet_transactions_customer_5_10_0, Transient group: wkwc_wallet_transactions, File writing: 1, Transient caching enabled: 1, PHP Fast enabled: 
2025-01-13T19:45:54+00:00 INFO User in action: 5: Data found in file, Transient key: customer_5_10_0, Option key: _wkwc_transient_wkwc_wallet_transactions_customer_5_10_0
2025-01-13T19:47:31+00:00 INFO User in action: 3: Get Cache key: customer_id_3, Cache group: wkwc_wallet_transactions
2025-01-13T19:47:31+00:00 INFO User in action: 3: Get transient key: customer_id_3, Option key: _wkwc_transient_wkwc_wallet_transactions_customer_id_3, Transient group: wkwc_wallet_transactions, File writing: 1, Transient caching enabled: 1, PHP Fast enabled: 
2025-01-13T19:47:31+00:00 INFO User in action: 3: Set Cache key: customer_id_3, Cache group: wkwc_wallet_transactions
2025-01-13T19:47:31+00:00 INFO User in action: 3: WK_Caching_Object Set Cache key: customer_id_3, Cache group: wkwc_wallet_transactions
2025-01-13T19:47:31+00:00 INFO User in action: 3: WK_Caching_Transient Set transient key: customer_id_3, Option key: _wkwc_transient_wkwc_wallet_transactions_customer_id_3, Transient group: wkwc_wallet_transactions, Expiry: 3600, PHP Fast enabled: , File writing enabled: 1, Transient caching enabled: 1
2025-01-13T19:47:31+00:00 INFO User in action: 3: Data written in file, transient key: customer_id_3, Option key: _wkwc_transient_wkwc_wallet_transactions_customer_id_3, Transient group: wkwc_wallet_transactions, Expiry: 3600
2025-01-13T19:47:31+00:00 INFO User in action: 3: Get Cache key: customer_3_10_0, Cache group: wkwc_wallet_transactions
2025-01-13T19:47:31+00:00 INFO User in action: 3: Get transient key: customer_3_10_0, Option key: _wkwc_transient_wkwc_wallet_transactions_customer_3_10_0, Transient group: wkwc_wallet_transactions, File writing: 1, Transient caching enabled: 1, PHP Fast enabled: 
2025-01-13T19:47:31+00:00 INFO User in action: 3: Set Cache key: customer_3_10_0, Cache group: wkwc_wallet_transactions
2025-01-13T19:47:31+00:00 INFO User in action: 3: WK_Caching_Object Set Cache key: customer_3_10_0, Cache group: wkwc_wallet_transactions
2025-01-13T19:47:31+00:00 INFO User in action: 3: WK_Caching_Transient Set transient key: customer_3_10_0, Option key: _wkwc_transient_wkwc_wallet_transactions_customer_3_10_0, Transient group: wkwc_wallet_transactions, Expiry: 3600, PHP Fast enabled: , File writing enabled: 1, Transient caching enabled: 1
2025-01-13T19:47:31+00:00 INFO User in action: 3: Data written in file, transient key: customer_3_10_0, Option key: _wkwc_transient_wkwc_wallet_transactions_customer_3_10_0, Transient group: wkwc_wallet_transactions, Expiry: 3600
2025-01-13T19:47:35+00:00 INFO User in action: 3: Get Cache key: customer_id_3, Cache group: wkwc_wallet_transactions
2025-01-13T19:47:35+00:00 INFO User in action: 3: Get transient key: customer_id_3, Option key: _wkwc_transient_wkwc_wallet_transactions_customer_id_3, Transient group: wkwc_wallet_transactions, File writing: 1, Transient caching enabled: 1, PHP Fast enabled: 
2025-01-13T19:47:35+00:00 INFO User in action: 3: Data found in file, Transient key: customer_id_3, Option key: _wkwc_transient_wkwc_wallet_transactions_customer_id_3
2025-01-13T19:47:35+00:00 INFO User in action: 3: Get Cache key: customer_3_10_0, Cache group: wkwc_wallet_transactions
2025-01-13T19:47:35+00:00 INFO User in action: 3: Get transient key: customer_3_10_0, Option key: _wkwc_transient_wkwc_wallet_transactions_customer_3_10_0, Transient group: wkwc_wallet_transactions, File writing: 1, Transient caching enabled: 1, PHP Fast enabled: 
2025-01-13T19:47:35+00:00 INFO User in action: 3: Data found in file, Transient key: customer_3_10_0, Option key: _wkwc_transient_wkwc_wallet_transactions_customer_3_10_0
2025-01-13T20:24:41+00:00 INFO User in action: 3: Get Cache key: customer_id_3, Cache group: wkwc_wallet_transactions
2025-01-13T20:24:41+00:00 INFO User in action: 3: Get transient key: customer_id_3, Option key: _wkwc_transient_wkwc_wallet_transactions_customer_id_3, Transient group: wkwc_wallet_transactions, File writing: 1, Transient caching enabled: 1, PHP Fast enabled: 
2025-01-13T20:24:41+00:00 INFO User in action: 3: Data found in file, Transient key: customer_id_3, Option key: _wkwc_transient_wkwc_wallet_transactions_customer_id_3
2025-01-13T20:24:41+00:00 INFO User in action: 3: Get Cache key: customer_3_10_0, Cache group: wkwc_wallet_transactions
2025-01-13T20:24:41+00:00 INFO User in action: 3: Get transient key: customer_3_10_0, Option key: _wkwc_transient_wkwc_wallet_transactions_customer_3_10_0, Transient group: wkwc_wallet_transactions, File writing: 1, Transient caching enabled: 1, PHP Fast enabled: 
2025-01-13T20:24:41+00:00 INFO User in action: 3: Data found in file, Transient key: customer_3_10_0, Option key: _wkwc_transient_wkwc_wallet_transactions_customer_3_10_0
2025-01-13T21:18:26+00:00 INFO User in action: 5: Get Cache key: customer_id_5, Cache group: wkwc_wallet_transactions
2025-01-13T21:18:26+00:00 INFO User in action: 5: Get transient key: customer_id_5, Option key: _wkwc_transient_wkwc_wallet_transactions_customer_id_5, Transient group: wkwc_wallet_transactions, File writing: 1, Transient caching enabled: 1, PHP Fast enabled: 
2025-01-13T21:18:26+00:00 INFO User in action: 5: Set Cache key: customer_id_5, Cache group: wkwc_wallet_transactions
2025-01-13T21:18:26+00:00 INFO User in action: 5: WK_Caching_Object Set Cache key: customer_id_5, Cache group: wkwc_wallet_transactions
2025-01-13T21:18:26+00:00 INFO User in action: 5: WK_Caching_Transient Set transient key: customer_id_5, Option key: _wkwc_transient_wkwc_wallet_transactions_customer_id_5, Transient group: wkwc_wallet_transactions, Expiry: 3600, PHP Fast enabled: , File writing enabled: 1, Transient caching enabled: 1
2025-01-13T21:18:26+00:00 INFO User in action: 5: Data written in file, transient key: customer_id_5, Option key: _wkwc_transient_wkwc_wallet_transactions_customer_id_5, Transient group: wkwc_wallet_transactions, Expiry: 3600
2025-01-13T21:18:26+00:00 INFO User in action: 5: Get Cache key: customer_5_10_0, Cache group: wkwc_wallet_transactions
2025-01-13T21:18:26+00:00 INFO User in action: 5: Get transient key: customer_5_10_0, Option key: _wkwc_transient_wkwc_wallet_transactions_customer_5_10_0, Transient group: wkwc_wallet_transactions, File writing: 1, Transient caching enabled: 1, PHP Fast enabled: 
2025-01-13T21:18:26+00:00 INFO User in action: 5: Set Cache key: customer_5_10_0, Cache group: wkwc_wallet_transactions
2025-01-13T21:18:26+00:00 INFO User in action: 5: WK_Caching_Object Set Cache key: customer_5_10_0, Cache group: wkwc_wallet_transactions
2025-01-13T21:18:26+00:00 INFO User in action: 5: WK_Caching_Transient Set transient key: customer_5_10_0, Option key: _wkwc_transient_wkwc_wallet_transactions_customer_5_10_0, Transient group: wkwc_wallet_transactions, Expiry: 3600, PHP Fast enabled: , File writing enabled: 1, Transient caching enabled: 1
2025-01-13T21:18:26+00:00 INFO User in action: 5: Data written in file, transient key: customer_5_10_0, Option key: _wkwc_transient_wkwc_wallet_transactions_customer_5_10_0, Transient group: wkwc_wallet_transactions, Expiry: 3600
