2025-01-26T13:36:26+00:00 INFO User in action: 24: Get Cache key: customer_id_24, Cache group: wkwc_wallet_transactions
2025-01-26T13:36:26+00:00 INFO User in action: 24: Get transient key: customer_id_24, Option key: _wkwc_transient_wkwc_wallet_transactions_customer_id_24, Transient group: wkwc_wallet_transactions, File writing: 1, Transient caching enabled: 1, PHP Fast enabled: 
2025-01-26T13:36:26+00:00 INFO User in action: 24: Set Cache key: customer_id_24, Cache group: wkwc_wallet_transactions
2025-01-26T13:36:26+00:00 INFO User in action: 24: WK_Caching_Object Set Cache key: customer_id_24, Cache group: wkwc_wallet_transactions
2025-01-26T13:36:26+00:00 INFO User in action: 24: WK_Caching_Transient Set transient key: customer_id_24, Option key: _wkwc_transient_wkwc_wallet_transactions_customer_id_24, Transient group: wkwc_wallet_transactions, Expiry: 3600, PHP Fast enabled: , File writing enabled: 1, Transient caching enabled: 1
2025-01-26T13:36:26+00:00 INFO User in action: 24: Data written in file, transient key: customer_id_24, Option key: _wkwc_transient_wkwc_wallet_transactions_customer_id_24, Transient group: wkwc_wallet_transactions, Expiry: 3600
2025-01-26T13:36:26+00:00 INFO User in action: 24: Get Cache key: customer_24_10_0, Cache group: wkwc_wallet_transactions
2025-01-26T13:36:26+00:00 INFO User in action: 24: Get transient key: customer_24_10_0, Option key: _wkwc_transient_wkwc_wallet_transactions_customer_24_10_0, Transient group: wkwc_wallet_transactions, File writing: 1, Transient caching enabled: 1, PHP Fast enabled: 
2025-01-26T13:36:26+00:00 INFO User in action: 24: Set Cache key: customer_24_10_0, Cache group: wkwc_wallet_transactions
2025-01-26T13:36:26+00:00 INFO User in action: 24: WK_Caching_Object Set Cache key: customer_24_10_0, Cache group: wkwc_wallet_transactions
2025-01-26T13:36:26+00:00 INFO User in action: 24: WK_Caching_Transient Set transient key: customer_24_10_0, Option key: _wkwc_transient_wkwc_wallet_transactions_customer_24_10_0, Transient group: wkwc_wallet_transactions, Expiry: 3600, PHP Fast enabled: , File writing enabled: 1, Transient caching enabled: 1
2025-01-26T13:36:26+00:00 INFO User in action: 24: Data written in file, transient key: customer_24_10_0, Option key: _wkwc_transient_wkwc_wallet_transactions_customer_24_10_0, Transient group: wkwc_wallet_transactions, Expiry: 3600
2025-01-26T13:38:53+00:00 INFO User in action: 26: Get Cache key: customer_id_26, Cache group: wkwc_wallet_transactions
2025-01-26T13:38:53+00:00 INFO User in action: 26: Get transient key: customer_id_26, Option key: _wkwc_transient_wkwc_wallet_transactions_customer_id_26, Transient group: wkwc_wallet_transactions, File writing: 1, Transient caching enabled: 1, PHP Fast enabled: 
2025-01-26T13:38:53+00:00 INFO User in action: 26: Set Cache key: customer_id_26, Cache group: wkwc_wallet_transactions
2025-01-26T13:38:53+00:00 INFO User in action: 26: WK_Caching_Object Set Cache key: customer_id_26, Cache group: wkwc_wallet_transactions
2025-01-26T13:38:53+00:00 INFO User in action: 26: WK_Caching_Transient Set transient key: customer_id_26, Option key: _wkwc_transient_wkwc_wallet_transactions_customer_id_26, Transient group: wkwc_wallet_transactions, Expiry: 3600, PHP Fast enabled: , File writing enabled: 1, Transient caching enabled: 1
2025-01-26T13:38:53+00:00 INFO User in action: 26: Data written in file, transient key: customer_id_26, Option key: _wkwc_transient_wkwc_wallet_transactions_customer_id_26, Transient group: wkwc_wallet_transactions, Expiry: 3600
2025-01-26T13:38:53+00:00 INFO User in action: 26: Get Cache key: customer_26_10_0, Cache group: wkwc_wallet_transactions
2025-01-26T13:38:53+00:00 INFO User in action: 26: Get transient key: customer_26_10_0, Option key: _wkwc_transient_wkwc_wallet_transactions_customer_26_10_0, Transient group: wkwc_wallet_transactions, File writing: 1, Transient caching enabled: 1, PHP Fast enabled: 
2025-01-26T13:38:53+00:00 INFO User in action: 26: Set Cache key: customer_26_10_0, Cache group: wkwc_wallet_transactions
2025-01-26T13:38:53+00:00 INFO User in action: 26: WK_Caching_Object Set Cache key: customer_26_10_0, Cache group: wkwc_wallet_transactions
2025-01-26T13:38:53+00:00 INFO User in action: 26: WK_Caching_Transient Set transient key: customer_26_10_0, Option key: _wkwc_transient_wkwc_wallet_transactions_customer_26_10_0, Transient group: wkwc_wallet_transactions, Expiry: 3600, PHP Fast enabled: , File writing enabled: 1, Transient caching enabled: 1
2025-01-26T13:38:53+00:00 INFO User in action: 26: Data written in file, transient key: customer_26_10_0, Option key: _wkwc_transient_wkwc_wallet_transactions_customer_26_10_0, Transient group: wkwc_wallet_transactions, Expiry: 3600
