2025-02-18T10:30:34+00:00 INFO User in action: 143: Order id: 194, Wallet updated: 
2025-02-18T10:30:34+00:00 INFO User in action: 143: Wallet id: 78
2025-02-18T22:10:12+00:00 INFO User in action: 110: Order id: 161, Wallet updated: 
2025-02-18T22:10:12+00:00 INFO User in action: 110: Wallet id: 78
2025-02-18T22:23:33+00:00 INFO User in action: 110: Order id: 161, Wallet updated: 
2025-02-18T22:23:33+00:00 INFO User in action: 110: Wallet id: 78
2025-02-18T22:25:43+00:00 INFO User in action: 111: Order id: 162, Wallet updated: 
2025-02-18T22:25:43+00:00 INFO User in action: 111: Wallet id: 78
2025-02-18T22:31:37+00:00 INFO User in action: 112: Order id: 163, Checkout order processing, transaction data: Array
(
    [order_id] => 163
    [sender] => 1
    [customer] => 112
    [transaction_type] => debit
    [transaction_date] => 2025-02-18 22:31:37
    [transaction_status] => used
)
2025-02-18T22:31:37+00:00 INFO User in action: 112: Order id: 163, Checkout order processing, transaction data: Array
(
    [order_id] => 163
    [sender] => 1
    [customer] => 112
    [transaction_type] => debit
    [transaction_date] => 2025-02-18 22:31:37
    [transaction_status] => used
)
2025-02-18T22:32:17+00:00 INFO User in action: 112: Order id: 163, Wallet updated: 
2025-02-18T22:32:17+00:00 INFO User in action: 112: Wallet id: 78
