2025-02-05T00:04:26+00:00 INFO User in action: 116: Order id: 163, Wallet updated: 
2025-02-05T00:04:26+00:00 INFO User in action: 116: Wallet id: 78
2025-02-05T00:07:53+00:00 INFO User in action: 0: Order id: 164, Wallet updated: 
2025-02-05T00:07:53+00:00 INFO User in action: 0: Wallet id: 78
2025-02-05T21:07:28+00:00 INFO User in action: 120: Order id: 165, Checkout order processing, transaction data: Array
(
    [order_id] => 165
    [sender] => 1
    [customer] => 120
    [transaction_type] => debit
    [transaction_date] => 2025-02-05 21:07:28
    [transaction_status] => used
)

2025-02-05T21:07:28+00:00 INFO User in action: 120: Order id: 165, Checkout order processing, transaction data: Array
(
    [order_id] => 165
    [sender] => 1
    [customer] => 120
    [transaction_type] => debit
    [transaction_date] => 2025-02-05 21:07:28
    [transaction_status] => used
)

2025-02-05T21:07:44+00:00 INFO User in action: 120: Order id: 165, Wallet updated: 
2025-02-05T21:07:44+00:00 INFO User in action: 120: Wallet id: 78
2025-02-05T21:27:10+00:00 INFO User in action: 121: Order id: 166, Checkout order processing, transaction data: Array
(
    [order_id] => 166
    [sender] => 1
    [customer] => 121
    [transaction_type] => debit
    [transaction_date] => 2025-02-05 21:27:10
    [transaction_status] => used
)

2025-02-05T21:27:10+00:00 INFO User in action: 121: Order id: 166, Checkout order processing, transaction data: Array
(
    [order_id] => 166
    [sender] => 1
    [customer] => 121
    [transaction_type] => debit
    [transaction_date] => 2025-02-05 21:27:10
    [transaction_status] => used
)

2025-02-05T21:27:23+00:00 INFO User in action: 121: Order id: 166, Wallet updated: 
2025-02-05T21:27:23+00:00 INFO User in action: 121: Wallet id: 78
