2025-02-06T07:53:37+00:00 INFO User in action: 122: Order id: 167, Checkout order processing, transaction data: Array
(
    [order_id] => 167
    [sender] => 1
    [customer] => 122
    [transaction_type] => debit
    [transaction_date] => 2025-02-06 07:53:37
    [transaction_status] => used
)

2025-02-06T07:53:37+00:00 INFO User in action: 122: Order id: 167, Checkout order processing, transaction data: Array
(
    [order_id] => 167
    [sender] => 1
    [customer] => 122
    [transaction_type] => debit
    [transaction_date] => 2025-02-06 07:53:37
    [transaction_status] => used
)

2025-02-06T07:53:53+00:00 INFO User in action: 122: Order id: 167, Wallet updated: 
2025-02-06T07:53:53+00:00 INFO User in action: 122: Wallet id: 78
2025-02-06T07:59:50+00:00 INFO User in action: 123: Order id: 168, Wallet updated: 
2025-02-06T07:59:50+00:00 INFO User in action: 123: Wallet id: 78
2025-02-06T08:02:21+00:00 INFO User in action: 0: Order id: 169, Wallet updated: 
2025-02-06T08:02:21+00:00 INFO User in action: 0: Wallet id: 78
2025-02-06T08:03:15+00:00 INFO User in action: 0: Order id: 170, Wallet updated: 
2025-02-06T08:03:15+00:00 INFO User in action: 0: Wallet id: 78
2025-02-06T08:03:57+00:00 INFO User in action: 0: Order id: 171, Wallet updated: 
2025-02-06T08:03:57+00:00 INFO User in action: 0: Wallet id: 78
2025-02-06T08:04:52+00:00 INFO User in action: 0: Order id: 172, Wallet updated: 
2025-02-06T08:04:52+00:00 INFO User in action: 0: Wallet id: 78
2025-02-06T08:05:18+00:00 INFO User in action: 0: Order id: 173, Wallet updated: 
2025-02-06T08:05:18+00:00 INFO User in action: 0: Wallet id: 78
2025-02-06T08:06:19+00:00 INFO User in action: 124: Order id: 174, Wallet updated: 
2025-02-06T08:06:19+00:00 INFO User in action: 124: Wallet id: 78
2025-02-06T08:08:39+00:00 INFO User in action: 0: Order id: 175, Wallet updated: 
2025-02-06T08:08:39+00:00 INFO User in action: 0: Wallet id: 78
2025-02-06T08:12:48+00:00 INFO User in action: 125: Order id: 176, Wallet updated: 
2025-02-06T08:12:48+00:00 INFO User in action: 125: Wallet id: 78
2025-02-06T08:19:03+00:00 INFO User in action: 126: Order id: 177, Wallet updated: 
2025-02-06T08:19:03+00:00 INFO User in action: 126: Wallet id: 78
2025-02-06T08:25:24+00:00 INFO User in action: 127: Order id: 178, Wallet updated: 
2025-02-06T08:25:24+00:00 INFO User in action: 127: Wallet id: 78
2025-02-06T08:27:17+00:00 INFO User in action: 128: Order id: 179, Wallet updated: 
2025-02-06T08:27:17+00:00 INFO User in action: 128: Wallet id: 78
2025-02-06T08:30:44+00:00 INFO User in action: 129: Order id: 180, Checkout order processing, transaction data: Array
(
    [order_id] => 180
    [sender] => 1
    [customer] => 129
    [transaction_type] => debit
    [transaction_date] => 2025-02-06 08:30:44
    [transaction_status] => used
)

2025-02-06T08:30:44+00:00 INFO User in action: 129: Order id: 180, Checkout order processing, transaction data: Array
(
    [order_id] => 180
    [sender] => 1
    [customer] => 129
    [transaction_type] => debit
    [transaction_date] => 2025-02-06 08:30:44
    [transaction_status] => used
)

2025-02-06T08:30:57+00:00 INFO User in action: 129: Order id: 180, Wallet updated: 
2025-02-06T08:30:57+00:00 INFO User in action: 129: Wallet id: 78
2025-02-06T10:26:22+00:00 INFO User in action: 130: Order id: 181, Checkout order processing, transaction data: Array
(
    [order_id] => 181
    [sender] => 1
    [customer] => 130
    [transaction_type] => debit
    [transaction_date] => 2025-02-06 10:26:22
    [transaction_status] => used
)

2025-02-06T10:26:22+00:00 INFO User in action: 130: Order id: 181, Checkout order processing, transaction data: Array
(
    [order_id] => 181
    [sender] => 1
    [customer] => 130
    [transaction_type] => debit
    [transaction_date] => 2025-02-06 10:26:22
    [transaction_status] => used
)

2025-02-06T10:26:35+00:00 INFO User in action: 130: Order id: 181, Wallet updated: 
2025-02-06T10:26:35+00:00 INFO User in action: 130: Wallet id: 78
2025-02-06T10:29:50+00:00 INFO User in action: 131: Order id: 182, Checkout order processing, transaction data: Array
(
    [order_id] => 182
    [sender] => 1
    [customer] => 131
    [transaction_type] => debit
    [transaction_date] => 2025-02-06 10:29:50
    [transaction_status] => used
)

2025-02-06T10:29:50+00:00 INFO User in action: 131: Order id: 182, Checkout order processing, transaction data: Array
(
    [order_id] => 182
    [sender] => 1
    [customer] => 131
    [transaction_type] => debit
    [transaction_date] => 2025-02-06 10:29:50
    [transaction_status] => used
)

2025-02-06T10:30:05+00:00 INFO User in action: 131: Order id: 182, Wallet updated: 
2025-02-06T10:30:05+00:00 INFO User in action: 131: Wallet id: 78
2025-02-06T10:32:36+00:00 INFO User in action: 132: Order id: 183, Wallet updated: 
2025-02-06T10:32:36+00:00 INFO User in action: 132: Wallet id: 78
2025-02-06T10:34:31+00:00 INFO User in action: 133: Order id: 184, Checkout order processing, transaction data: Array
(
    [order_id] => 184
    [sender] => 1
    [customer] => 133
    [transaction_type] => debit
    [transaction_date] => 2025-02-06 10:34:31
    [transaction_status] => used
)

2025-02-06T10:34:31+00:00 INFO User in action: 133: Order id: 184, Checkout order processing, transaction data: Array
(
    [order_id] => 184
    [sender] => 1
    [customer] => 133
    [transaction_type] => debit
    [transaction_date] => 2025-02-06 10:34:31
    [transaction_status] => used
)

2025-02-06T10:34:44+00:00 INFO User in action: 133: Order id: 184, Wallet updated: 
2025-02-06T10:34:44+00:00 INFO User in action: 133: Wallet id: 78
2025-02-06T10:39:04+00:00 INFO User in action: 134: Order id: 185, Checkout order processing, transaction data: Array
(
    [order_id] => 185
    [sender] => 1
    [customer] => 134
    [transaction_type] => debit
    [transaction_date] => 2025-02-06 10:39:04
    [transaction_status] => used
)

2025-02-06T10:39:04+00:00 INFO User in action: 134: Order id: 185, Checkout order processing, transaction data: Array
(
    [order_id] => 185
    [sender] => 1
    [customer] => 134
    [transaction_type] => debit
    [transaction_date] => 2025-02-06 10:39:04
    [transaction_status] => used
)

2025-02-06T10:39:17+00:00 INFO User in action: 134: Order id: 185, Wallet updated: 
2025-02-06T10:39:17+00:00 INFO User in action: 134: Wallet id: 78
2025-02-06T10:43:13+00:00 INFO User in action: 135: Order id: 186, Wallet updated: 
2025-02-06T10:43:13+00:00 INFO User in action: 135: Wallet id: 78
2025-02-06T10:45:09+00:00 INFO User in action: 136: Order id: 187, Checkout order processing, transaction data: Array
(
    [order_id] => 187
    [sender] => 1
    [customer] => 136
    [transaction_type] => debit
    [transaction_date] => 2025-02-06 10:45:09
    [transaction_status] => used
)

2025-02-06T10:45:09+00:00 INFO User in action: 136: Order id: 187, Checkout order processing, transaction data: Array
(
    [order_id] => 187
    [sender] => 1
    [customer] => 136
    [transaction_type] => debit
    [transaction_date] => 2025-02-06 10:45:09
    [transaction_status] => used
)

2025-02-06T10:45:23+00:00 INFO User in action: 136: Order id: 187, Wallet updated: 
2025-02-06T10:45:23+00:00 INFO User in action: 136: Wallet id: 78
2025-02-06T12:20:22+00:00 INFO User in action: 138: Order id: 189, Wallet updated: 
2025-02-06T12:20:22+00:00 INFO User in action: 138: Wallet id: 78
