2025-01-15T07:23:55+00:00 INFO User in action: 1: Order id: 116, Checkout order processing, transaction data: Array
(
    [order_id] => 116
    [sender] => 1
    [customer] => 1
    [transaction_type] => debit
    [transaction_date] => 2025-01-15 07:23:55
    [transaction_status] => used
)

2025-01-15T07:23:55+00:00 INFO User in action: 1: Order id: 116, Checkout order processing, transaction data: Array
(
    [order_id] => 116
    [sender] => 1
    [customer] => 1
    [transaction_type] => debit
    [transaction_date] => 2025-01-15 07:23:55
    [transaction_status] => used
)

2025-01-15T07:36:44+00:00 INFO User in action: 1: Order id: 116, Wallet updated: 
2025-01-15T07:36:44+00:00 INFO User in action: 1: Wallet id: 13
2025-01-15T07:42:59+00:00 INFO User in action: 1: Set get_transactions Cached group: wkwc_wallet_transactions, Cached key: customer_id_1
2025-01-15T07:42:59+00:00 INFO User in action: 1: Set get_transactions Cached group: wkwc_wallet_transactions, Cached key: customer_1_10_0
2025-01-15T10:19:00+00:00 INFO User in action: 7: Order id: 117, Checkout order processing, transaction data: Array
(
    [order_id] => 117
    [sender] => 1
    [customer] => 7
    [transaction_type] => debit
    [transaction_date] => 2025-01-15 10:19:00
    [transaction_status] => used
)

2025-01-15T10:19:00+00:00 INFO User in action: 7: Order id: 117, Checkout order processing, transaction data: Array
(
    [order_id] => 117
    [sender] => 1
    [customer] => 7
    [transaction_type] => debit
    [transaction_date] => 2025-01-15 10:19:00
    [transaction_status] => used
)

2025-01-15T10:19:50+00:00 INFO User in action: 1: Order id: 117, Wallet updated: 
2025-01-15T10:19:50+00:00 INFO User in action: 1: Wallet id: 13
2025-01-15T10:39:17+00:00 INFO User in action: 8: Order id: 119, Checkout order processing, transaction data: Array
(
    [order_id] => 119
    [sender] => 1
    [customer] => 8
    [transaction_type] => debit
    [transaction_date] => 2025-01-15 10:39:17
    [transaction_status] => used
)

2025-01-15T10:39:17+00:00 INFO User in action: 8: Order id: 119, Checkout order processing, transaction data: Array
(
    [order_id] => 119
    [sender] => 1
    [customer] => 8
    [transaction_type] => debit
    [transaction_date] => 2025-01-15 10:39:17
    [transaction_status] => used
)

2025-01-15T10:39:22+00:00 INFO User in action: 8: Order id: 119, Wallet updated: 
2025-01-15T10:39:22+00:00 INFO User in action: 8: Wallet id: 13
