2025-01-31T07:02:17+00:00 INFO User in action: 0: Order id: 129, Wallet updated: 
2025-01-31T07:02:17+00:00 INFO User in action: 0: Wallet id: 78
2025-01-31T07:04:15+00:00 INFO User in action: 0: Order id: 130, Wallet updated: 
2025-01-31T07:04:15+00:00 INFO User in action: 0: Wallet id: 78
2025-01-31T07:19:35+00:00 INFO User in action: 58: Order id: 131, Checkout order processing, transaction data: Array
(
    [order_id] => 131
    [sender] => 1
    [customer] => 58
    [transaction_type] => debit
    [transaction_date] => 2025-01-31 07:19:35
    [transaction_status] => used
)

2025-01-31T07:19:35+00:00 INFO User in action: 58: Order id: 131, Checkout order processing, transaction data: Array
(
    [order_id] => 131
    [sender] => 1
    [customer] => 58
    [transaction_type] => debit
    [transaction_date] => 2025-01-31 07:19:35
    [transaction_status] => used
)

2025-01-31T07:19:47+00:00 INFO User in action: 58: Order id: 131, Wallet updated: 
2025-01-31T07:19:47+00:00 INFO User in action: 58: Wallet id: 78
2025-01-31T10:23:14+00:00 INFO User in action: 59: Order id: 132, Checkout order processing, transaction data: Array
(
    [order_id] => 132
    [sender] => 1
    [customer] => 59
    [transaction_type] => debit
    [transaction_date] => 2025-01-31 10:23:14
    [transaction_status] => used
)

2025-01-31T10:23:14+00:00 INFO User in action: 59: Order id: 132, Checkout order processing, transaction data: Array
(
    [order_id] => 132
    [sender] => 1
    [customer] => 59
    [transaction_type] => debit
    [transaction_date] => 2025-01-31 10:23:14
    [transaction_status] => used
)

2025-01-31T10:23:26+00:00 INFO User in action: 59: Order id: 132, Wallet updated: 
2025-01-31T10:23:26+00:00 INFO User in action: 59: Wallet id: 78
2025-01-31T11:49:24+00:00 INFO User in action: 60: Order id: 133, Checkout order processing, transaction data: Array
(
    [order_id] => 133
    [sender] => 1
    [customer] => 60
    [transaction_type] => debit
    [transaction_date] => 2025-01-31 11:49:24
    [transaction_status] => used
)

2025-01-31T11:49:24+00:00 INFO User in action: 60: Order id: 133, Checkout order processing, transaction data: Array
(
    [order_id] => 133
    [sender] => 1
    [customer] => 60
    [transaction_type] => debit
    [transaction_date] => 2025-01-31 11:49:24
    [transaction_status] => used
)

2025-01-31T11:49:36+00:00 INFO User in action: 60: Order id: 133, Wallet updated: 
2025-01-31T11:49:36+00:00 INFO User in action: 60: Wallet id: 78
2025-01-31T12:00:05+00:00 INFO User in action: 61: Order id: 134, Checkout order processing, transaction data: Array
(
    [order_id] => 134
    [sender] => 1
    [customer] => 61
    [transaction_type] => debit
    [transaction_date] => 2025-01-31 12:00:05
    [transaction_status] => used
)

2025-01-31T12:00:05+00:00 INFO User in action: 61: Order id: 134, Checkout order processing, transaction data: Array
(
    [order_id] => 134
    [sender] => 1
    [customer] => 61
    [transaction_type] => debit
    [transaction_date] => 2025-01-31 12:00:05
    [transaction_status] => used
)

2025-01-31T12:48:07+00:00 INFO User in action: 0: Order id: 135, Wallet updated: 
2025-01-31T12:48:07+00:00 INFO User in action: 0: Wallet id: 78
2025-01-31T13:58:31+00:00 INFO User in action: 0: Order id: 137, Wallet updated: 
2025-01-31T13:58:31+00:00 INFO User in action: 0: Wallet id: 78
2025-01-31T14:11:02+00:00 INFO User in action: 0: Order id: 138, Wallet updated: 
2025-01-31T14:11:02+00:00 INFO User in action: 0: Wallet id: 78
2025-01-31T14:18:51+00:00 INFO User in action: 0: Order id: 139, Wallet updated: 
2025-01-31T14:18:51+00:00 INFO User in action: 0: Wallet id: 78
2025-01-31T14:32:05+00:00 INFO User in action: 0: Order id: 140, Wallet updated: 
2025-01-31T14:32:05+00:00 INFO User in action: 0: Wallet id: 78
2025-01-31T14:40:27+00:00 INFO User in action: 0: Order id: 141, Wallet updated: 
2025-01-31T14:40:27+00:00 INFO User in action: 0: Wallet id: 78
2025-01-31T15:08:45+00:00 INFO User in action: 0: Order id: 142, Wallet updated: 
2025-01-31T15:08:45+00:00 INFO User in action: 0: Wallet id: 78
2025-01-31T15:11:30+00:00 INFO User in action: 80: Order id: 143, Checkout order processing, transaction data: Array
(
    [order_id] => 143
    [sender] => 1
    [customer] => 80
    [transaction_type] => debit
    [transaction_date] => 2025-01-31 15:11:30
    [transaction_status] => used
)

2025-01-31T15:11:30+00:00 INFO User in action: 80: Order id: 143, Checkout order processing, transaction data: Array
(
    [order_id] => 143
    [sender] => 1
    [customer] => 80
    [transaction_type] => debit
    [transaction_date] => 2025-01-31 15:11:30
    [transaction_status] => used
)

2025-01-31T15:14:41+00:00 INFO User in action: 81: Order id: 144, Checkout order processing, transaction data: Array
(
    [order_id] => 144
    [sender] => 1
    [customer] => 81
    [transaction_type] => debit
    [transaction_date] => 2025-01-31 15:14:41
    [transaction_status] => used
)

2025-01-31T15:14:41+00:00 INFO User in action: 81: Order id: 144, Checkout order processing, transaction data: Array
(
    [order_id] => 144
    [sender] => 1
    [customer] => 81
    [transaction_type] => debit
    [transaction_date] => 2025-01-31 15:14:41
    [transaction_status] => used
)

2025-01-31T15:18:06+00:00 INFO User in action: 0: Order id: 145, Wallet updated: 
2025-01-31T15:18:06+00:00 INFO User in action: 0: Wallet id: 78
2025-01-31T15:36:41+00:00 INFO User in action: 0: Order id: 146, Wallet updated: 
2025-01-31T15:36:41+00:00 INFO User in action: 0: Wallet id: 78
2025-01-31T15:48:44+00:00 INFO User in action: 0: Order id: 147, Wallet updated: 
2025-01-31T15:48:44+00:00 INFO User in action: 0: Wallet id: 78
2025-01-31T16:27:58+00:00 INFO User in action: 0: Order id: 148, Wallet updated: 
2025-01-31T16:27:58+00:00 INFO User in action: 0: Wallet id: 78
2025-01-31T16:33:39+00:00 INFO User in action: 91: Order id: 150, Checkout order processing, transaction data: Array
(
    [order_id] => 150
    [sender] => 1
    [customer] => 91
    [transaction_type] => debit
    [transaction_date] => 2025-01-31 16:33:39
    [transaction_status] => used
)

2025-01-31T16:33:39+00:00 INFO User in action: 91: Order id: 150, Checkout order processing, transaction data: Array
(
    [order_id] => 150
    [sender] => 1
    [customer] => 91
    [transaction_type] => debit
    [transaction_date] => 2025-01-31 16:33:39
    [transaction_status] => used
)

2025-01-31T16:35:46+00:00 INFO User in action: 1: Order id: 150, Wallet updated: 
2025-01-31T16:35:46+00:00 INFO User in action: 1: Wallet id: 78
2025-01-31T16:38:57+00:00 INFO User in action: 92: Order id: 151, Checkout order processing, transaction data: Array
(
    [order_id] => 151
    [sender] => 1
    [customer] => 92
    [transaction_type] => debit
    [transaction_date] => 2025-01-31 16:38:57
    [transaction_status] => used
)

2025-01-31T16:38:57+00:00 INFO User in action: 92: Order id: 151, Checkout order processing, transaction data: Array
(
    [order_id] => 151
    [sender] => 1
    [customer] => 92
    [transaction_type] => debit
    [transaction_date] => 2025-01-31 16:38:57
    [transaction_status] => used
)

2025-01-31T19:00:11+00:00 INFO User in action: 0: Order id: 152, Wallet updated: 
2025-01-31T19:00:11+00:00 INFO User in action: 0: Wallet id: 78
2025-01-31T19:02:17+00:00 INFO User in action: 94: Order id: 153, Checkout order processing, transaction data: Array
(
    [order_id] => 153
    [sender] => 1
    [customer] => 94
    [transaction_type] => debit
    [transaction_date] => 2025-01-31 19:02:17
    [transaction_status] => used
)

2025-01-31T19:02:17+00:00 INFO User in action: 94: Order id: 153, Checkout order processing, transaction data: Array
(
    [order_id] => 153
    [sender] => 1
    [customer] => 94
    [transaction_type] => debit
    [transaction_date] => 2025-01-31 19:02:17
    [transaction_status] => used
)

2025-01-31T19:02:23+00:00 INFO User in action: 94: Order id: 153, Wallet updated: 
2025-01-31T19:02:23+00:00 INFO User in action: 94: Wallet id: 78
2025-01-31T19:32:39+00:00 INFO User in action: 0: Order id: 154, Wallet updated: 
2025-01-31T19:32:39+00:00 INFO User in action: 0: Wallet id: 78
2025-01-31T19:41:37+00:00 INFO User in action: 0: Order id: 155, Wallet updated: 
2025-01-31T19:41:37+00:00 INFO User in action: 0: Wallet id: 78
2025-01-31T19:50:04+00:00 INFO User in action: 0: Order id: 156, Wallet updated: 
2025-01-31T19:50:04+00:00 INFO User in action: 0: Wallet id: 78
2025-01-31T20:00:21+00:00 INFO User in action: 0: Order id: 157, Wallet updated: 
2025-01-31T20:00:21+00:00 INFO User in action: 0: Wallet id: 78
2025-01-31T20:02:47+00:00 INFO User in action: 106: Order id: 158, Checkout order processing, transaction data: Array
(
    [order_id] => 158
    [sender] => 1
    [customer] => 106
    [transaction_type] => debit
    [transaction_date] => 2025-01-31 20:02:47
    [transaction_status] => used
)

2025-01-31T20:02:47+00:00 INFO User in action: 106: Order id: 158, Checkout order processing, transaction data: Array
(
    [order_id] => 158
    [sender] => 1
    [customer] => 106
    [transaction_type] => debit
    [transaction_date] => 2025-01-31 20:02:47
    [transaction_status] => used
)

2025-01-31T20:02:59+00:00 INFO User in action: 106: Order id: 158, Wallet updated: 
2025-01-31T20:02:59+00:00 INFO User in action: 106: Wallet id: 78
