2025-02-04T18:21:59+00:00 INFO User in action: 1: Order id: 162, Wallet updated: 
2025-02-04T18:21:59+00:00 INFO User in action: 1: Wallet id: 78
2025-02-04T18:29:07+00:00 INFO User in action: 1: Order id: 160, Wallet updated: 
2025-02-04T18:29:07+00:00 INFO User in action: 1: Wallet id: 78
2025-02-04T18:35:37+00:00 INFO User in action: 1: Order id: 163, Wallet updated: 
2025-02-04T18:35:37+00:00 INFO User in action: 1: Wallet id: 78
2025-02-04T18:39:00+00:00 INFO User in action: 112: Order id: 164, Wallet updated: 
2025-02-04T18:39:00+00:00 INFO User in action: 112: Wallet id: 78
2025-02-04T18:42:24+00:00 INFO User in action: 113: Order id: 166, Wallet updated: 
2025-02-04T18:42:24+00:00 INFO User in action: 113: Wallet id: 78
2025-02-04T18:43:30+00:00 INFO User in action: 114: Order id: 167, Wallet updated: 
2025-02-04T18:43:30+00:00 INFO User in action: 114: Wallet id: 78
2025-02-04T18:45:19+00:00 INFO User in action: 115: Order id: 168, Wallet updated: 
2025-02-04T18:45:19+00:00 INFO User in action: 115: Wallet id: 78
2025-02-04T21:30:41+00:00 INFO User in action: 116: Order id: 169, Wallet updated: 
2025-02-04T21:30:41+00:00 INFO User in action: 116: Wallet id: 78
2025-02-04T23:00:08+00:00 INFO User in action: 1: Order id: 171, Wallet updated: 
2025-02-04T23:00:08+00:00 INFO User in action: 1: Wallet id: 78
2025-02-04T23:18:05+00:00 INFO User in action: 109: Order id: 159, Wallet updated: 
2025-02-04T23:18:05+00:00 INFO User in action: 109: Wallet id: 78
2025-02-04T23:46:26+00:00 INFO User in action: 115: Order id: 162, Checkout order processing, transaction data: Array
(
    [order_id] => 162
    [sender] => 1
    [customer] => 115
    [transaction_type] => debit
    [transaction_date] => 2025-02-04 23:46:26
    [transaction_status] => used
)

2025-02-04T23:46:26+00:00 INFO User in action: 115: Order id: 162, Checkout order processing, transaction data: Array
(
    [order_id] => 162
    [sender] => 1
    [customer] => 115
    [transaction_type] => debit
    [transaction_date] => 2025-02-04 23:46:26
    [transaction_status] => used
)

2025-02-04T23:46:42+00:00 INFO User in action: 115: Order id: 162, Wallet updated: 
2025-02-04T23:46:42+00:00 INFO User in action: 115: Wallet id: 78
