2025-01-27T10:47:20+00:00 INFO User in action: 0: Order id: 112, Wallet updated: 
2025-01-27T10:47:20+00:00 INFO User in action: 0: Wallet id: 78
2025-01-27T10:52:48+00:00 INFO User in action: 0: Order id: 113, Wallet updated: 
2025-01-27T10:52:48+00:00 INFO User in action: 0: Wallet id: 78
2025-01-27T11:37:51+00:00 INFO User in action: 0: Order id: 114, Wallet updated: 
2025-01-27T11:37:51+00:00 INFO User in action: 0: Wallet id: 78
2025-01-27T11:58:00+00:00 INFO User in action: 44: Order id: 115, Checkout order processing, transaction data: Array
(
    [order_id] => 115
    [sender] => 1
    [customer] => 44
    [transaction_type] => debit
    [transaction_date] => 2025-01-27 11:58:00
    [transaction_status] => used
)

2025-01-27T11:58:00+00:00 INFO User in action: 44: Order id: 115, Checkout order processing, transaction data: Array
(
    [order_id] => 115
    [sender] => 1
    [customer] => 44
    [transaction_type] => debit
    [transaction_date] => 2025-01-27 11:58:00
    [transaction_status] => used
)

2025-01-27T11:58:12+00:00 INFO User in action: 44: Order id: 115, Wallet updated: 
2025-01-27T11:58:12+00:00 INFO User in action: 44: Wallet id: 78
2025-01-27T17:59:39+00:00 INFO User in action: 46: Order id: 116, Checkout order processing, transaction data: Array
(
    [order_id] => 116
    [sender] => 1
    [customer] => 46
    [transaction_type] => debit
    [transaction_date] => 2025-01-27 17:59:39
    [transaction_status] => used
)

2025-01-27T17:59:39+00:00 INFO User in action: 46: Order id: 116, Checkout order processing, transaction data: Array
(
    [order_id] => 116
    [sender] => 1
    [customer] => 46
    [transaction_type] => debit
    [transaction_date] => 2025-01-27 17:59:39
    [transaction_status] => used
)

2025-01-27T17:59:55+00:00 INFO User in action: 46: Order id: 116, Wallet updated: 
2025-01-27T17:59:55+00:00 INFO User in action: 46: Wallet id: 78
