2025-01-30T10:10:56+00:00 INFO User in action: 0: Order id: 122, Wallet updated: 
2025-01-30T10:10:56+00:00 INFO User in action: 0: Wallet id: 78
2025-01-30T10:15:10+00:00 INFO User in action: 52: Order id: 123, Checkout order processing, transaction data: Array
(
    [order_id] => 123
    [sender] => 1
    [customer] => 52
    [transaction_type] => debit
    [transaction_date] => 2025-01-30 10:15:10
    [transaction_status] => used
)

2025-01-30T10:15:10+00:00 INFO User in action: 52: Order id: 123, Checkout order processing, transaction data: Array
(
    [order_id] => 123
    [sender] => 1
    [customer] => 52
    [transaction_type] => debit
    [transaction_date] => 2025-01-30 10:15:10
    [transaction_status] => used
)

2025-01-30T10:15:22+00:00 INFO User in action: 52: Order id: 123, Wallet updated: 
2025-01-30T10:15:22+00:00 INFO User in action: 52: Wallet id: 78
2025-01-30T10:27:36+00:00 INFO User in action: 53: Order id: 124, Checkout order processing, transaction data: Array
(
    [order_id] => 124
    [sender] => 1
    [customer] => 53
    [transaction_type] => debit
    [transaction_date] => 2025-01-30 10:27:36
    [transaction_status] => used
)

2025-01-30T10:27:36+00:00 INFO User in action: 53: Order id: 124, Checkout order processing, transaction data: Array
(
    [order_id] => 124
    [sender] => 1
    [customer] => 53
    [transaction_type] => debit
    [transaction_date] => 2025-01-30 10:27:36
    [transaction_status] => used
)

2025-01-30T10:27:47+00:00 INFO User in action: 53: Order id: 124, Wallet updated: 
2025-01-30T10:27:47+00:00 INFO User in action: 53: Wallet id: 78
2025-01-30T11:46:09+00:00 INFO User in action: 54: Order id: 126, Checkout order processing, transaction data: Array
(
    [order_id] => 126
    [sender] => 1
    [customer] => 54
    [transaction_type] => debit
    [transaction_date] => 2025-01-30 11:46:09
    [transaction_status] => used
)

2025-01-30T11:46:09+00:00 INFO User in action: 54: Order id: 126, Checkout order processing, transaction data: Array
(
    [order_id] => 126
    [sender] => 1
    [customer] => 54
    [transaction_type] => debit
    [transaction_date] => 2025-01-30 11:46:09
    [transaction_status] => used
)

2025-01-30T11:46:21+00:00 INFO User in action: 54: Order id: 126, Wallet updated: 
2025-01-30T11:46:21+00:00 INFO User in action: 54: Wallet id: 78
2025-01-30T19:22:23+00:00 INFO User in action: 55: Order id: 128, Checkout order processing, transaction data: Array
(
    [order_id] => 128
    [sender] => 1
    [customer] => 55
    [transaction_type] => debit
    [transaction_date] => 2025-01-30 19:22:23
    [transaction_status] => used
)

2025-01-30T19:22:24+00:00 INFO User in action: 55: Order id: 128, Checkout order processing, transaction data: Array
(
    [order_id] => 128
    [sender] => 1
    [customer] => 55
    [transaction_type] => debit
    [transaction_date] => 2025-01-30 19:22:23
    [transaction_status] => used
)

2025-01-30T19:22:38+00:00 INFO User in action: 55: Order id: 128, Wallet updated: 
2025-01-30T19:22:38+00:00 INFO User in action: 55: Wallet id: 78
