2025-02-20T16:58:30+00:00 INFO User in action: 111: Order id: 162, Wallet updated: 
2025-02-20T16:58:30+00:00 INFO User in action: 111: Wallet id: 78
2025-02-20T17:00:02+00:00 INFO User in action: 112: Order id: 163, Checkout order processing, transaction data: Array
(
    [order_id] => 163
    [sender] => 1
    [customer] => 112
    [transaction_type] => debit
    [transaction_date] => 2025-02-20 17:00:02
    [transaction_status] => used
)

2025-02-20T17:00:02+00:00 INFO User in action: 112: Order id: 163, Checkout order processing, transaction data: Array
(
    [order_id] => 163
    [sender] => 1
    [customer] => 112
    [transaction_type] => debit
    [transaction_date] => 2025-02-20 17:00:02
    [transaction_status] => used
)

2025-02-20T17:00:18+00:00 INFO User in action: 112: Order id: 163, Wallet updated: 
2025-02-20T17:00:18+00:00 INFO User in action: 112: Wallet id: 78
2025-02-20T17:05:25+00:00 INFO User in action: 113: Order id: 164, Checkout order processing, transaction data: Array
(
    [order_id] => 164
    [sender] => 1
    [customer] => 113
    [transaction_type] => debit
    [transaction_date] => 2025-02-20 17:05:25
    [transaction_status] => used
)

2025-02-20T17:05:25+00:00 INFO User in action: 113: Order id: 164, Checkout order processing, transaction data: Array
(
    [order_id] => 164
    [sender] => 1
    [customer] => 113
    [transaction_type] => debit
    [transaction_date] => 2025-02-20 17:05:25
    [transaction_status] => used
)

2025-02-20T17:05:37+00:00 INFO User in action: 113: Order id: 164, Wallet updated: 
2025-02-20T17:05:37+00:00 INFO User in action: 113: Wallet id: 78
2025-02-20T17:16:28+00:00 INFO User in action: 134: Order id: 186, Wallet updated: 
2025-02-20T17:16:28+00:00 INFO User in action: 134: Wallet id: 78
2025-02-20T17:17:54+00:00 INFO User in action: 135: Order id: 187, Checkout order processing, transaction data: Array
(
    [order_id] => 187
    [sender] => 1
    [customer] => 135
    [transaction_type] => debit
    [transaction_date] => 2025-02-20 17:17:54
    [transaction_status] => used
)

2025-02-20T17:17:54+00:00 INFO User in action: 135: Order id: 187, Checkout order processing, transaction data: Array
(
    [order_id] => 187
    [sender] => 1
    [customer] => 135
    [transaction_type] => debit
    [transaction_date] => 2025-02-20 17:17:54
    [transaction_status] => used
)

2025-02-20T17:18:06+00:00 INFO User in action: 135: Order id: 187, Wallet updated: 
2025-02-20T17:18:06+00:00 INFO User in action: 135: Wallet id: 78
2025-02-20T17:48:54+00:00 INFO User in action: 136: Order id: 188, Checkout order processing, transaction data: Array
(
    [order_id] => 188
    [sender] => 1
    [customer] => 136
    [transaction_type] => debit
    [transaction_date] => 2025-02-20 17:48:54
    [transaction_status] => used
)

2025-02-20T17:48:54+00:00 INFO User in action: 136: Order id: 188, Checkout order processing, transaction data: Array
(
    [order_id] => 188
    [sender] => 1
    [customer] => 136
    [transaction_type] => debit
    [transaction_date] => 2025-02-20 17:48:54
    [transaction_status] => used
)

2025-02-20T17:49:07+00:00 INFO User in action: 136: Order id: 188, Wallet updated: 
2025-02-20T17:49:07+00:00 INFO User in action: 136: Wallet id: 78
2025-02-20T18:08:17+00:00 INFO User in action: 134: Order id: 186, Wallet updated: 
2025-02-20T18:08:17+00:00 INFO User in action: 134: Wallet id: 78
2025-02-20T18:09:40+00:00 INFO User in action: 135: Order id: 187, Checkout order processing, transaction data: Array
(
    [order_id] => 187
    [sender] => 1
    [customer] => 135
    [transaction_type] => debit
    [transaction_date] => 2025-02-20 18:09:40
    [transaction_status] => used
)
2025-02-20T18:09:40+00:00 INFO User in action: 135: Order id: 187, Checkout order processing, transaction data: Array
(
    [order_id] => 187
    [sender] => 1
    [customer] => 135
    [transaction_type] => debit
    [transaction_date] => 2025-02-20 18:09:40
    [transaction_status] => used
)
2025-02-20T18:10:16+00:00 INFO User in action: 135: Order id: 187, Wallet updated: 
2025-02-20T18:10:16+00:00 INFO User in action: 135: Wallet id: 78
