2025-01-29T12:43:23+00:00 INFO User in action: 47: Order id: 118, Checkout order processing, transaction data: Array
(
    [order_id] => 118
    [sender] => 1
    [customer] => 47
    [transaction_type] => debit
    [transaction_date] => 2025-01-29 12:43:23
    [transaction_status] => used
)

2025-01-29T12:43:23+00:00 INFO User in action: 47: Order id: 118, Checkout order processing, transaction data: Array
(
    [order_id] => 118
    [sender] => 1
    [customer] => 47
    [transaction_type] => debit
    [transaction_date] => 2025-01-29 12:43:23
    [transaction_status] => used
)

2025-01-29T12:43:38+00:00 INFO User in action: 47: Order id: 118, Wallet updated: 
2025-01-29T12:43:38+00:00 INFO User in action: 47: Wallet id: 78
2025-01-29T15:55:00+00:00 INFO User in action: 48: Order id: 119, Checkout order processing, transaction data: Array
(
    [order_id] => 119
    [sender] => 1
    [customer] => 48
    [transaction_type] => debit
    [transaction_date] => 2025-01-29 15:55:00
    [transaction_status] => used
)

2025-01-29T15:55:00+00:00 INFO User in action: 48: Order id: 119, Checkout order processing, transaction data: Array
(
    [order_id] => 119
    [sender] => 1
    [customer] => 48
    [transaction_type] => debit
    [transaction_date] => 2025-01-29 15:55:00
    [transaction_status] => used
)

2025-01-29T15:55:12+00:00 INFO User in action: 48: Order id: 119, Wallet updated: 
2025-01-29T15:55:12+00:00 INFO User in action: 48: Wallet id: 78
2025-01-29T16:22:10+00:00 INFO User in action: 49: Order id: 120, Checkout order processing, transaction data: Array
(
    [order_id] => 120
    [sender] => 1
    [customer] => 49
    [transaction_type] => debit
    [transaction_date] => 2025-01-29 16:22:10
    [transaction_status] => used
)

2025-01-29T16:22:10+00:00 INFO User in action: 49: Order id: 120, Checkout order processing, transaction data: Array
(
    [order_id] => 120
    [sender] => 1
    [customer] => 49
    [transaction_type] => debit
    [transaction_date] => 2025-01-29 16:22:10
    [transaction_status] => used
)

2025-01-29T16:22:22+00:00 INFO User in action: 49: Order id: 120, Wallet updated: 
2025-01-29T16:22:22+00:00 INFO User in action: 49: Wallet id: 78
2025-01-29T16:26:56+00:00 INFO User in action: 50: Order id: 121, Checkout order processing, transaction data: Array
(
    [order_id] => 121
    [sender] => 1
    [customer] => 50
    [transaction_type] => debit
    [transaction_date] => 2025-01-29 16:26:56
    [transaction_status] => used
)

2025-01-29T16:26:56+00:00 INFO User in action: 50: Order id: 121, Checkout order processing, transaction data: Array
(
    [order_id] => 121
    [sender] => 1
    [customer] => 50
    [transaction_type] => debit
    [transaction_date] => 2025-01-29 16:26:56
    [transaction_status] => used
)

2025-01-29T16:27:07+00:00 INFO User in action: 50: Order id: 121, Wallet updated: 
2025-01-29T16:27:07+00:00 INFO User in action: 50: Wallet id: 78
