2025-01-20T06:25:55+00:00 INFO User in action: 9: Order id: 128, Checkout order processing, transaction data: Array
(
    [order_id] => 128
    [sender] => 1
    [customer] => 9
    [transaction_type] => debit
    [transaction_date] => 2025-01-20 06:25:55
    [transaction_status] => used
)

2025-01-20T06:25:55+00:00 INFO User in action: 9: Order id: 128, Checkout order processing, transaction data: Array
(
    [order_id] => 128
    [sender] => 1
    [customer] => 9
    [transaction_type] => debit
    [transaction_date] => 2025-01-20 06:25:55
    [transaction_status] => used
)

2025-01-20T06:26:06+00:00 INFO User in action: 9: Order id: 128, Wallet updated: 
2025-01-20T06:26:06+00:00 INFO User in action: 9: Wallet id: 13
2025-01-20T10:08:49+00:00 INFO User in action: 10: Order id: 142, Wallet updated: 
2025-01-20T10:08:49+00:00 INFO User in action: 10: Wallet id: 13
2025-01-20T10:09:02+00:00 INFO User in action: 1: Order id: 143, Wallet updated: 
2025-01-20T10:09:02+00:00 INFO User in action: 1: Wallet id: 13
2025-01-20T10:09:03+00:00 INFO User in action: 1: Order id: 144, Wallet updated: 
2025-01-20T10:09:03+00:00 INFO User in action: 1: Wallet id: 13
2025-01-20T10:09:05+00:00 INFO User in action: 10: Order id: 145, Wallet updated: 
2025-01-20T10:09:05+00:00 INFO User in action: 10: Wallet id: 13
2025-01-20T10:09:17+00:00 INFO User in action: 1: Order id: 146, Wallet updated: 
2025-01-20T10:09:17+00:00 INFO User in action: 1: Wallet id: 13
2025-01-20T10:09:18+00:00 INFO User in action: 1: Order id: 147, Wallet updated: 
2025-01-20T10:09:18+00:00 INFO User in action: 1: Wallet id: 13
2025-01-20T10:09:18+00:00 INFO User in action: 1: Order id: 148, Wallet updated: 
2025-01-20T10:09:18+00:00 INFO User in action: 1: Wallet id: 13
2025-01-20T10:09:20+00:00 INFO User in action: 10: Order id: 149, Wallet updated: 
2025-01-20T10:09:20+00:00 INFO User in action: 10: Wallet id: 13
2025-01-20T10:09:32+00:00 INFO User in action: 1: Order id: 150, Wallet updated: 
2025-01-20T10:09:32+00:00 INFO User in action: 1: Wallet id: 13
2025-01-20T10:09:33+00:00 INFO User in action: 1: Order id: 151, Wallet updated: 
2025-01-20T10:09:33+00:00 INFO User in action: 1: Wallet id: 13
2025-01-20T11:32:20+00:00 INFO User in action: 13: Order id: 153, Wallet updated: 
2025-01-20T11:32:20+00:00 INFO User in action: 13: Wallet id: 13
2025-01-20T11:32:36+00:00 INFO User in action: 13: Order id: 154, Wallet updated: 
2025-01-20T11:32:36+00:00 INFO User in action: 13: Wallet id: 13
2025-01-20T11:32:37+00:00 INFO User in action: 1: Order id: 155, Wallet updated: 
2025-01-20T11:32:37+00:00 INFO User in action: 1: Wallet id: 13
2025-01-20T11:35:30+00:00 INFO User in action: 1: Order id: 156, Wallet updated: 
2025-01-20T11:35:30+00:00 INFO User in action: 1: Wallet id: 13
2025-01-20T11:35:41+00:00 INFO User in action: 1: Order id: 157, Wallet updated: 
2025-01-20T11:35:41+00:00 INFO User in action: 1: Wallet id: 13
2025-01-20T11:35:46+00:00 INFO User in action: 1: Order id: 158, Wallet updated: 
2025-01-20T11:35:46+00:00 INFO User in action: 1: Wallet id: 13
2025-01-20T11:35:46+00:00 INFO User in action: 1: Order id: 159, Wallet updated: 
2025-01-20T11:35:46+00:00 INFO User in action: 1: Wallet id: 13
2025-01-20T11:35:56+00:00 INFO User in action: 1: Order id: 160, Wallet updated: 
2025-01-20T11:35:56+00:00 INFO User in action: 1: Wallet id: 13
2025-01-20T11:36:40+00:00 INFO User in action: 1: Order id: 161, Wallet updated: 
2025-01-20T11:36:40+00:00 INFO User in action: 1: Wallet id: 13
2025-01-20T11:36:56+00:00 INFO User in action: 1: Order id: 162, Wallet updated: 
2025-01-20T11:36:56+00:00 INFO User in action: 1: Wallet id: 13
2025-01-20T11:36:56+00:00 INFO User in action: 1: Order id: 163, Wallet updated: 
2025-01-20T11:36:56+00:00 INFO User in action: 1: Wallet id: 13
2025-01-20T11:46:00+00:00 INFO User in action: 0: Order id: 164, Wallet updated: 
2025-01-20T11:46:00+00:00 INFO User in action: 0: Wallet id: 13
